2026-05-17 23:04:09.407 +06:00 [WRN] Entity 'Cattle' has a global query filter defined and is the required end of a relationship with the entity 'Appointment'. This may lead to unexpected results when the required entity is filtered out. Either configure the navigation as optional, or define matching query filters for both entities in the navigation. See https://go.microsoft.com/fwlink/?linkid=2131316 for more information.
2026-05-17 23:04:09.423 +06:00 [WRN] Entity 'Cattle' has a global query filter defined and is the required end of a relationship with the entity 'MedicineRecord'. This may lead to unexpected results when the required entity is filtered out. Either configure the navigation as optional, or define matching query filters for both entities in the navigation. See https://go.microsoft.com/fwlink/?linkid=2131316 for more information.
2026-05-17 23:04:09.424 +06:00 [WRN] Entity 'Cattle' has a global query filter defined and is the required end of a relationship with the entity 'MilkProduction'. This may lead to unexpected results when the required entity is filtered out. Either configure the navigation as optional, or define matching query filters for both entities in the navigation. See https://go.microsoft.com/fwlink/?linkid=2131316 for more information.
2026-05-17 23:04:09.424 +06:00 [WRN] Entity 'User' has a global query filter defined and is the required end of a relationship with the entity 'Notification'. This may lead to unexpected results when the required entity is filtered out. Either configure the navigation as optional, or define matching query filters for both entities in the navigation. See https://go.microsoft.com/fwlink/?linkid=2131316 for more information.
2026-05-17 23:04:09.424 +06:00 [WRN] Entity 'User' has a global query filter defined and is the required end of a relationship with the entity 'Order'. This may lead to unexpected results when the required entity is filtered out. Either configure the navigation as optional, or define matching query filters for both entities in the navigation. See https://go.microsoft.com/fwlink/?linkid=2131316 for more information.
2026-05-17 23:04:09.424 +06:00 [WRN] Entity 'Product' has a global query filter defined and is the required end of a relationship with the entity 'OrderItem'. This may lead to unexpected results when the required entity is filtered out. Either configure the navigation as optional, or define matching query filters for both entities in the navigation. See https://go.microsoft.com/fwlink/?linkid=2131316 for more information.
2026-05-17 23:04:09.424 +06:00 [WRN] Entity 'User' has a global query filter defined and is the required end of a relationship with the entity 'Payment'. This may lead to unexpected results when the required entity is filtered out. Either configure the navigation as optional, or define matching query filters for both entities in the navigation. See https://go.microsoft.com/fwlink/?linkid=2131316 for more information.
2026-05-17 23:04:09.424 +06:00 [WRN] Entity 'User' has a global query filter defined and is the required end of a relationship with the entity 'Subscription'. This may lead to unexpected results when the required entity is filtered out. Either configure the navigation as optional, or define matching query filters for both entities in the navigation. See https://go.microsoft.com/fwlink/?linkid=2131316 for more information.
2026-05-17 23:04:09.424 +06:00 [WRN] Entity 'Cattle' has a global query filter defined and is the required end of a relationship with the entity 'Vaccination'. This may lead to unexpected results when the required entity is filtered out. Either configure the navigation as optional, or define matching query filters for both entities in the navigation. See https://go.microsoft.com/fwlink/?linkid=2131316 for more information.
2026-05-17 23:04:09.424 +06:00 [WRN] Entity 'Worker' has a global query filter defined and is the required end of a relationship with the entity 'WorkerAttendance'. This may lead to unexpected results when the required entity is filtered out. Either configure the navigation as optional, or define matching query filters for both entities in the navigation. See https://go.microsoft.com/fwlink/?linkid=2131316 for more information.
2026-05-17 23:04:09.692 +06:00 [INF] Executed DbCommand (15ms) [Parameters=[], CommandType='"Text"', CommandTimeout='30']
SELECT 1
2026-05-17 23:04:09.723 +06:00 [INF] Executed DbCommand (23ms) [Parameters=[], CommandType='"Text"', CommandTimeout='30']

IF EXISTS
    (SELECT *
     FROM [sys].[objects] o
     WHERE [o].[type] = 'U'
     AND [o].[is_ms_shipped] = 0
     AND [o].[object_id] NOT IN (SELECT [ep].[major_id]
        FROM [sys].[extended_properties] AS [ep]
        WHERE [ep].[minor_id] = 0
            AND [ep].[class] = 1
            AND [ep].[name] = N'microsoft_database_tools_support'
    )
)
SELECT 1 ELSE SELECT 0
2026-05-17 23:04:09.871 +06:00 [INF] Executed DbCommand (3ms) [Parameters=[], CommandType='"Text"', CommandTimeout='30']
SELECT CASE
    WHEN EXISTS (
        SELECT 1
        FROM [Users] AS [u]
        WHERE [u].[IsDeleted] = CAST(0 AS bit)) THEN CAST(1 AS bit)
    ELSE CAST(0 AS bit)
END
2026-05-17 23:04:10.535 +06:00 [INF] Executed DbCommand (47ms) [Parameters=[@p0='?' (Size = 500), @p1='?' (DbType = DateTime2), @p2='?' (DbType = DateTime2), @p3='?' (Size = 200), @p4='?' (DbType = Int32), @p5='?' (Size = 200), @p6='?' (DbType = Boolean), @p7='?' (DbType = Boolean), @p8='?' (DbType = Boolean), @p9='?' (DbType = DateTime2), @p10='?' (DbType = DateTime2), @p11='?' (Size = 4000), @p12='?' (Size = 20), @p13='?' (Size = 4000), @p14='?' (Size = 4000), @p15='?' (Size = 50), @p16='?' (DbType = DateTime2), @p17='?' (Size = 4000), @p18='?' (DbType = Boolean), @p19='?' (Size = 4000), @p20='?' (DbType = DateTime2), @p21='?' (Size = 100), @p22='?' (Size = 500), @p23='?' (DbType = DateTime2), @p24='?' (DbType = DateTime2), @p25='?' (Size = 200), @p26='?' (DbType = Int32), @p27='?' (Size = 200), @p28='?' (DbType = Boolean), @p29='?' (DbType = Boolean), @p30='?' (DbType = Boolean), @p31='?' (DbType = DateTime2), @p32='?' (DbType = DateTime2), @p33='?' (Size = 4000), @p34='?' (Size = 20), @p35='?' (Size = 4000), @p36='?' (Size = 4000), @p37='?' (Size = 50), @p38='?' (DbType = DateTime2), @p39='?' (Size = 4000), @p40='?' (DbType = Boolean), @p41='?' (Size = 4000), @p42='?' (DbType = DateTime2), @p43='?' (Size = 100), @p44='?' (Size = 500), @p45='?' (DbType = DateTime2), @p46='?' (DbType = DateTime2), @p47='?' (Size = 200), @p48='?' (DbType = Int32), @p49='?' (Size = 200), @p50='?' (DbType = Boolean), @p51='?' (DbType = Boolean), @p52='?' (DbType = Boolean), @p53='?' (DbType = DateTime2), @p54='?' (DbType = DateTime2), @p55='?' (Size = 4000), @p56='?' (Size = 20), @p57='?' (Size = 4000), @p58='?' (Size = 4000), @p59='?' (Size = 50), @p60='?' (DbType = DateTime2), @p61='?' (Size = 4000), @p62='?' (DbType = Boolean), @p63='?' (Size = 4000), @p64='?' (DbType = DateTime2), @p65='?' (Size = 100), @p66='?' (Size = 500), @p67='?' (DbType = DateTime2), @p68='?' (DbType = DateTime2), @p69='?' (Size = 200), @p70='?' (DbType = Int32), @p71='?' (Size = 200), @p72='?' (DbType = Boolean), @p73='?' (DbType = Boolean), @p74='?' (DbType = Boolean), @p75='?' (DbType = DateTime2), @p76='?' (DbType = DateTime2), @p77='?' (Size = 4000), @p78='?' (Size = 20), @p79='?' (Size = 4000), @p80='?' (Size = 4000), @p81='?' (Size = 50), @p82='?' (DbType = DateTime2), @p83='?' (Size = 4000), @p84='?' (DbType = Boolean), @p85='?' (Size = 4000), @p86='?' (DbType = DateTime2), @p87='?' (Size = 100)], CommandType='"Text"', CommandTimeout='30']
SET IMPLICIT_TRANSACTIONS OFF;
SET NOCOUNT ON;
MERGE [Users] USING (
VALUES (@p0, @p1, @p2, @p3, @p4, @p5, @p6, @p7, @p8, @p9, @p10, @p11, @p12, @p13, @p14, @p15, @p16, @p17, @p18, @p19, @p20, @p21, 0),
(@p22, @p23, @p24, @p25, @p26, @p27, @p28, @p29, @p30, @p31, @p32, @p33, @p34, @p35, @p36, @p37, @p38, @p39, @p40, @p41, @p42, @p43, 1),
(@p44, @p45, @p46, @p47, @p48, @p49, @p50, @p51, @p52, @p53, @p54, @p55, @p56, @p57, @p58, @p59, @p60, @p61, @p62, @p63, @p64, @p65, 2),
(@p66, @p67, @p68, @p69, @p70, @p71, @p72, @p73, @p74, @p75, @p76, @p77, @p78, @p79, @p80, @p81, @p82, @p83, @p84, @p85, @p86, @p87, 3)) AS i ([Address], [CreatedAt], [DeletedAt], [Email], [FailedLoginCount], [FullName], [IsActive], [IsDeleted], [IsEmailVerified], [LastLoginAt], [LockedUntil], [PasswordHash], [PhoneNumber], [PreferredLanguage], [ProfileImagePath], [Role], [SubscriptionExpiry], [SubscriptionType], [TwoFactorEnabled], [TwoFactorSecret], [UpdatedAt], [Username], _Position) ON 1=0
WHEN NOT MATCHED THEN
INSERT ([Address], [CreatedAt], [DeletedAt], [Email], [FailedLoginCount], [FullName], [IsActive], [IsDeleted], [IsEmailVerified], [LastLoginAt], [LockedUntil], [PasswordHash], [PhoneNumber], [PreferredLanguage], [ProfileImagePath], [Role], [SubscriptionExpiry], [SubscriptionType], [TwoFactorEnabled], [TwoFactorSecret], [UpdatedAt], [Username])
VALUES (i.[Address], i.[CreatedAt], i.[DeletedAt], i.[Email], i.[FailedLoginCount], i.[FullName], i.[IsActive], i.[IsDeleted], i.[IsEmailVerified], i.[LastLoginAt], i.[LockedUntil], i.[PasswordHash], i.[PhoneNumber], i.[PreferredLanguage], i.[ProfileImagePath], i.[Role], i.[SubscriptionExpiry], i.[SubscriptionType], i.[TwoFactorEnabled], i.[TwoFactorSecret], i.[UpdatedAt], i.[Username])
OUTPUT INSERTED.[Id], i._Position;
2026-05-17 23:04:10.641 +06:00 [INF] Executed DbCommand (22ms) [Parameters=[@p0='?' (DbType = Int32), @p1='?' (DbType = Int32), @p2='?' (DbType = DateTime2), @p3='?' (DbType = DateTime2), @p4='?' (Size = 1000), @p5='?' (DbType = Int32), @p6='?' (Size = 4000), @p7='?' (DbType = Boolean), @p8='?' (DbType = Boolean), @p9='?' (DbType = Double), @p10='?' (Size = 500), @p11='?' (DbType = Double), @p12='?' (Size = 200), @p13='?' (DbType = Int32), @p14='?' (DbType = Double), @p15='?' (DbType = DateTime2), @p16='?' (DbType = Int32), @p17='?' (DbType = Int32), @p18='?' (DbType = DateTime2), @p19='?' (DbType = DateTime2), @p20='?' (Size = 1000), @p21='?' (DbType = Int32), @p22='?' (Size = 4000), @p23='?' (DbType = Boolean), @p24='?' (DbType = Boolean), @p25='?' (DbType = Double), @p26='?' (Size = 500), @p27='?' (DbType = Double), @p28='?' (Size = 200), @p29='?' (DbType = Int32), @p30='?' (DbType = Double), @p31='?' (DbType = DateTime2), @p32='?' (DbType = Boolean), @p33='?' (DbType = DateTime2), @p34='?' (DbType = DateTime2), @p35='?' (DbType = Boolean), @p36='?' (DbType = Int32), @p37='?' (Precision = 18) (Scale = 2) (DbType = Decimal), @p38='?' (DbType = DateTime2), @p39='?' (Size = 200), @p40='?' (DbType = DateTime2), @p41='?' (DbType = Int32), @p42='?' (DbType = Boolean), @p43='?' (DbType = DateTime2), @p44='?' (DbType = DateTime2), @p45='?' (DbType = Boolean), @p46='?' (DbType = Int32), @p47='?' (Precision = 18) (Scale = 2) (DbType = Decimal), @p48='?' (DbType = DateTime2), @p49='?' (Size = 200), @p50='?' (DbType = DateTime2), @p51='?' (DbType = Int32)], CommandType='"Text"', CommandTimeout='30']
SET NOCOUNT ON;
MERGE [Farms] USING (
VALUES (@p0, @p1, @p2, @p3, @p4, @p5, @p6, @p7, @p8, @p9, @p10, @p11, @p12, @p13, @p14, @p15, 0),
(@p16, @p17, @p18, @p19, @p20, @p21, @p22, @p23, @p24, @p25, @p26, @p27, @p28, @p29, @p30, @p31, 1)) AS i ([ApprovalStatus], [Capacity], [CreatedAt], [DeletedAt], [Description], [FarmType], [ImagePath], [IsActive], [IsDeleted], [Latitude], [Location], [Longitude], [Name], [OwnerId], [SizeInAcres], [UpdatedAt], _Position) ON 1=0
WHEN NOT MATCHED THEN
INSERT ([ApprovalStatus], [Capacity], [CreatedAt], [DeletedAt], [Description], [FarmType], [ImagePath], [IsActive], [IsDeleted], [Latitude], [Location], [Longitude], [Name], [OwnerId], [SizeInAcres], [UpdatedAt])
VALUES (i.[ApprovalStatus], i.[Capacity], i.[CreatedAt], i.[DeletedAt], i.[Description], i.[FarmType], i.[ImagePath], i.[IsActive], i.[IsDeleted], i.[Latitude], i.[Location], i.[Longitude], i.[Name], i.[OwnerId], i.[SizeInAcres], i.[UpdatedAt])
OUTPUT INSERTED.[Id], i._Position;
MERGE [Subscriptions] USING (
VALUES (@p32, @p33, @p34, @p35, @p36, @p37, @p38, @p39, @p40, @p41, 0),
(@p42, @p43, @p44, @p45, @p46, @p47, @p48, @p49, @p50, @p51, 1)) AS i ([AutoRenew], [CreatedAt], [ExpiryDate], [IsActive], [Plan], [PricePaid], [StartDate], [TransactionRef], [UpdatedAt], [UserId], _Position) ON 1=0
WHEN NOT MATCHED THEN
INSERT ([AutoRenew], [CreatedAt], [ExpiryDate], [IsActive], [Plan], [PricePaid], [StartDate], [TransactionRef], [UpdatedAt], [UserId])
VALUES (i.[AutoRenew], i.[CreatedAt], i.[ExpiryDate], i.[IsActive], i.[Plan], i.[PricePaid], i.[StartDate], i.[TransactionRef], i.[UpdatedAt], i.[UserId])
OUTPUT INSERTED.[Id], i._Position;
2026-05-17 23:04:10.723 +06:00 [INF] Executed DbCommand (13ms) [Parameters=[@p0='?' (Precision = 18) (Scale = 2) (DbType = Decimal), @p1='?' (DbType = DateTime2), @p2='?' (DbType = DateTime2), @p3='?' (Size = 200), @p4='?' (DbType = Int32), @p5='?' (Size = 200), @p6='?' (Size = 4000), @p7='?' (DbType = Boolean), @p8='?' (DbType = Boolean), @p9='?' (DbType = Boolean), @p10='?' (Size = 100), @p11='?' (Size = 1000), @p12='?' (Size = 20), @p13='?' (Size = 200), @p14='?' (DbType = DateTime2), @p15='?' (DbType = Int32), @p16='?' (Precision = 18) (Scale = 2) (DbType = Decimal), @p17='?' (DbType = DateTime2), @p18='?' (DbType = DateTime2), @p19='?' (Size = 200), @p20='?' (DbType = Int32), @p21='?' (Size = 200), @p22='?' (Size = 4000), @p23='?' (DbType = Boolean), @p24='?' (DbType = Boolean), @p25='?' (DbType = Boolean), @p26='?' (Size = 100), @p27='?' (Size = 1000), @p28='?' (Size = 20), @p29='?' (Size = 200), @p30='?' (DbType = DateTime2), @p31='?' (DbType = Int32), @p32='?' (DbType = DateTime2), @p33='?' (DbType = DateTime2), @p34='?' (Size = 200), @p35='?' (DbType = Int32), @p36='?' (DbType = Int32), @p37='?' (Size = 200), @p38='?' (DbType = DateTime2), @p39='?' (Size = 4000), @p40='?' (DbType = Boolean), @p41='?' (DbType = Boolean), @p42='?' (DbType = Boolean), @p43='?' (Size = 1000), @p44='?' (Size = 20), @p45='?' (Size = 100), @p46='?' (Precision = 18) (Scale = 2) (DbType = Decimal), @p47='?' (Size = 1000), @p48='?' (DbType = DateTime2), @p49='?' (DbType = Int32), @p50='?' (DbType = DateTime2), @p51='?' (DbType = DateTime2), @p52='?' (Size = 200), @p53='?' (DbType = Int32), @p54='?' (DbType = Int32), @p55='?' (Size = 200), @p56='?' (DbType = DateTime2), @p57='?' (Size = 4000), @p58='?' (DbType = Boolean), @p59='?' (DbType = Boolean), @p60='?' (DbType = Boolean), @p61='?' (Size = 1000), @p62='?' (Size = 20), @p63='?' (Size = 100), @p64='?' (Precision = 18) (Scale = 2) (DbType = Decimal), @p65='?' (Size = 1000), @p66='?' (DbType = DateTime2), @p67='?' (DbType = Int32), @p68='?' (DbType = DateTime2), @p69='?' (DbType = DateTime2), @p70='?' (Size = 200), @p71='?' (DbType = Int32), @p72='?' (DbType = Int32), @p73='?' (Size = 200), @p74='?' (DbType = DateTime2), @p75='?' (Size = 4000), @p76='?' (DbType = Boolean), @p77='?' (DbType = Boolean), @p78='?' (DbType = Boolean), @p79='?' (Size = 1000), @p80='?' (Size = 20), @p81='?' (Size = 100), @p82='?' (Precision = 18) (Scale = 2) (DbType = Decimal), @p83='?' (Size = 1000), @p84='?' (DbType = DateTime2), @p85='?' (DbType = Int32)], CommandType='"Text"', CommandTimeout='30']
SET NOCOUNT ON;
MERGE [Doctors] USING (
VALUES (@p0, @p1, @p2, @p3, @p4, @p5, @p6, @p7, @p8, @p9, @p10, @p11, @p12, @p13, @p14, @p15, 0),
(@p16, @p17, @p18, @p19, @p20, @p21, @p22, @p23, @p24, @p25, @p26, @p27, @p28, @p29, @p30, @p31, 1)) AS i ([ConsultationFee], [CreatedAt], [DeletedAt], [Email], [FarmId], [FullName], [ImagePath], [IsActive], [IsAvailable], [IsDeleted], [LicenseNumber], [Notes], [Phone], [Specialization], [UpdatedAt], [UserId], _Position) ON 1=0
WHEN NOT MATCHED THEN
INSERT ([ConsultationFee], [CreatedAt], [DeletedAt], [Email], [FarmId], [FullName], [ImagePath], [IsActive], [IsAvailable], [IsDeleted], [LicenseNumber], [Notes], [Phone], [Specialization], [UpdatedAt], [UserId])
VALUES (i.[ConsultationFee], i.[CreatedAt], i.[DeletedAt], i.[Email], i.[FarmId], i.[FullName], i.[ImagePath], i.[IsActive], i.[IsAvailable], i.[IsDeleted], i.[LicenseNumber], i.[Notes], i.[Phone], i.[Specialization], i.[UpdatedAt], i.[UserId])
OUTPUT INSERTED.[Id], i._Position;
MERGE [Workers] USING (
VALUES (@p32, @p33, @p34, @p35, @p36, @p37, @p38, @p39, @p40, @p41, @p42, @p43, @p44, @p45, @p46, @p47, @p48, @p49, 0),
(@p50, @p51, @p52, @p53, @p54, @p55, @p56, @p57, @p58, @p59, @p60, @p61, @p62, @p63, @p64, @p65, @p66, @p67, 1),
(@p68, @p69, @p70, @p71, @p72, @p73, @p74, @p75, @p76, @p77, @p78, @p79, @p80, @p81, @p82, @p83, @p84, @p85, 2)) AS i ([CreatedAt], [DeletedAt], [Email], [ExperienceYears], [FarmId], [FullName], [HiredAt], [ImagePath], [IsActive], [IsAvailable], [IsDeleted], [Notes], [Phone], [Role], [Salary], [Skills], [UpdatedAt], [UserId], _Position) ON 1=0
WHEN NOT MATCHED THEN
INSERT ([CreatedAt], [DeletedAt], [Email], [ExperienceYears], [FarmId], [FullName], [HiredAt], [ImagePath], [IsActive], [IsAvailable], [IsDeleted], [Notes], [Phone], [Role], [Salary], [Skills], [UpdatedAt], [UserId])
VALUES (i.[CreatedAt], i.[DeletedAt], i.[Email], i.[ExperienceYears], i.[FarmId], i.[FullName], i.[HiredAt], i.[ImagePath], i.[IsActive], i.[IsAvailable], i.[IsDeleted], i.[Notes], i.[Phone], i.[Role], i.[Salary], i.[Skills], i.[UpdatedAt], i.[UserId])
OUTPUT INSERTED.[Id], i._Position;
2026-05-17 23:04:10.789 +06:00 [INF] Executed DbCommand (7ms) [Parameters=[@p0='?' (DbType = Int32), @p1='?' (Size = 100), @p2='?' (DbType = DateTime2), @p3='?' (DbType = DateTime2), @p4='?' (DbType = DateTime2), @p5='?' (Size = 2000), @p6='?' (DbType = Int32), @p7='?' (DbType = Int32), @p8='?' (DbType = Int32), @p9='?' (Size = 4000), @p10='?' (DbType = Boolean), @p11='?' (DbType = Boolean), @p12='?' (DbType = Boolean), @p13='?' (Size = 100), @p14='?' (DbType = DateTime2), @p15='?' (Precision = 18) (Scale = 2) (DbType = Decimal), @p16='?' (DbType = DateTime2), @p17='?' (Precision = 18) (Scale = 2) (DbType = Decimal), @p18='?' (DbType = Int32), @p19='?' (Size = 50), @p20='?' (DbType = DateTime2), @p21='?' (DbType = Double), @p22='?' (DbType = Int32), @p23='?' (Size = 100), @p24='?' (DbType = DateTime2), @p25='?' (DbType = DateTime2), @p26='?' (DbType = DateTime2), @p27='?' (Size = 2000), @p28='?' (DbType = Int32), @p29='?' (DbType = Int32), @p30='?' (DbType = Int32), @p31='?' (Size = 4000), @p32='?' (DbType = Boolean), @p33='?' (DbType = Boolean), @p34='?' (DbType = Boolean), @p35='?' (Size = 100), @p36='?' (DbType = DateTime2), @p37='?' (Precision = 18) (Scale = 2) (DbType = Decimal), @p38='?' (DbType = DateTime2), @p39='?' (Precision = 18) (Scale = 2) (DbType = Decimal), @p40='?' (DbType = Int32), @p41='?' (Size = 50), @p42='?' (DbType = DateTime2), @p43='?' (DbType = Double), @p44='?' (DbType = Int32), @p45='?' (Size = 100), @p46='?' (DbType = DateTime2), @p47='?' (DbType = DateTime2), @p48='?' (DbType = DateTime2), @p49='?' (Size = 2000), @p50='?' (DbType = Int32), @p51='?' (DbType = Int32), @p52='?' (DbType = Int32), @p53='?' (Size = 4000), @p54='?' (DbType = Boolean), @p55='?' (DbType = Boolean), @p56='?' (DbType = Boolean), @p57='?' (Size = 100), @p58='?' (DbType = DateTime2), @p59='?' (Precision = 18) (Scale = 2) (DbType = Decimal), @p60='?' (DbType = DateTime2), @p61='?' (Precision = 18) (Scale = 2) (DbType = Decimal), @p62='?' (DbType = Int32), @p63='?' (Size = 50), @p64='?' (DbType = DateTime2), @p65='?' (DbType = Double), @p66='?' (DbType = Int32), @p67='?' (Size = 100), @p68='?' (DbType = DateTime2), @p69='?' (DbType = DateTime2), @p70='?' (DbType = DateTime2), @p71='?' (Size = 2000), @p72='?' (DbType = Int32), @p73='?' (DbType = Int32), @p74='?' (DbType = Int32), @p75='?' (Size = 4000), @p76='?' (DbType = Boolean), @p77='?' (DbType = Boolean), @p78='?' (DbType = Boolean), @p79='?' (Size = 100), @p80='?' (DbType = DateTime2), @p81='?' (Precision = 18) (Scale = 2) (DbType = Decimal), @p82='?' (DbType = DateTime2), @p83='?' (Precision = 18) (Scale = 2) (DbType = Decimal), @p84='?' (DbType = Int32), @p85='?' (Size = 50), @p86='?' (DbType = DateTime2), @p87='?' (DbType = Double), @p88='?' (DbType = Int32), @p89='?' (Size = 100), @p90='?' (DbType = DateTime2), @p91='?' (DbType = DateTime2), @p92='?' (DbType = DateTime2), @p93='?' (Size = 2000), @p94='?' (DbType = Int32), @p95='?' (DbType = Int32), @p96='?' (DbType = Int32), @p97='?' (Size = 4000), @p98='?' (DbType = Boolean), @p99='?' (DbType = Boolean), @p100='?' (DbType = Boolean), @p101='?' (Size = 100), @p102='?' (DbType = DateTime2), @p103='?' (Precision = 18) (Scale = 2) (DbType = Decimal), @p104='?' (DbType = DateTime2), @p105='?' (Precision = 18) (Scale = 2) (DbType = Decimal), @p106='?' (DbType = Int32), @p107='?' (Size = 50), @p108='?' (DbType = DateTime2), @p109='?' (DbType = Double)], CommandType='"Text"', CommandTimeout='30']
SET IMPLICIT_TRANSACTIONS OFF;
SET NOCOUNT ON;
MERGE [Cattles] USING (
VALUES (@p0, @p1, @p2, @p3, @p4, @p5, @p6, @p7, @p8, @p9, @p10, @p11, @p12, @p13, @p14, @p15, @p16, @p17, @p18, @p19, @p20, @p21, 0),
(@p22, @p23, @p24, @p25, @p26, @p27, @p28, @p29, @p30, @p31, @p32, @p33, @p34, @p35, @p36, @p37, @p38, @p39, @p40, @p41, @p42, @p43, 1),
(@p44, @p45, @p46, @p47, @p48, @p49, @p50, @p51, @p52, @p53, @p54, @p55, @p56, @p57, @p58, @p59, @p60, @p61, @p62, @p63, @p64, @p65, 2),
(@p66, @p67, @p68, @p69, @p70, @p71, @p72, @p73, @p74, @p75, @p76, @p77, @p78, @p79, @p80, @p81, @p82, @p83, @p84, @p85, @p86, @p87, 3),
(@p88, @p89, @p90, @p91, @p92, @p93, @p94, @p95, @p96, @p97, @p98, @p99, @p100, @p101, @p102, @p103, @p104, @p105, @p106, @p107, @p108, @p109, 4)) AS i ([ApprovalStatus], [Breed], [CreatedAt], [DateOfBirth], [DeletedAt], [Description], [FarmId], [Gender], [HealthStatus], [ImagePath], [IsDeleted], [IsListedForSale], [IsPremiumListing], [Name], [PurchaseDate], [PurchasePrice], [SaleDate], [SalePrice], [Status], [TagId], [UpdatedAt], [Weight], _Position) ON 1=0
WHEN NOT MATCHED THEN
INSERT ([ApprovalStatus], [Breed], [CreatedAt], [DateOfBirth], [DeletedAt], [Description], [FarmId], [Gender], [HealthStatus], [ImagePath], [IsDeleted], [IsListedForSale], [IsPremiumListing], [Name], [PurchaseDate], [PurchasePrice], [SaleDate], [SalePrice], [Status], [TagId], [UpdatedAt], [Weight])
VALUES (i.[ApprovalStatus], i.[Breed], i.[CreatedAt], i.[DateOfBirth], i.[DeletedAt], i.[Description], i.[FarmId], i.[Gender], i.[HealthStatus], i.[ImagePath], i.[IsDeleted], i.[IsListedForSale], i.[IsPremiumListing], i.[Name], i.[PurchaseDate], i.[PurchasePrice], i.[SaleDate], i.[SalePrice], i.[Status], i.[TagId], i.[UpdatedAt], i.[Weight])
OUTPUT INSERTED.[Id], i._Position;
2026-05-17 23:04:11.004 +06:00 [INF] Executed DbCommand (49ms) [Parameters=[@p0='?' (Size = 500), @p1='?' (DbType = Int32), @p2='?' (Size = 200), @p3='?' (Size = 50), @p4='?' (DbType = DateTime2), @p5='?' (DbType = Int32), @p6='?' (DbType = Int32), @p7='?' (DbType = DateTime2), @p8='?' (DbType = DateTime2), @p9='?' (DbType = Int32), @p10='?' (DbType = Int32), @p11='?' (DbType = Int32), @p12='?' (Size = 2000), @p13='?' (Size = 500), @p14='?' (DbType = DateTime2), @p15='?' (DbType = Int32), @p16='?' (DbType = DateTime2), @p17='?' (DbType = Int32), @p18='?' (DbType = DateTime2), @p19='?' (DbType = DateTime2), @p20='?' (DbType = Int32), @p21='?' (DbType = Int32), @p22='?' (DbType = Int32), @p23='?' (Size = 2000), @p24='?' (Size = 500), @p25='?' (DbType = DateTime2), @p26='?' (DbType = Int32), @p27='?' (DbType = DateTime2), @p28='?' (Size = 200), @p29='?' (DbType = Int32), @p30='?' (Size = 200), @p31='?' (Size = 50), @p32='?' (Size = 4000), @p33='?' (Size = 4000), @p34='?' (DbType = DateTime2), @p35='?' (Size = 500), @p36='?' (DbType = Int32), @p37='?' (Precision = 18) (Scale = 2) (DbType = Decimal), @p38='?' (DbType = Int32), @p39='?' (DbType = DateTime2), @p40='?' (DbType = Int32), @p41='?' (DbType = DateTime2), @p42='?' (DbType = DateTime2), @p43='?' (Size = 1000), @p44='?' (DbType = Int32), @p45='?' (DbType = Boolean), @p46='?' (DbType = Boolean), @p47='?' (Size = 4000), @p48='?' (Precision = 18) (Scale = 2) (DbType = Decimal), @p49='?' (DbType = Int32), @p50='?' (DbType = DateTime2), @p51='?' (DbType = Int32), @p52='?' (DbType = DateTime2), @p53='?' (DbType = DateTime2), @p54='?' (Size = 1000), @p55='?' (DbType = Int32), @p56='?' (DbType = Boolean), @p57='?' (DbType = Boolean), @p58='?' (Size = 4000), @p59='?' (Precision = 18) (Scale = 2) (DbType = Decimal), @p60='?' (DbType = Int32), @p61='?' (DbType = DateTime2), @p62='?' (DbType = Int32), @p63='?' (DbType = DateTime2), @p64='?' (DbType = DateTime2), @p65='?' (Size = 1000), @p66='?' (DbType = Int32), @p67='?' (DbType = Boolean), @p68='?' (DbType = Boolean), @p69='?' (Size = 4000), @p70='?' (Precision = 18) (Scale = 2) (DbType = Decimal), @p71='?' (DbType = Int32), @p72='?' (DbType = DateTime2), @p73='?' (DbType = Int32), @p74='?' (DbType = DateTime2), @p75='?' (DbType = DateTime2), @p76='?' (Size = 1000), @p77='?' (DbType = Int32), @p78='?' (DbType = Boolean), @p79='?' (DbType = Boolean), @p80='?' (Size = 4000), @p81='?' (DbType = Int32), @p82='?' (DbType = DateTime2), @p83='?' (DbType = DateTime2), @p84='?' (DbType = Int32), @p85='?' (DbType = Int32), @p86='?' (DbType = Boolean), @p87='?' (Size = 2000), @p88='?' (DbType = DateTime2), @p89='?' (DbType = Int32), @p90='?' (Size = 1000), @p91='?' (DbType = Double), @p92='?' (Size = 2000), @p93='?' (DbType = Double), @p94='?' (DbType = Int32), @p95='?' (DbType = DateTime2), @p96='?' (DbType = DateTime2), @p97='?' (DbType = Int32), @p98='?' (DbType = Int32), @p99='?' (DbType = Boolean), @p100='?' (Size = 2000), @p101='?' (DbType = DateTime2), @p102='?' (DbType = Int32), @p103='?' (Size = 1000), @p104='?' (DbType = Double), @p105='?' (Size = 2000), @p106='?' (DbType = Double), @p107='?' (DbType = Int32), @p108='?' (DbType = DateTime2), @p109='?' (DbType = DateTime2), @p110='?' (DbType = Double), @p111='?' (DbType = Int32), @p112='?' (DbType = Double), @p113='?' (Size = 500), @p114='?' (DbType = Int32), @p115='?' (DbType = Int32), @p116='?' (DbType = DateTime2), @p117='?' (DbType = DateTime2), @p118='?' (DbType = Double), @p119='?' (DbType = Int32), @p120='?' (DbType = Double), @p121='?' (Size = 500), @p122='?' (DbType = Int32), @p123='?' (DbType = Int32), @p124='?' (DbType = DateTime2), @p125='?' (DbType = DateTime2), @p126='?' (DbType = Double), @p127='?' (DbType = Int32), @p128='?' (DbType = Double), @p129='?' (Size = 500), @p130='?' (DbType = Int32), @p131='?' (DbType = Int32), @p132='?' (DbType = DateTime2), @p133='?' (DbType = DateTime2), @p134='?' (DbType = Double), @p135='?' (DbType = Int32), @p136='?' (DbType = Double), @p137='?' (Size = 500), @p138='?' (DbType = Int32), @p139='?' (DbType = Int32), @p140='?' (DbType = DateTime2), @p141='?' (DbType = DateTime2), @p142='?' (DbType = Double), @p143='?' (DbType = Int32), @p144='?' (DbType = Double), @p145='?' (Size = 500), @p146='?' (DbType = Int32), @p147='?' (DbType = Int32), @p148='?' (DbType = DateTime2), @p149='?' (DbType = DateTime2), @p150='?' (DbType = Double), @p151='?' (DbType = Int32), @p152='?' (DbType = Double), @p153='?' (Size = 500), @p154='?' (DbType = Int32), @p155='?' (DbType = Int32), @p156='?' (DbType = DateTime2), @p157='?' (DbType = DateTime2), @p158='?' (DbType = Double), @p159='?' (DbType = Int32), @p160='?' (DbType = Double), @p161='?' (Size = 500), @p162='?' (DbType = Int32), @p163='?' (DbType = Int32), @p164='?' (DbType = DateTime2), @p165='?' (DbType = DateTime2), @p166='?' (DbType = Double), @p167='?' (DbType = Int32), @p168='?' (DbType = Double), @p169='?' (Size = 500), @p170='?' (DbType = Int32), @p171='?' (DbType = Int32), @p172='?' (DbType = DateTime2), @p173='?' (DbType = DateTime2), @p174='?' (DbType = Double), @p175='?' (DbType = Int32), @p176='?' (DbType = Double), @p177='?' (Size = 500), @p178='?' (DbType = Int32), @p179='?' (DbType = Int32), @p180='?' (DbType = DateTime2), @p181='?' (DbType = DateTime2), @p182='?' (DbType = Double), @p183='?' (DbType = Int32), @p184='?' (DbType = Double), @p185='?' (Size = 500), @p186='?' (DbType = Int32), @p187='?' (DbType = Int32), @p188='?' (DbType = DateTime2), @p189='?' (DbType = DateTime2), @p190='?' (DbType = Double), @p191='?' (DbType = Int32), @p192='?' (DbType = Double), @p193='?' (Size = 500), @p194='?' (DbType = Int32), @p195='?' (DbType = Int32), @p196='?' (DbType = DateTime2), @p197='?' (DbType = DateTime2), @p198='?' (DbType = Double), @p199='?' (DbType = Int32), @p200='?' (DbType = Double), @p201='?' (Size = 500), @p202='?' (DbType = Int32), @p203='?' (DbType = Int32), @p204='?' (DbType = DateTime2), @p205='?' (DbType = DateTime2), @p206='?' (DbType = Double), @p207='?' (DbType = Int32), @p208='?' (DbType = Double), @p209='?' (Size = 500), @p210='?' (DbType = Int32), @p211='?' (DbType = Int32), @p212='?' (DbType = DateTime2), @p213='?' (DbType = DateTime2), @p214='?' (DbType = Double), @p215='?' (DbType = Int32), @p216='?' (DbType = Double), @p217='?' (Size = 500), @p218='?' (DbType = Int32), @p219='?' (DbType = DateTime2), @p220='?' (DbType = Boolean), @p221='?' (Size = 1000), @p222='?' (DbType = DateTime2), @p223='?' (DbType = Int32), @p224='?' (Size = 100), @p225='?' (Size = 300), @p226='?' (DbType = Int32), @p227='?' (DbType = Int32), @p228='?' (DbType = DateTime2), @p229='?' (DbType = Boolean), @p230='?' (Size = 1000), @p231='?' (DbType = DateTime2), @p232='?' (DbType = Int32), @p233='?' (Size = 100), @p234='?' (Size = 300), @p235='?' (DbType = Int32), @p236='?' (DbType = Int32), @p237='?' (DbType = DateTime2), @p238='?' (DbType = Boolean), @p239='?' (Size = 1000), @p240='?' (DbType = DateTime2), @p241='?' (DbType = Int32), @p242='?' (Size = 100), @p243='?' (Size = 300), @p244='?' (DbType = Int32), @p245='?' (DbType = Int32), @p246='?' (DbType = DateTime2), @p247='?' (DbType = Boolean), @p248='?' (Size = 1000), @p249='?' (DbType = DateTime2), @p250='?' (DbType = Int32), @p251='?' (Size = 100), @p252='?' (Size = 300), @p253='?' (DbType = Int32), @p254='?' (DbType = Int32), @p255='?' (DbType = Int32), @p256='?' (DbType = DateTime2), @p257='?' (DbType = DateTime2), @p258='?' (Size = 1000), @p259='?' (DbType = Int32), @p260='?' (Size = 4000), @p261='?' (DbType = Boolean), @p262='?' (DbType = Boolean), @p263='?' (DbType = Boolean), @p264='?' (DbType = Double), @p265='?' (Size = 200), @p266='?' (Precision = 18) (Scale = 2) (DbType = Decimal), @p267='?' (DbType = Double), @p268='?' (Size = 50), @p269='?' (DbType = DateTime2), @p270='?' (DbType = Int32), @p271='?' (DbType = DateTime2), @p272='?' (DbType = DateTime2), @p273='?' (Size = 1000), @p274='?' (DbType = Int32), @p275='?' (Size = 4000), @p276='?' (DbType = Boolean), @p277='?' (DbType = Boolean), @p278='?' (DbType = Boolean), @p279='?' (DbType = Double), @p280='?' (Size = 200), @p281='?' (Precision = 18) (Scale = 2) (DbType = Decimal), @p282='?' (DbType = Double), @p283='?' (Size = 50), @p284='?' (DbType = DateTime2), @p285='?' (DbType = Int32), @p286='?' (DbType = DateTime2), @p287='?' (DbType = DateTime2), @p288='?' (Size = 1000), @p289='?' (DbType = Int32), @p290='?' (Size = 4000), @p291='?' (DbType = Boolean), @p292='?' (DbType = Boolean), @p293='?' (DbType = Boolean), @p294='?' (DbType = Double), @p295='?' (Size = 200), @p296='?' (Precision = 18) (Scale = 2) (DbType = Decimal), @p297='?' (DbType = Double), @p298='?' (Size = 50), @p299='?' (DbType = DateTime2), @p300='?' (DbType = Int32), @p301='?' (DbType = DateTime2), @p302='?' (DbType = DateTime2), @p303='?' (Size = 1000), @p304='?' (DbType = Int32), @p305='?' (Size = 4000), @p306='?' (DbType = Boolean), @p307='?' (DbType = Boolean), @p308='?' (DbType = Boolean), @p309='?' (DbType = Double), @p310='?' (Size = 200), @p311='?' (Precision = 18) (Scale = 2) (DbType = Decimal), @p312='?' (DbType = Double), @p313='?' (Size = 50), @p314='?' (DbType = DateTime2), @p315='?' (DbType = Int32), @p316='?' (DbType = DateTime2), @p317='?' (DbType = DateTime2), @p318='?' (Size = 1000), @p319='?' (DbType = Int32), @p320='?' (Size = 4000), @p321='?' (DbType = Boolean), @p322='?' (DbType = Boolean), @p323='?' (DbType = Boolean), @p324='?' (DbType = Double), @p325='?' (Size = 200), @p326='?' (Precision = 18) (Scale = 2) (DbType = Decimal), @p327='?' (DbType = Double), @p328='?' (Size = 50), @p329='?' (DbType = DateTime2), @p330='?' (Precision = 18) (Scale = 2) (DbType = Decimal), @p331='?' (DbType = DateTime2), @p332='?' (DbType = Int32), @p333='?' (DbType = DateTime2), @p334='?' (DbType = DateTime2), @p335='?' (Size = 1000), @p336='?' (DbType = Int32), @p337='?' (DbType = Boolean), @p338='?' (DbType = Int32), @p339='?' (DbType = Int32), @p340='?' (Precision = 18) (Scale = 2) (DbType = Decimal), @p341='?' (DbType = DateTime2), @p342='?' (DbType = Int32), @p343='?' (DbType = DateTime2), @p344='?' (DbType = DateTime2), @p345='?' (Size = 1000), @p346='?' (DbType = Int32), @p347='?' (DbType = Boolean), @p348='?' (DbType = Int32), @p349='?' (DbType = Int32), @p350='?' (Precision = 18) (Scale = 2) (DbType = Decimal), @p351='?' (DbType = DateTime2), @p352='?' (DbType = Int32), @p353='?' (DbType = DateTime2), @p354='?' (DbType = DateTime2), @p355='?' (Size = 1000), @p356='?' (DbType = Int32), @p357='?' (DbType = Boolean), @p358='?' (DbType = Int32), @p359='?' (DbType = Int32), @p360='?' (Size = 200), @p361='?' (Size = 100), @p362='?' (DbType = Int32), @p363='?' (DbType = DateTime2), @p364='?' (DbType = Int32), @p365='?' (DbType = Int32), @p366='?' (DbType = DateTime2), @p367='?' (Size = 500), @p368='?' (DbType = DateTime2), @p369='?' (Size = 200), @p370='?' (Size = 200), @p371='?' (Size = 100), @p372='?' (DbType = Int32), @p373='?' (DbType = DateTime2), @p374='?' (DbType = Int32), @p375='?' (DbType = Int32), @p376='?' (DbType = DateTime2), @p377='?' (Size = 500), @p378='?' (DbType = DateTime2), @p379='?' (Size = 200), @p380='?' (Size = 200), @p381='?' (Size = 100), @p382='?' (DbType = Int32), @p383='?' (DbType = DateTime2), @p384='?' (DbType = Int32), @p385='?' (DbType = Int32), @p386='?' (DbType = DateTime2), @p387='?' (Size = 500), @p388='?' (DbType = DateTime2), @p389='?' (Size = 200)], CommandType='"Text"', CommandTimeout='30']
SET NOCOUNT ON;
INSERT INTO [ActivityLogs] ([Description], [EntityId], [EntityName], [IPAddress], [Timestamp], [UserId])
OUTPUT INSERTED.[Id]
VALUES (@p0, @p1, @p2, @p3, @p4, @p5);
MERGE [Appointments] USING (
VALUES (@p6, @p7, @p8, @p9, @p10, @p11, @p12, @p13, @p14, @p15, @p16, 0),
(@p17, @p18, @p19, @p20, @p21, @p22, @p23, @p24, @p25, @p26, @p27, 1)) AS i ([CattleId], [CompletedAt], [CreatedAt], [CreatedByUserId], [DoctorId], [FarmId], [Notes], [Reason], [ScheduledAt], [Status], [UpdatedAt], _Position) ON 1=0
WHEN NOT MATCHED THEN
INSERT ([CattleId], [CompletedAt], [CreatedAt], [CreatedByUserId], [DoctorId], [FarmId], [Notes], [Reason], [ScheduledAt], [Status], [UpdatedAt])
VALUES (i.[CattleId], i.[CompletedAt], i.[CreatedAt], i.[CreatedByUserId], i.[DoctorId], i.[FarmId], i.[Notes], i.[Reason], i.[ScheduledAt], i.[Status], i.[UpdatedAt])
OUTPUT INSERTED.[Id], i._Position;
INSERT INTO [AuditLogs] ([Action], [EntityId], [EntityName], [IPAddress], [NewValues], [OldValues], [Timestamp], [UserAgent], [UserId])
OUTPUT INSERTED.[Id]
VALUES (@p28, @p29, @p30, @p31, @p32, @p33, @p34, @p35, @p36);
MERGE [Expenses] USING (
VALUES (@p37, @p38, @p39, @p40, @p41, @p42, @p43, @p44, @p45, @p46, @p47, 0),
(@p48, @p49, @p50, @p51, @p52, @p53, @p54, @p55, @p56, @p57, @p58, 1),
(@p59, @p60, @p61, @p62, @p63, @p64, @p65, @p66, @p67, @p68, @p69, 2),
(@p70, @p71, @p72, @p73, @p74, @p75, @p76, @p77, @p78, @p79, @p80, 3)) AS i ([Amount], [Category], [CreatedAt], [CreatedByUserId], [Date], [DeletedAt], [Description], [FarmId], [IsApproved], [IsDeleted], [ReceiptImagePath], _Position) ON 1=0
WHEN NOT MATCHED THEN
INSERT ([Amount], [Category], [CreatedAt], [CreatedByUserId], [Date], [DeletedAt], [Description], [FarmId], [IsApproved], [IsDeleted], [ReceiptImagePath])
VALUES (i.[Amount], i.[Category], i.[CreatedAt], i.[CreatedByUserId], i.[Date], i.[DeletedAt], i.[Description], i.[FarmId], i.[IsApproved], i.[IsDeleted], i.[ReceiptImagePath])
OUTPUT INSERTED.[Id], i._Position;
MERGE [HealthRecords] USING (
VALUES (@p81, @p82, @p83, @p84, @p85, @p86, @p87, @p88, @p89, @p90, @p91, @p92, @p93, 0),
(@p94, @p95, @p96, @p97, @p98, @p99, @p100, @p101, @p102, @p103, @p104, @p105, @p106, 1)) AS i ([CattleId], [CreatedAt], [DeletedAt], [DoctorId], [HealthStatus], [IsDeleted], [Notes], [RecordDate], [RiskLevel], [Symptoms], [Temperature], [VetRecommendation], [Weight], _Position) ON 1=0
WHEN NOT MATCHED THEN
INSERT ([CattleId], [CreatedAt], [DeletedAt], [DoctorId], [HealthStatus], [IsDeleted], [Notes], [RecordDate], [RiskLevel], [Symptoms], [Temperature], [VetRecommendation], [Weight])
VALUES (i.[CattleId], i.[CreatedAt], i.[DeletedAt], i.[DoctorId], i.[HealthStatus], i.[IsDeleted], i.[Notes], i.[RecordDate], i.[RiskLevel], i.[Symptoms], i.[Temperature], i.[VetRecommendation], i.[Weight])
OUTPUT INSERTED.[Id], i._Position;
MERGE [MilkProductions] USING (
VALUES (@p107, @p108, @p109, @p110, @p111, @p112, @p113, @p114, 0),
(@p115, @p116, @p117, @p118, @p119, @p120, @p121, @p122, 1),
(@p123, @p124, @p125, @p126, @p127, @p128, @p129, @p130, 2),
(@p131, @p132, @p133, @p134, @p135, @p136, @p137, @p138, 3),
(@p139, @p140, @p141, @p142, @p143, @p144, @p145, @p146, 4),
(@p147, @p148, @p149, @p150, @p151, @p152, @p153, @p154, 5),
(@p155, @p156, @p157, @p158, @p159, @p160, @p161, @p162, 6),
(@p163, @p164, @p165, @p166, @p167, @p168, @p169, @p170, 7),
(@p171, @p172, @p173, @p174, @p175, @p176, @p177, @p178, 8),
(@p179, @p180, @p181, @p182, @p183, @p184, @p185, @p186, 9),
(@p187, @p188, @p189, @p190, @p191, @p192, @p193, @p194, 10),
(@p195, @p196, @p197, @p198, @p199, @p200, @p201, @p202, 11),
(@p203, @p204, @p205, @p206, @p207, @p208, @p209, @p210, 12),
(@p211, @p212, @p213, @p214, @p215, @p216, @p217, @p218, 13)) AS i ([CattleId], [CreatedAt], [Date], [EveningYieldLiters], [FarmId], [MorningYieldLiters], [Notes], [RecordedByWorkerId], _Position) ON 1=0
WHEN NOT MATCHED THEN
INSERT ([CattleId], [CreatedAt], [Date], [EveningYieldLiters], [FarmId], [MorningYieldLiters], [Notes], [RecordedByWorkerId])
VALUES (i.[CattleId], i.[CreatedAt], i.[Date], i.[EveningYieldLiters], i.[FarmId], i.[MorningYieldLiters], i.[Notes], i.[RecordedByWorkerId])
OUTPUT INSERTED.[Id], i._Position;
MERGE [Notifications] USING (
VALUES (@p219, @p220, @p221, @p222, @p223, @p224, @p225, @p226, @p227, 0),
(@p228, @p229, @p230, @p231, @p232, @p233, @p234, @p235, @p236, 1),
(@p237, @p238, @p239, @p240, @p241, @p242, @p243, @p244, @p245, 2),
(@p246, @p247, @p248, @p249, @p250, @p251, @p252, @p253, @p254, 3)) AS i ([CreatedAt], [IsRead], [Message], [ReadAt], [RelatedEntityId], [RelatedEntityType], [Title], [Type], [UserId], _Position) ON 1=0
WHEN NOT MATCHED THEN
INSERT ([CreatedAt], [IsRead], [Message], [ReadAt], [RelatedEntityId], [RelatedEntityType], [Title], [Type], [UserId])
VALUES (i.[CreatedAt], i.[IsRead], i.[Message], i.[ReadAt], i.[RelatedEntityId], i.[RelatedEntityType], i.[Title], i.[Type], i.[UserId])
OUTPUT INSERTED.[Id], i._Position;
MERGE [Products] USING (
VALUES (@p255, @p256, @p257, @p258, @p259, @p260, @p261, @p262, @p263, @p264, @p265, @p266, @p267, @p268, @p269, 0),
(@p270, @p271, @p272, @p273, @p274, @p275, @p276, @p277, @p278, @p279, @p280, @p281, @p282, @p283, @p284, 1),
(@p285, @p286, @p287, @p288, @p289, @p290, @p291, @p292, @p293, @p294, @p295, @p296, @p297, @p298, @p299, 2),
(@p300, @p301, @p302, @p303, @p304, @p305, @p306, @p307, @p308, @p309, @p310, @p311, @p312, @p313, @p314, 3),
(@p315, @p316, @p317, @p318, @p319, @p320, @p321, @p322, @p323, @p324, @p325, @p326, @p327, @p328, @p329, 4)) AS i ([Category], [CreatedAt], [DeletedAt], [Description], [FarmId], [ImagePath], [IsAvailable], [IsDeleted], [IsFeatured], [MinStockLevel], [Name], [Price], [StockQuantity], [Unit], [UpdatedAt], _Position) ON 1=0
WHEN NOT MATCHED THEN
INSERT ([Category], [CreatedAt], [DeletedAt], [Description], [FarmId], [ImagePath], [IsAvailable], [IsDeleted], [IsFeatured], [MinStockLevel], [Name], [Price], [StockQuantity], [Unit], [UpdatedAt])
VALUES (i.[Category], i.[CreatedAt], i.[DeletedAt], i.[Description], i.[FarmId], i.[ImagePath], i.[IsAvailable], i.[IsDeleted], i.[IsFeatured], i.[MinStockLevel], i.[Name], i.[Price], i.[StockQuantity], i.[Unit], i.[UpdatedAt])
OUTPUT INSERTED.[Id], i._Position;
MERGE [Revenues] USING (
VALUES (@p330, @p331, @p332, @p333, @p334, @p335, @p336, @p337, @p338, @p339, 0),
(@p340, @p341, @p342, @p343, @p344, @p345, @p346, @p347, @p348, @p349, 1),
(@p350, @p351, @p352, @p353, @p354, @p355, @p356, @p357, @p358, @p359, 2)) AS i ([Amount], [CreatedAt], [CreatedByUserId], [Date], [DeletedAt], [Description], [FarmId], [IsDeleted], [OrderId], [Source], _Position) ON 1=0
WHEN NOT MATCHED THEN
INSERT ([Amount], [CreatedAt], [CreatedByUserId], [Date], [DeletedAt], [Description], [FarmId], [IsDeleted], [OrderId], [Source])
VALUES (i.[Amount], i.[CreatedAt], i.[CreatedByUserId], i.[Date], i.[DeletedAt], i.[Description], i.[FarmId], i.[IsDeleted], i.[OrderId], i.[Source])
OUTPUT INSERTED.[Id], i._Position;
MERGE [Vaccinations] USING (
VALUES (@p360, @p361, @p362, @p363, @p364, @p365, @p366, @p367, @p368, @p369, 0),
(@p370, @p371, @p372, @p373, @p374, @p375, @p376, @p377, @p378, @p379, 1),
(@p380, @p381, @p382, @p383, @p384, @p385, @p386, @p387, @p388, @p389, 2)) AS i ([AdministeredBy], [BatchNumber], [CattleId], [CreatedAt], [DoctorId], [DoseNumber], [NextDueDate], [Notes], [VaccinationDate], [VaccineName], _Position) ON 1=0
WHEN NOT MATCHED THEN
INSERT ([AdministeredBy], [BatchNumber], [CattleId], [CreatedAt], [DoctorId], [DoseNumber], [NextDueDate], [Notes], [VaccinationDate], [VaccineName])
VALUES (i.[AdministeredBy], i.[BatchNumber], i.[CattleId], i.[CreatedAt], i.[DoctorId], i.[DoseNumber], i.[NextDueDate], i.[Notes], i.[VaccinationDate], i.[VaccineName])
OUTPUT INSERTED.[Id], i._Position;
2026-05-17 23:04:11.130 +06:00 [INF] User profile is available. Using 'C:\Users\USER\AppData\Local\ASP.NET\DataProtection-Keys' as key repository and Windows DPAPI to encrypt keys at rest.
2026-05-17 23:04:11.175 +06:00 [INF] Now listening on: http://localhost:5050
2026-05-17 23:04:11.176 +06:00 [INF] Application started. Press Ctrl+C to shut down.
2026-05-17 23:04:11.176 +06:00 [INF] Hosting environment: Development
2026-05-17 23:04:11.176 +06:00 [INF] Content root path: F:\VisualStudio\CattleFarm\CattleFarm
2026-05-17 23:04:31.743 +06:00 [WRN] As of ""2026-05-17T17:04:31.7417361+00:00"", the heartbeat has been running for ""00:00:01.5002387"" which is longer than ""00:00:01"". This could be caused by thread pool starvation.
2026-05-17 23:05:51.563 +06:00 [INF] Request starting HTTP/1.1 GET http://localhost:5050/ - null null
2026-05-17 23:05:51.565 +06:00 [WRN] Failed to determine the https port for redirect.
2026-05-17 23:05:51.607 +06:00 [INF] Executing endpoint 'CattleFarm.Controllers.AccountController.Login (CattleFarm)'
2026-05-17 23:05:51.617 +06:00 [INF] Route matched with {action = "Login", controller = "Account"}. Executing controller action with signature Microsoft.AspNetCore.Mvc.IActionResult Login(System.String) on controller CattleFarm.Controllers.AccountController (CattleFarm).
2026-05-17 23:05:51.643 +06:00 [INF] Executing ViewResult, running view Login.
2026-05-17 23:05:51.701 +06:00 [INF] Executed ViewResult - view Login executed in 59.0217ms.
2026-05-17 23:05:51.702 +06:00 [INF] Executed action CattleFarm.Controllers.AccountController.Login (CattleFarm) in 83.4106ms
2026-05-17 23:05:51.702 +06:00 [INF] Executed endpoint 'CattleFarm.Controllers.AccountController.Login (CattleFarm)'
2026-05-17 23:05:51.704 +06:00 [INF] Request finished HTTP/1.1 GET http://localhost:5050/ - 200 null text/html; charset=utf-8 142.2139ms
2026-05-17 23:05:51.716 +06:00 [INF] Request starting HTTP/1.1 GET http://localhost:5050/css/site.css?v=zZUMxI0WF_QdBs-m4915ep1FGyXxmsQhO4HqBcdtgvg - null null
2026-05-17 23:05:51.727 +06:00 [INF] Sending file. Request path: '/css/site.css'. Physical path: 'F:\VisualStudio\CattleFarm\CattleFarm\wwwroot\css\site.css'
2026-05-17 23:05:51.728 +06:00 [INF] Request finished HTTP/1.1 GET http://localhost:5050/css/site.css?v=zZUMxI0WF_QdBs-m4915ep1FGyXxmsQhO4HqBcdtgvg - 200 23844 text/css 12.232ms
2026-05-17 23:05:52.186 +06:00 [INF] Request starting HTTP/1.1 GET http://localhost:5050/favicon.ico - null null
2026-05-17 23:05:52.187 +06:00 [INF] Sending file. Request path: '/favicon.ico'. Physical path: 'F:\VisualStudio\CattleFarm\CattleFarm\wwwroot\favicon.ico'
2026-05-17 23:05:52.188 +06:00 [INF] Request finished HTTP/1.1 GET http://localhost:5050/favicon.ico - 200 5430 image/x-icon 2.1287ms
2026-05-17 23:06:19.273 +06:00 [INF] Request starting HTTP/1.1 POST http://localhost:5050/ - application/x-www-form-urlencoded 265
2026-05-17 23:06:19.275 +06:00 [INF] Executing endpoint 'CattleFarm.Controllers.AccountController.Login (CattleFarm)'
2026-05-17 23:06:19.285 +06:00 [INF] Route matched with {action = "Login", controller = "Account"}. Executing controller action with signature System.Threading.Tasks.Task`1[Microsoft.AspNetCore.Mvc.IActionResult] Login(CattleFarm.ViewModels.LoginViewModel, System.String) on controller CattleFarm.Controllers.AccountController (CattleFarm).
2026-05-17 23:06:19.392 +06:00 [INF] Executed DbCommand (7ms) [Parameters=[@ToLower='?' (Size = 200)], CommandType='"Text"', CommandTimeout='30']
SELECT TOP(1) [u].[Id], [u].[Address], [u].[CreatedAt], [u].[DeletedAt], [u].[Email], [u].[FailedLoginCount], [u].[FullName], [u].[IsActive], [u].[IsDeleted], [u].[IsEmailVerified], [u].[LastLoginAt], [u].[LockedUntil], [u].[PasswordHash], [u].[PhoneNumber], [u].[PreferredLanguage], [u].[ProfileImagePath], [u].[Role], [u].[SubscriptionExpiry], [u].[SubscriptionType], [u].[TwoFactorEnabled], [u].[TwoFactorSecret], [u].[UpdatedAt], [u].[Username]
FROM [Users] AS [u]
WHERE [u].[IsDeleted] = CAST(0 AS bit) AND LOWER([u].[Email]) = @ToLower
2026-05-17 23:06:19.395 +06:00 [INF] Executing ViewResult, running view Login.
2026-05-17 23:06:19.399 +06:00 [INF] Executed ViewResult - view Login executed in 4.5111ms.
2026-05-17 23:06:19.399 +06:00 [INF] Executed action CattleFarm.Controllers.AccountController.Login (CattleFarm) in 114.7648ms
2026-05-17 23:06:19.400 +06:00 [INF] Executed endpoint 'CattleFarm.Controllers.AccountController.Login (CattleFarm)'
2026-05-17 23:06:19.400 +06:00 [INF] Request finished HTTP/1.1 POST http://localhost:5050/ - 200 null text/html; charset=utf-8 127.5423ms
2026-05-17 23:06:36.217 +06:00 [INF] Request starting HTTP/1.1 POST http://localhost:5050/ - application/x-www-form-urlencoded 262
2026-05-17 23:06:36.221 +06:00 [INF] Executing endpoint 'CattleFarm.Controllers.AccountController.Login (CattleFarm)'
2026-05-17 23:06:36.221 +06:00 [INF] Route matched with {action = "Login", controller = "Account"}. Executing controller action with signature System.Threading.Tasks.Task`1[Microsoft.AspNetCore.Mvc.IActionResult] Login(CattleFarm.ViewModels.LoginViewModel, System.String) on controller CattleFarm.Controllers.AccountController (CattleFarm).
2026-05-17 23:06:36.228 +06:00 [INF] Executed DbCommand (0ms) [Parameters=[@ToLower='?' (Size = 200)], CommandType='"Text"', CommandTimeout='30']
SELECT TOP(1) [u].[Id], [u].[Address], [u].[CreatedAt], [u].[DeletedAt], [u].[Email], [u].[FailedLoginCount], [u].[FullName], [u].[IsActive], [u].[IsDeleted], [u].[IsEmailVerified], [u].[LastLoginAt], [u].[LockedUntil], [u].[PasswordHash], [u].[PhoneNumber], [u].[PreferredLanguage], [u].[ProfileImagePath], [u].[Role], [u].[SubscriptionExpiry], [u].[SubscriptionType], [u].[TwoFactorEnabled], [u].[TwoFactorSecret], [u].[UpdatedAt], [u].[Username]
FROM [Users] AS [u]
WHERE [u].[IsDeleted] = CAST(0 AS bit) AND LOWER([u].[Email]) = @ToLower
2026-05-17 23:06:36.228 +06:00 [INF] Executing ViewResult, running view Login.
2026-05-17 23:06:36.230 +06:00 [INF] Executed ViewResult - view Login executed in 1.4674ms.
2026-05-17 23:06:36.230 +06:00 [INF] Executed action CattleFarm.Controllers.AccountController.Login (CattleFarm) in 8.6061ms
2026-05-17 23:06:36.230 +06:00 [INF] Executed endpoint 'CattleFarm.Controllers.AccountController.Login (CattleFarm)'
2026-05-17 23:06:36.230 +06:00 [INF] Request finished HTTP/1.1 POST http://localhost:5050/ - 200 null text/html; charset=utf-8 13.35ms
2026-05-17 23:10:06.159 +06:00 [INF] Request starting HTTP/1.1 GET http://localhost:5050/Account/Register - null null
2026-05-17 23:10:06.163 +06:00 [INF] Executing endpoint 'CattleFarm.Controllers.AccountController.Register (CattleFarm)'
2026-05-17 23:10:06.164 +06:00 [INF] Route matched with {action = "Register", controller = "Account"}. Executing controller action with signature Microsoft.AspNetCore.Mvc.IActionResult Register() on controller CattleFarm.Controllers.AccountController (CattleFarm).
2026-05-17 23:10:06.166 +06:00 [INF] Executing ViewResult, running view Register.
2026-05-17 23:10:06.192 +06:00 [INF] Executed ViewResult - view Register executed in 26.8103ms.
2026-05-17 23:10:06.192 +06:00 [INF] Executed action CattleFarm.Controllers.AccountController.Register (CattleFarm) in 27.8242ms
2026-05-17 23:10:06.192 +06:00 [INF] Executed endpoint 'CattleFarm.Controllers.AccountController.Register (CattleFarm)'
2026-05-17 23:10:06.192 +06:00 [INF] Request finished HTTP/1.1 GET http://localhost:5050/Account/Register - 200 null text/html; charset=utf-8 32.5614ms
2026-05-17 23:10:06.203 +06:00 [INF] Request starting HTTP/1.1 GET http://localhost:5050/css/site.css?v=zZUMxI0WF_QdBs-m4915ep1FGyXxmsQhO4HqBcdtgvg - null null
2026-05-17 23:10:06.203 +06:00 [INF] Request starting HTTP/1.1 GET http://localhost:5050/js/site.js?v=HetZ2x1ywqfbAsgVYnue5sWwP2tQv1Wu09PpJEA8sM4 - null null
2026-05-17 23:10:06.203 +06:00 [INF] Request starting HTTP/1.1 GET http://localhost:5050/lib/jquery-validation/dist/jquery.validate.min.js - null null
2026-05-17 23:10:06.204 +06:00 [INF] Sending file. Request path: '/js/site.js'. Physical path: 'F:\VisualStudio\CattleFarm\CattleFarm\wwwroot\js\site.js'
2026-05-17 23:10:06.204 +06:00 [INF] The file /css/site.css was not modified
2026-05-17 23:10:06.204 +06:00 [INF] Request starting HTTP/1.1 GET http://localhost:5050/lib/jquery-validation-unobtrusive/dist/jquery.validate.unobtrusive.min.js - null null
2026-05-17 23:10:06.204 +06:00 [INF] Request finished HTTP/1.1 GET http://localhost:5050/js/site.js?v=HetZ2x1ywqfbAsgVYnue5sWwP2tQv1Wu09PpJEA8sM4 - 200 6250 text/javascript 0.8963ms
2026-05-17 23:10:06.204 +06:00 [INF] Request finished HTTP/1.1 GET http://localhost:5050/css/site.css?v=zZUMxI0WF_QdBs-m4915ep1FGyXxmsQhO4HqBcdtgvg - 304 null text/css 1.1655ms
2026-05-17 23:10:06.205 +06:00 [INF] Sending file. Request path: '/lib/jquery-validation/dist/jquery.validate.min.js'. Physical path: 'F:\VisualStudio\CattleFarm\CattleFarm\wwwroot\lib\jquery-validation\dist\jquery.validate.min.js'
2026-05-17 23:10:06.205 +06:00 [INF] Sending file. Request path: '/lib/jquery-validation-unobtrusive/dist/jquery.validate.unobtrusive.min.js'. Physical path: 'F:\VisualStudio\CattleFarm\CattleFarm\wwwroot\lib\jquery-validation-unobtrusive\dist\jquery.validate.unobtrusive.min.js'
2026-05-17 23:10:06.205 +06:00 [INF] Request finished HTTP/1.1 GET http://localhost:5050/lib/jquery-validation/dist/jquery.validate.min.js - 200 25308 text/javascript 1.3011ms
2026-05-17 23:10:06.205 +06:00 [INF] Request finished HTTP/1.1 GET http://localhost:5050/lib/jquery-validation-unobtrusive/dist/jquery.validate.unobtrusive.min.js - 200 5824 text/javascript 0.8818ms
2026-05-17 23:10:25.948 +06:00 [INF] Request starting HTTP/1.1 POST http://localhost:5050/Account/Register - application/x-www-form-urlencoded 276
2026-05-17 23:10:25.953 +06:00 [INF] Executing endpoint 'CattleFarm.Controllers.AccountController.Register (CattleFarm)'
2026-05-17 23:10:25.958 +06:00 [INF] Route matched with {action = "Register", controller = "Account"}. Executing controller action with signature System.Threading.Tasks.Task`1[Microsoft.AspNetCore.Mvc.IActionResult] Register(CattleFarm.ViewModels.RegisterViewModel) on controller CattleFarm.Controllers.AccountController (CattleFarm).
2026-05-17 23:10:25.968 +06:00 [INF] Executed DbCommand (2ms) [Parameters=[@ToLower='?' (Size = 200)], CommandType='"Text"', CommandTimeout='30']
SELECT CASE
    WHEN EXISTS (
        SELECT 1
        FROM [Users] AS [u]
        WHERE [u].[IsDeleted] = CAST(0 AS bit) AND LOWER([u].[Email]) = @ToLower) THEN CAST(1 AS bit)
    ELSE CAST(0 AS bit)
END
2026-05-17 23:10:25.973 +06:00 [INF] Executed DbCommand (2ms) [Parameters=[@ToLower='?' (Size = 100)], CommandType='"Text"', CommandTimeout='30']
SELECT CASE
    WHEN EXISTS (
        SELECT 1
        FROM [Users] AS [u]
        WHERE [u].[IsDeleted] = CAST(0 AS bit) AND LOWER([u].[Username]) = @ToLower) THEN CAST(1 AS bit)
    ELSE CAST(0 AS bit)
END
2026-05-17 23:10:25.974 +06:00 [INF] Executed DbCommand (0ms) [Parameters=[@ToLower='?' (Size = 200)], CommandType='"Text"', CommandTimeout='30']
SELECT CASE
    WHEN EXISTS (
        SELECT 1
        FROM [Users] AS [u]
        WHERE [u].[IsDeleted] = CAST(0 AS bit) AND LOWER([u].[Email]) = @ToLower) THEN CAST(1 AS bit)
    ELSE CAST(0 AS bit)
END
2026-05-17 23:10:25.975 +06:00 [INF] Executed DbCommand (0ms) [Parameters=[@ToLower='?' (Size = 100)], CommandType='"Text"', CommandTimeout='30']
SELECT CASE
    WHEN EXISTS (
        SELECT 1
        FROM [Users] AS [u]
        WHERE [u].[IsDeleted] = CAST(0 AS bit) AND LOWER([u].[Username]) = @ToLower) THEN CAST(1 AS bit)
    ELSE CAST(0 AS bit)
END
2026-05-17 23:10:26.174 +06:00 [INF] Executed DbCommand (2ms) [Parameters=[@p0='?' (Size = 500), @p1='?' (DbType = DateTime2), @p2='?' (DbType = DateTime2), @p3='?' (Size = 200), @p4='?' (DbType = Int32), @p5='?' (Size = 200), @p6='?' (DbType = Boolean), @p7='?' (DbType = Boolean), @p8='?' (DbType = Boolean), @p9='?' (DbType = DateTime2), @p10='?' (DbType = DateTime2), @p11='?' (Size = 4000), @p12='?' (Size = 20), @p13='?' (Size = 4000), @p14='?' (Size = 4000), @p15='?' (Size = 50), @p16='?' (DbType = DateTime2), @p17='?' (Size = 4000), @p18='?' (DbType = Boolean), @p19='?' (Size = 4000), @p20='?' (DbType = DateTime2), @p21='?' (Size = 100)], CommandType='"Text"', CommandTimeout='30']
SET IMPLICIT_TRANSACTIONS OFF;
SET NOCOUNT ON;
INSERT INTO [Users] ([Address], [CreatedAt], [DeletedAt], [Email], [FailedLoginCount], [FullName], [IsActive], [IsDeleted], [IsEmailVerified], [LastLoginAt], [LockedUntil], [PasswordHash], [PhoneNumber], [PreferredLanguage], [ProfileImagePath], [Role], [SubscriptionExpiry], [SubscriptionType], [TwoFactorEnabled], [TwoFactorSecret], [UpdatedAt], [Username])
OUTPUT INSERTED.[Id]
VALUES (@p0, @p1, @p2, @p3, @p4, @p5, @p6, @p7, @p8, @p9, @p10, @p11, @p12, @p13, @p14, @p15, @p16, @p17, @p18, @p19, @p20, @p21);
2026-05-17 23:10:26.176 +06:00 [INF] Executing RedirectResult, redirecting to /.
2026-05-17 23:10:26.177 +06:00 [INF] Executed action CattleFarm.Controllers.AccountController.Register (CattleFarm) in 218.5222ms
2026-05-17 23:10:26.177 +06:00 [INF] Executed endpoint 'CattleFarm.Controllers.AccountController.Register (CattleFarm)'
2026-05-17 23:10:26.177 +06:00 [INF] Request finished HTTP/1.1 POST http://localhost:5050/Account/Register - 302 0 null 229.1185ms
2026-05-17 23:10:26.178 +06:00 [INF] Request starting HTTP/1.1 GET http://localhost:5050/ - null null
2026-05-17 23:10:26.178 +06:00 [INF] Executing endpoint 'CattleFarm.Controllers.AccountController.Login (CattleFarm)'
2026-05-17 23:10:26.178 +06:00 [INF] Route matched with {action = "Login", controller = "Account"}. Executing controller action with signature Microsoft.AspNetCore.Mvc.IActionResult Login(System.String) on controller CattleFarm.Controllers.AccountController (CattleFarm).
2026-05-17 23:10:26.179 +06:00 [INF] Executing ViewResult, running view Login.
2026-05-17 23:10:26.179 +06:00 [INF] Executed ViewResult - view Login executed in 0.563ms.
2026-05-17 23:10:26.179 +06:00 [INF] Executed action CattleFarm.Controllers.AccountController.Login (CattleFarm) in 0.999ms
2026-05-17 23:10:26.179 +06:00 [INF] Executed endpoint 'CattleFarm.Controllers.AccountController.Login (CattleFarm)'
2026-05-17 23:10:26.179 +06:00 [INF] Request finished HTTP/1.1 GET http://localhost:5050/ - 200 null text/html; charset=utf-8 1.2541ms
2026-05-17 23:10:37.103 +06:00 [INF] Request starting HTTP/1.1 POST http://localhost:5050/ - application/x-www-form-urlencoded 262
2026-05-17 23:10:37.104 +06:00 [INF] Executing endpoint 'CattleFarm.Controllers.AccountController.Login (CattleFarm)'
2026-05-17 23:10:37.104 +06:00 [INF] Route matched with {action = "Login", controller = "Account"}. Executing controller action with signature System.Threading.Tasks.Task`1[Microsoft.AspNetCore.Mvc.IActionResult] Login(CattleFarm.ViewModels.LoginViewModel, System.String) on controller CattleFarm.Controllers.AccountController (CattleFarm).
2026-05-17 23:10:37.107 +06:00 [INF] Executed DbCommand (2ms) [Parameters=[@ToLower='?' (Size = 200)], CommandType='"Text"', CommandTimeout='30']
SELECT TOP(1) [u].[Id], [u].[Address], [u].[CreatedAt], [u].[DeletedAt], [u].[Email], [u].[FailedLoginCount], [u].[FullName], [u].[IsActive], [u].[IsDeleted], [u].[IsEmailVerified], [u].[LastLoginAt], [u].[LockedUntil], [u].[PasswordHash], [u].[PhoneNumber], [u].[PreferredLanguage], [u].[ProfileImagePath], [u].[Role], [u].[SubscriptionExpiry], [u].[SubscriptionType], [u].[TwoFactorEnabled], [u].[TwoFactorSecret], [u].[UpdatedAt], [u].[Username]
FROM [Users] AS [u]
WHERE [u].[IsDeleted] = CAST(0 AS bit) AND LOWER([u].[Email]) = @ToLower
2026-05-17 23:10:37.314 +06:00 [INF] AuthenticationScheme: Cookies signed in.
2026-05-17 23:10:37.314 +06:00 [INF] Executing RedirectResult, redirecting to /Cattle/Index.
2026-05-17 23:10:37.314 +06:00 [INF] Executed action CattleFarm.Controllers.AccountController.Login (CattleFarm) in 210.4417ms
2026-05-17 23:10:37.314 +06:00 [INF] Executed endpoint 'CattleFarm.Controllers.AccountController.Login (CattleFarm)'
2026-05-17 23:10:37.314 +06:00 [INF] Request finished HTTP/1.1 POST http://localhost:5050/ - 302 0 null 210.9933ms
2026-05-17 23:10:37.316 +06:00 [INF] Request starting HTTP/1.1 GET http://localhost:5050/Cattle/Index - null null
2026-05-17 23:10:37.318 +06:00 [INF] Executing endpoint 'CattleFarm.Controllers.CattleController.Index (CattleFarm)'
2026-05-17 23:10:37.323 +06:00 [INF] Route matched with {action = "Index", controller = "Cattle"}. Executing controller action with signature System.Threading.Tasks.Task`1[Microsoft.AspNetCore.Mvc.IActionResult] Index(Int32, System.String, System.Nullable`1[System.Int32], System.Nullable`1[CattleFarm.Models.CattleStatus]) on controller CattleFarm.Controllers.CattleController (CattleFarm).
2026-05-17 23:10:37.342 +06:00 [INF] Executed DbCommand (3ms) [Parameters=[], CommandType='"Text"', CommandTimeout='30']
SELECT COUNT(*)
FROM [Cattles] AS [c]
WHERE [c].[IsDeleted] = CAST(0 AS bit)
2026-05-17 23:10:37.375 +06:00 [INF] Executed DbCommand (9ms) [Parameters=[@p='?' (DbType = Int32), @p1='?' (DbType = Int32)], CommandType='"Text"', CommandTimeout='30']
SELECT [c0].[Id], [c0].[ApprovalStatus], [c0].[Breed], [c0].[CreatedAt], [c0].[DateOfBirth], [c0].[DeletedAt], [c0].[Description], [c0].[FarmId], [c0].[Gender], [c0].[HealthStatus], [c0].[ImagePath], [c0].[IsDeleted], [c0].[IsListedForSale], [c0].[IsPremiumListing], [c0].[Name], [c0].[PurchaseDate], [c0].[PurchasePrice], [c0].[SaleDate], [c0].[SalePrice], [c0].[Status], [c0].[TagId], [c0].[UpdatedAt], [c0].[Weight], [f0].[Id], [f0].[ApprovalStatus], [f0].[Capacity], [f0].[CreatedAt], [f0].[DeletedAt], [f0].[Description], [f0].[FarmType], [f0].[ImagePath], [f0].[IsActive], [f0].[IsDeleted], [f0].[Latitude], [f0].[Location], [f0].[Longitude], [f0].[Name], [f0].[OwnerId], [f0].[SizeInAcres], [f0].[UpdatedAt]
FROM (
    SELECT [c].[Id], [c].[ApprovalStatus], [c].[Breed], [c].[CreatedAt], [c].[DateOfBirth], [c].[DeletedAt], [c].[Description], [c].[FarmId], [c].[Gender], [c].[HealthStatus], [c].[ImagePath], [c].[IsDeleted], [c].[IsListedForSale], [c].[IsPremiumListing], [c].[Name], [c].[PurchaseDate], [c].[PurchasePrice], [c].[SaleDate], [c].[SalePrice], [c].[Status], [c].[TagId], [c].[UpdatedAt], [c].[Weight]
    FROM [Cattles] AS [c]
    WHERE [c].[IsDeleted] = CAST(0 AS bit)
    ORDER BY [c].[CreatedAt] DESC
    OFFSET @p ROWS FETCH NEXT @p1 ROWS ONLY
) AS [c0]
INNER JOIN (
    SELECT [f].[Id], [f].[ApprovalStatus], [f].[Capacity], [f].[CreatedAt], [f].[DeletedAt], [f].[Description], [f].[FarmType], [f].[ImagePath], [f].[IsActive], [f].[IsDeleted], [f].[Latitude], [f].[Location], [f].[Longitude], [f].[Name], [f].[OwnerId], [f].[SizeInAcres], [f].[UpdatedAt]
    FROM [Farms] AS [f]
    WHERE [f].[IsDeleted] = CAST(0 AS bit)
) AS [f0] ON [c0].[FarmId] = [f0].[Id]
ORDER BY [c0].[CreatedAt] DESC
2026-05-17 23:10:37.380 +06:00 [INF] Executing ViewResult, running view Index.
2026-05-17 23:10:37.388 +06:00 [INF] Executed ViewResult - view Index executed in 8.1515ms.
2026-05-17 23:10:37.388 +06:00 [INF] Executed action CattleFarm.Controllers.CattleController.Index (CattleFarm) in 65.1313ms
2026-05-17 23:10:37.388 +06:00 [INF] Executed endpoint 'CattleFarm.Controllers.CattleController.Index (CattleFarm)'
2026-05-17 23:10:37.388 +06:00 [INF] Request finished HTTP/1.1 GET http://localhost:5050/Cattle/Index - 200 null text/html; charset=utf-8 71.967ms
2026-05-17 23:10:37.400 +06:00 [INF] Request starting HTTP/1.1 GET http://localhost:5050/img/default-avatar.png - null null
2026-05-17 23:10:37.402 +06:00 [INF] Request starting HTTP/1.1 GET http://localhost:5050/Notification/UnreadCount - null null
2026-05-17 23:10:37.403 +06:00 [INF] Request finished HTTP/1.1 GET http://localhost:5050/img/default-avatar.png - 404 0 null 3.0915ms
2026-05-17 23:10:37.404 +06:00 [INF] Request reached the end of the middleware pipeline without being handled by application code. Request path: GET http://localhost:5050/img/default-avatar.png, Response status code: 404
2026-05-17 23:10:37.405 +06:00 [INF] Executing endpoint 'CattleFarm.Controllers.NotificationController.UnreadCount (CattleFarm)'
2026-05-17 23:10:37.408 +06:00 [INF] Route matched with {action = "UnreadCount", controller = "Notification"}. Executing controller action with signature System.Threading.Tasks.Task`1[Microsoft.AspNetCore.Mvc.IActionResult] UnreadCount() on controller CattleFarm.Controllers.NotificationController (CattleFarm).
2026-05-17 23:10:37.418 +06:00 [INF] Executed DbCommand (5ms) [Parameters=[@userId='?' (DbType = Int32)], CommandType='"Text"', CommandTimeout='30']
SELECT COUNT(*)
FROM [Notifications] AS [n]
WHERE [n].[UserId] = @userId AND [n].[IsRead] = CAST(0 AS bit)
2026-05-17 23:10:37.419 +06:00 [INF] Executing JsonResult, writing value of type '<>f__AnonymousType3`1[[System.Int32, System.Private.CoreLib, Version=10.0.0.0, Culture=neutral, PublicKeyToken=7cec85d7bea7798e]]'.
2026-05-17 23:10:37.425 +06:00 [INF] Executed action CattleFarm.Controllers.NotificationController.UnreadCount (CattleFarm) in 16.8188ms
2026-05-17 23:10:37.425 +06:00 [INF] Executed endpoint 'CattleFarm.Controllers.NotificationController.UnreadCount (CattleFarm)'
2026-05-17 23:10:37.425 +06:00 [INF] Request finished HTTP/1.1 GET http://localhost:5050/Notification/UnreadCount - 200 null application/json; charset=utf-8 23.014ms
2026-05-17 23:10:53.135 +06:00 [INF] Request starting HTTP/1.1 GET http://localhost:5050/Health - null null
2026-05-17 23:10:53.136 +06:00 [INF] Request finished HTTP/1.1 GET http://localhost:5050/Health - 404 0 null 0.5114ms
2026-05-17 23:10:53.136 +06:00 [INF] Request reached the end of the middleware pipeline without being handled by application code. Request path: GET http://localhost:5050/Health, Response status code: 404
2026-05-17 23:24:19.616 +06:00 [WRN] Entity 'Cattle' has a global query filter defined and is the required end of a relationship with the entity 'Appointment'. This may lead to unexpected results when the required entity is filtered out. Either configure the navigation as optional, or define matching query filters for both entities in the navigation. See https://go.microsoft.com/fwlink/?linkid=2131316 for more information.
2026-05-17 23:24:19.637 +06:00 [WRN] Entity 'Cattle' has a global query filter defined and is the required end of a relationship with the entity 'MedicineRecord'. This may lead to unexpected results when the required entity is filtered out. Either configure the navigation as optional, or define matching query filters for both entities in the navigation. See https://go.microsoft.com/fwlink/?linkid=2131316 for more information.
2026-05-17 23:24:19.637 +06:00 [WRN] Entity 'Cattle' has a global query filter defined and is the required end of a relationship with the entity 'MilkProduction'. This may lead to unexpected results when the required entity is filtered out. Either configure the navigation as optional, or define matching query filters for both entities in the navigation. See https://go.microsoft.com/fwlink/?linkid=2131316 for more information.
2026-05-17 23:24:19.637 +06:00 [WRN] Entity 'User' has a global query filter defined and is the required end of a relationship with the entity 'Notification'. This may lead to unexpected results when the required entity is filtered out. Either configure the navigation as optional, or define matching query filters for both entities in the navigation. See https://go.microsoft.com/fwlink/?linkid=2131316 for more information.
2026-05-17 23:24:19.637 +06:00 [WRN] Entity 'User' has a global query filter defined and is the required end of a relationship with the entity 'Order'. This may lead to unexpected results when the required entity is filtered out. Either configure the navigation as optional, or define matching query filters for both entities in the navigation. See https://go.microsoft.com/fwlink/?linkid=2131316 for more information.
2026-05-17 23:24:19.637 +06:00 [WRN] Entity 'Product' has a global query filter defined and is the required end of a relationship with the entity 'OrderItem'. This may lead to unexpected results when the required entity is filtered out. Either configure the navigation as optional, or define matching query filters for both entities in the navigation. See https://go.microsoft.com/fwlink/?linkid=2131316 for more information.
2026-05-17 23:24:19.637 +06:00 [WRN] Entity 'User' has a global query filter defined and is the required end of a relationship with the entity 'Payment'. This may lead to unexpected results when the required entity is filtered out. Either configure the navigation as optional, or define matching query filters for both entities in the navigation. See https://go.microsoft.com/fwlink/?linkid=2131316 for more information.
2026-05-17 23:24:19.637 +06:00 [WRN] Entity 'User' has a global query filter defined and is the required end of a relationship with the entity 'Subscription'. This may lead to unexpected results when the required entity is filtered out. Either configure the navigation as optional, or define matching query filters for both entities in the navigation. See https://go.microsoft.com/fwlink/?linkid=2131316 for more information.
2026-05-17 23:24:19.637 +06:00 [WRN] Entity 'Cattle' has a global query filter defined and is the required end of a relationship with the entity 'Vaccination'. This may lead to unexpected results when the required entity is filtered out. Either configure the navigation as optional, or define matching query filters for both entities in the navigation. See https://go.microsoft.com/fwlink/?linkid=2131316 for more information.
2026-05-17 23:24:19.638 +06:00 [WRN] Entity 'Worker' has a global query filter defined and is the required end of a relationship with the entity 'WorkerAttendance'. This may lead to unexpected results when the required entity is filtered out. Either configure the navigation as optional, or define matching query filters for both entities in the navigation. See https://go.microsoft.com/fwlink/?linkid=2131316 for more information.
2026-05-17 23:24:19.898 +06:00 [INF] Executed DbCommand (14ms) [Parameters=[], CommandType='"Text"', CommandTimeout='30']
SELECT 1
2026-05-17 23:24:19.937 +06:00 [INF] Executed DbCommand (31ms) [Parameters=[], CommandType='"Text"', CommandTimeout='30']

IF EXISTS
    (SELECT *
     FROM [sys].[objects] o
     WHERE [o].[type] = 'U'
     AND [o].[is_ms_shipped] = 0
     AND [o].[object_id] NOT IN (SELECT [ep].[major_id]
        FROM [sys].[extended_properties] AS [ep]
        WHERE [ep].[minor_id] = 0
            AND [ep].[class] = 1
            AND [ep].[name] = N'microsoft_database_tools_support'
    )
)
SELECT 1 ELSE SELECT 0
2026-05-17 23:24:20.080 +06:00 [INF] Executed DbCommand (3ms) [Parameters=[], CommandType='"Text"', CommandTimeout='30']
SELECT CASE
    WHEN EXISTS (
        SELECT 1
        FROM [Users] AS [u]
        WHERE [u].[IsDeleted] = CAST(0 AS bit)) THEN CAST(1 AS bit)
    ELSE CAST(0 AS bit)
END
2026-05-17 23:24:20.168 +06:00 [INF] User profile is available. Using 'C:\Users\USER\AppData\Local\ASP.NET\DataProtection-Keys' as key repository and Windows DPAPI to encrypt keys at rest.
2026-05-17 23:24:20.219 +06:00 [INF] Now listening on: http://localhost:5050
2026-05-17 23:24:20.220 +06:00 [INF] Application started. Press Ctrl+C to shut down.
2026-05-17 23:24:20.220 +06:00 [INF] Hosting environment: Development
2026-05-17 23:24:20.220 +06:00 [INF] Content root path: F:\VisualStudio\CattleFarm\CattleFarm
2026-05-17 23:34:16.670 +06:00 [INF] Request starting HTTP/1.1 GET http://localhost:5050/ - null null
2026-05-17 23:34:16.672 +06:00 [WRN] Failed to determine the https port for redirect.
2026-05-17 23:34:16.703 +06:00 [INF] Executing endpoint 'CattleFarm.Controllers.AccountController.Login (CattleFarm)'
2026-05-17 23:34:16.709 +06:00 [INF] Route matched with {action = "Login", controller = "Account"}. Executing controller action with signature Microsoft.AspNetCore.Mvc.IActionResult Login(System.String) on controller CattleFarm.Controllers.AccountController (CattleFarm).
2026-05-17 23:34:16.727 +06:00 [INF] Executing ViewResult, running view Login.
2026-05-17 23:34:16.768 +06:00 [INF] Executed ViewResult - view Login executed in 41.9767ms.
2026-05-17 23:34:16.769 +06:00 [INF] Executed action CattleFarm.Controllers.AccountController.Login (CattleFarm) in 59.0687ms
2026-05-17 23:34:16.769 +06:00 [INF] Executed endpoint 'CattleFarm.Controllers.AccountController.Login (CattleFarm)'
2026-05-17 23:34:16.771 +06:00 [INF] Request finished HTTP/1.1 GET http://localhost:5050/ - 200 null text/html; charset=utf-8 101.4011ms
2026-05-17 23:34:16.783 +06:00 [INF] Request starting HTTP/1.1 GET http://localhost:5050/css/site.css?v=zZUMxI0WF_QdBs-m4915ep1FGyXxmsQhO4HqBcdtgvg - null null
2026-05-17 23:34:16.786 +06:00 [INF] The file /css/site.css was not modified
2026-05-17 23:34:16.787 +06:00 [INF] Request finished HTTP/1.1 GET http://localhost:5050/css/site.css?v=zZUMxI0WF_QdBs-m4915ep1FGyXxmsQhO4HqBcdtgvg - 304 null text/css 4.0682ms
2026-05-17 23:34:34.708 +06:00 [INF] Request starting HTTP/1.1 GET http://localhost:5050/Account/Login - null null
2026-05-17 23:34:34.717 +06:00 [INF] Executing endpoint 'CattleFarm.Controllers.AccountController.Login (CattleFarm)'
2026-05-17 23:34:34.718 +06:00 [INF] Route matched with {action = "Login", controller = "Account"}. Executing controller action with signature Microsoft.AspNetCore.Mvc.IActionResult Login(System.String) on controller CattleFarm.Controllers.AccountController (CattleFarm).
2026-05-17 23:34:34.775 +06:00 [INF] Executing ViewResult, running view Login.
2026-05-17 23:34:34.781 +06:00 [INF] Executed ViewResult - view Login executed in 6.1702ms.
2026-05-17 23:34:34.782 +06:00 [INF] Executed action CattleFarm.Controllers.AccountController.Login (CattleFarm) in 63.6206ms
2026-05-17 23:34:34.782 +06:00 [INF] Executed endpoint 'CattleFarm.Controllers.AccountController.Login (CattleFarm)'
2026-05-17 23:34:34.782 +06:00 [INF] Request finished HTTP/1.1 GET http://localhost:5050/Account/Login - 200 null text/html; charset=utf-8 74.4936ms
2026-05-17 23:35:55.306 +06:00 [INF] Request starting HTTP/1.1 POST http://localhost:5050/ - application/x-www-form-urlencoded 260
2026-05-17 23:35:55.309 +06:00 [INF] Executing endpoint 'CattleFarm.Controllers.AccountController.Login (CattleFarm)'
2026-05-17 23:35:55.318 +06:00 [INF] Route matched with {action = "Login", controller = "Account"}. Executing controller action with signature System.Threading.Tasks.Task`1[Microsoft.AspNetCore.Mvc.IActionResult] Login(CattleFarm.ViewModels.LoginViewModel, System.String) on controller CattleFarm.Controllers.AccountController (CattleFarm).
2026-05-17 23:35:55.428 +06:00 [INF] Executed DbCommand (13ms) [Parameters=[@ToLower='?' (Size = 200)], CommandType='"Text"', CommandTimeout='30']
SELECT TOP(1) [u].[Id], [u].[Address], [u].[CreatedAt], [u].[DeletedAt], [u].[Email], [u].[FailedLoginCount], [u].[FullName], [u].[IsActive], [u].[IsDeleted], [u].[IsEmailVerified], [u].[LastLoginAt], [u].[LockedUntil], [u].[PasswordHash], [u].[PhoneNumber], [u].[PreferredLanguage], [u].[ProfileImagePath], [u].[Role], [u].[SubscriptionExpiry], [u].[SubscriptionType], [u].[TwoFactorEnabled], [u].[TwoFactorSecret], [u].[UpdatedAt], [u].[Username]
FROM [Users] AS [u]
WHERE [u].[IsDeleted] = CAST(0 AS bit) AND LOWER([u].[Email]) = @ToLower
2026-05-17 23:35:55.631 +06:00 [INF] AuthenticationScheme: Cookies signed in.
2026-05-17 23:35:55.633 +06:00 [INF] Executing RedirectResult, redirecting to /Dashboard/Index.
2026-05-17 23:35:55.633 +06:00 [INF] Executed action CattleFarm.Controllers.AccountController.Login (CattleFarm) in 314.6511ms
2026-05-17 23:35:55.633 +06:00 [INF] Executed endpoint 'CattleFarm.Controllers.AccountController.Login (CattleFarm)'
2026-05-17 23:35:55.634 +06:00 [INF] Request finished HTTP/1.1 POST http://localhost:5050/ - 302 0 null 327.861ms
2026-05-17 23:35:55.637 +06:00 [INF] Request starting HTTP/1.1 GET http://localhost:5050/Dashboard/Index - null null
2026-05-17 23:35:55.642 +06:00 [INF] Executing endpoint 'CattleFarm.Controllers.DashboardController.Index (CattleFarm)'
2026-05-17 23:35:55.646 +06:00 [INF] Route matched with {action = "Index", controller = "Dashboard"}. Executing controller action with signature System.Threading.Tasks.Task`1[Microsoft.AspNetCore.Mvc.IActionResult] Index(System.Nullable`1[System.Int32]) on controller CattleFarm.Controllers.DashboardController (CattleFarm).
2026-05-17 23:35:55.677 +06:00 [INF] Executed DbCommand (2ms) [Parameters=[@userId='?' (DbType = Int32)], CommandType='"Text"', CommandTimeout='30']
SELECT COUNT(*)
FROM [Notifications] AS [n]
WHERE [n].[UserId] = @userId AND [n].[IsRead] = CAST(0 AS bit)
2026-05-17 23:35:55.694 +06:00 [INF] Executed DbCommand (1ms) [Parameters=[], CommandType='"Text"', CommandTimeout='30']
SELECT [u].[Id], [u].[Address], [u].[CreatedAt], [u].[DeletedAt], [u].[Email], [u].[FailedLoginCount], [u].[FullName], [u].[IsActive], [u].[IsDeleted], [u].[IsEmailVerified], [u].[LastLoginAt], [u].[LockedUntil], [u].[PasswordHash], [u].[PhoneNumber], [u].[PreferredLanguage], [u].[ProfileImagePath], [u].[Role], [u].[SubscriptionExpiry], [u].[SubscriptionType], [u].[TwoFactorEnabled], [u].[TwoFactorSecret], [u].[UpdatedAt], [u].[Username]
FROM [Users] AS [u]
WHERE [u].[IsDeleted] = CAST(0 AS bit)
2026-05-17 23:35:55.704 +06:00 [INF] Executed DbCommand (2ms) [Parameters=[], CommandType='"Text"', CommandTimeout='30']
SELECT [f].[Id], [f].[ApprovalStatus], [f].[Capacity], [f].[CreatedAt], [f].[DeletedAt], [f].[Description], [f].[FarmType], [f].[ImagePath], [f].[IsActive], [f].[IsDeleted], [f].[Latitude], [f].[Location], [f].[Longitude], [f].[Name], [f].[OwnerId], [f].[SizeInAcres], [f].[UpdatedAt]
FROM [Farms] AS [f]
WHERE [f].[IsDeleted] = CAST(0 AS bit)
2026-05-17 23:35:55.748 +06:00 [INF] Executed DbCommand (3ms) [Parameters=[], CommandType='"Text"', CommandTimeout='30']
SELECT [c].[Id], [c].[ApprovalStatus], [c].[Breed], [c].[CreatedAt], [c].[DateOfBirth], [c].[DeletedAt], [c].[Description], [c].[FarmId], [c].[Gender], [c].[HealthStatus], [c].[ImagePath], [c].[IsDeleted], [c].[IsListedForSale], [c].[IsPremiumListing], [c].[Name], [c].[PurchaseDate], [c].[PurchasePrice], [c].[SaleDate], [c].[SalePrice], [c].[Status], [c].[TagId], [c].[UpdatedAt], [c].[Weight]
FROM [Cattles] AS [c]
WHERE [c].[IsDeleted] = CAST(0 AS bit)
2026-05-17 23:35:55.788 +06:00 [INF] Executed DbCommand (4ms) [Parameters=[], CommandType='"Text"', CommandTimeout='30']
SELECT [w].[Id], [w].[CreatedAt], [w].[DeletedAt], [w].[Email], [w].[ExperienceYears], [w].[FarmId], [w].[FullName], [w].[HiredAt], [w].[ImagePath], [w].[IsActive], [w].[IsAvailable], [w].[IsDeleted], [w].[Notes], [w].[Phone], [w].[Role], [w].[Salary], [w].[Skills], [w].[UpdatedAt], [w].[UserId]
FROM [Workers] AS [w]
WHERE [w].[IsDeleted] = CAST(0 AS bit)
2026-05-17 23:35:55.811 +06:00 [INF] Executed DbCommand (3ms) [Parameters=[], CommandType='"Text"', CommandTimeout='30']
SELECT [d].[Id], [d].[ConsultationFee], [d].[CreatedAt], [d].[DeletedAt], [d].[Email], [d].[FarmId], [d].[FullName], [d].[ImagePath], [d].[IsActive], [d].[IsAvailable], [d].[IsDeleted], [d].[LicenseNumber], [d].[Notes], [d].[Phone], [d].[Specialization], [d].[UpdatedAt], [d].[UserId]
FROM [Doctors] AS [d]
WHERE [d].[IsDeleted] = CAST(0 AS bit)
2026-05-17 23:35:55.859 +06:00 [INF] Executed DbCommand (5ms) [Parameters=[@p='?' (DbType = Int32)], CommandType='"Text"', CommandTimeout='30']
SELECT [a0].[Id], [a0].[Description], [a0].[EntityId], [a0].[EntityName], [a0].[IPAddress], [a0].[Timestamp], [a0].[UserId], [u0].[Id], [u0].[Address], [u0].[CreatedAt], [u0].[DeletedAt], [u0].[Email], [u0].[FailedLoginCount], [u0].[FullName], [u0].[IsActive], [u0].[IsDeleted], [u0].[IsEmailVerified], [u0].[LastLoginAt], [u0].[LockedUntil], [u0].[PasswordHash], [u0].[PhoneNumber], [u0].[PreferredLanguage], [u0].[ProfileImagePath], [u0].[Role], [u0].[SubscriptionExpiry], [u0].[SubscriptionType], [u0].[TwoFactorEnabled], [u0].[TwoFactorSecret], [u0].[UpdatedAt], [u0].[Username]
FROM (
    SELECT TOP(@p) [a].[Id], [a].[Description], [a].[EntityId], [a].[EntityName], [a].[IPAddress], [a].[Timestamp], [a].[UserId]
    FROM [ActivityLogs] AS [a]
    ORDER BY [a].[Timestamp] DESC
) AS [a0]
LEFT JOIN (
    SELECT [u].[Id], [u].[Address], [u].[CreatedAt], [u].[DeletedAt], [u].[Email], [u].[FailedLoginCount], [u].[FullName], [u].[IsActive], [u].[IsDeleted], [u].[IsEmailVerified], [u].[LastLoginAt], [u].[LockedUntil], [u].[PasswordHash], [u].[PhoneNumber], [u].[PreferredLanguage], [u].[ProfileImagePath], [u].[Role], [u].[SubscriptionExpiry], [u].[SubscriptionType], [u].[TwoFactorEnabled], [u].[TwoFactorSecret], [u].[UpdatedAt], [u].[Username]
    FROM [Users] AS [u]
    WHERE [u].[IsDeleted] = CAST(0 AS bit)
) AS [u0] ON [a0].[UserId] = [u0].[Id]
ORDER BY [a0].[Timestamp] DESC
2026-05-17 23:35:55.871 +06:00 [INF] Executed DbCommand (1ms) [Parameters=[], CommandType='"Text"', CommandTimeout='30']
SELECT COUNT(*)
FROM [AuditLogs] AS [a]
2026-05-17 23:35:55.884 +06:00 [INF] Executed DbCommand (5ms) [Parameters=[@p='?' (DbType = Int32), @p1='?' (DbType = Int32)], CommandType='"Text"', CommandTimeout='30']
SELECT [a0].[Id], [a0].[Action], [a0].[EntityId], [a0].[EntityName], [a0].[IPAddress], [a0].[NewValues], [a0].[OldValues], [a0].[Timestamp], [a0].[UserAgent], [a0].[UserId], [u0].[Id], [u0].[Address], [u0].[CreatedAt], [u0].[DeletedAt], [u0].[Email], [u0].[FailedLoginCount], [u0].[FullName], [u0].[IsActive], [u0].[IsDeleted], [u0].[IsEmailVerified], [u0].[LastLoginAt], [u0].[LockedUntil], [u0].[PasswordHash], [u0].[PhoneNumber], [u0].[PreferredLanguage], [u0].[ProfileImagePath], [u0].[Role], [u0].[SubscriptionExpiry], [u0].[SubscriptionType], [u0].[TwoFactorEnabled], [u0].[TwoFactorSecret], [u0].[UpdatedAt], [u0].[Username]
FROM (
    SELECT [a].[Id], [a].[Action], [a].[EntityId], [a].[EntityName], [a].[IPAddress], [a].[NewValues], [a].[OldValues], [a].[Timestamp], [a].[UserAgent], [a].[UserId]
    FROM [AuditLogs] AS [a]
    ORDER BY [a].[Timestamp] DESC
    OFFSET @p ROWS FETCH NEXT @p1 ROWS ONLY
) AS [a0]
LEFT JOIN (
    SELECT [u].[Id], [u].[Address], [u].[CreatedAt], [u].[DeletedAt], [u].[Email], [u].[FailedLoginCount], [u].[FullName], [u].[IsActive], [u].[IsDeleted], [u].[IsEmailVerified], [u].[LastLoginAt], [u].[LockedUntil], [u].[PasswordHash], [u].[PhoneNumber], [u].[PreferredLanguage], [u].[ProfileImagePath], [u].[Role], [u].[SubscriptionExpiry], [u].[SubscriptionType], [u].[TwoFactorEnabled], [u].[TwoFactorSecret], [u].[UpdatedAt], [u].[Username]
    FROM [Users] AS [u]
    WHERE [u].[IsDeleted] = CAST(0 AS bit)
) AS [u0] ON [a0].[UserId] = [u0].[Id]
ORDER BY [a0].[Timestamp] DESC
2026-05-17 23:35:55.894 +06:00 [INF] Executing ViewResult, running view Admin.
2026-05-17 23:35:55.911 +06:00 [INF] Executed ViewResult - view Admin executed in 17.7129ms.
2026-05-17 23:35:55.911 +06:00 [INF] Executed action CattleFarm.Controllers.DashboardController.Index (CattleFarm) in 265.2906ms
2026-05-17 23:35:55.911 +06:00 [INF] Executed endpoint 'CattleFarm.Controllers.DashboardController.Index (CattleFarm)'
2026-05-17 23:35:55.911 +06:00 [INF] Request finished HTTP/1.1 GET http://localhost:5050/Dashboard/Index - 200 null text/html; charset=utf-8 274.909ms
2026-05-17 23:35:55.930 +06:00 [INF] Request starting HTTP/1.1 GET http://localhost:5050/img/default-avatar.png - null null
2026-05-17 23:35:55.931 +06:00 [INF] Request finished HTTP/1.1 GET http://localhost:5050/img/default-avatar.png - 404 0 null 1.0376ms
2026-05-17 23:35:55.931 +06:00 [INF] Request reached the end of the middleware pipeline without being handled by application code. Request path: GET http://localhost:5050/img/default-avatar.png, Response status code: 404
2026-05-17 23:35:55.932 +06:00 [INF] Request starting HTTP/1.1 GET http://localhost:5050/js/site.js?v=HetZ2x1ywqfbAsgVYnue5sWwP2tQv1Wu09PpJEA8sM4 - null null
2026-05-17 23:35:55.932 +06:00 [INF] The file /js/site.js was not modified
2026-05-17 23:35:55.932 +06:00 [INF] Request finished HTTP/1.1 GET http://localhost:5050/js/site.js?v=HetZ2x1ywqfbAsgVYnue5sWwP2tQv1Wu09PpJEA8sM4 - 304 null text/javascript 0.2751ms
2026-05-17 23:35:56.046 +06:00 [INF] Request starting HTTP/1.1 GET http://localhost:5050/Notification/UnreadCount - null null
2026-05-17 23:35:56.047 +06:00 [INF] Executing endpoint 'CattleFarm.Controllers.NotificationController.UnreadCount (CattleFarm)'
2026-05-17 23:35:56.051 +06:00 [INF] Route matched with {action = "UnreadCount", controller = "Notification"}. Executing controller action with signature System.Threading.Tasks.Task`1[Microsoft.AspNetCore.Mvc.IActionResult] UnreadCount() on controller CattleFarm.Controllers.NotificationController (CattleFarm).
2026-05-17 23:35:56.054 +06:00 [INF] Executed DbCommand (0ms) [Parameters=[@userId='?' (DbType = Int32)], CommandType='"Text"', CommandTimeout='30']
SELECT COUNT(*)
FROM [Notifications] AS [n]
WHERE [n].[UserId] = @userId AND [n].[IsRead] = CAST(0 AS bit)
2026-05-17 23:35:56.055 +06:00 [INF] Executing JsonResult, writing value of type '<>f__AnonymousType3`1[[System.Int32, System.Private.CoreLib, Version=10.0.0.0, Culture=neutral, PublicKeyToken=7cec85d7bea7798e]]'.
2026-05-17 23:35:56.064 +06:00 [INF] Executed action CattleFarm.Controllers.NotificationController.UnreadCount (CattleFarm) in 13.6244ms
2026-05-17 23:35:56.064 +06:00 [INF] Executed endpoint 'CattleFarm.Controllers.NotificationController.UnreadCount (CattleFarm)'
2026-05-17 23:35:56.065 +06:00 [INF] Request finished HTTP/1.1 GET http://localhost:5050/Notification/UnreadCount - 200 null application/json; charset=utf-8 18.385ms
2026-05-17 23:36:56.064 +06:00 [INF] Request starting HTTP/1.1 GET http://localhost:5050/Notification/UnreadCount - null null
2026-05-17 23:36:56.073 +06:00 [INF] Executing endpoint 'CattleFarm.Controllers.NotificationController.UnreadCount (CattleFarm)'
2026-05-17 23:36:56.073 +06:00 [INF] Route matched with {action = "UnreadCount", controller = "Notification"}. Executing controller action with signature System.Threading.Tasks.Task`1[Microsoft.AspNetCore.Mvc.IActionResult] UnreadCount() on controller CattleFarm.Controllers.NotificationController (CattleFarm).
2026-05-17 23:36:56.077 +06:00 [INF] Executed DbCommand (1ms) [Parameters=[@userId='?' (DbType = Int32)], CommandType='"Text"', CommandTimeout='30']
SELECT COUNT(*)
FROM [Notifications] AS [n]
WHERE [n].[UserId] = @userId AND [n].[IsRead] = CAST(0 AS bit)
2026-05-17 23:36:56.077 +06:00 [INF] Executing JsonResult, writing value of type '<>f__AnonymousType3`1[[System.Int32, System.Private.CoreLib, Version=10.0.0.0, Culture=neutral, PublicKeyToken=7cec85d7bea7798e]]'.
2026-05-17 23:36:56.078 +06:00 [INF] Executed action CattleFarm.Controllers.NotificationController.UnreadCount (CattleFarm) in 4.7099ms
2026-05-17 23:36:56.078 +06:00 [INF] Executed endpoint 'CattleFarm.Controllers.NotificationController.UnreadCount (CattleFarm)'
2026-05-17 23:36:56.078 +06:00 [INF] Request finished HTTP/1.1 GET http://localhost:5050/Notification/UnreadCount - 200 null application/json; charset=utf-8 14.1429ms
2026-05-17 23:37:38.668 +06:00 [INF] Request starting HTTP/1.1 GET http://localhost:5050/Notification - null null
2026-05-17 23:37:38.669 +06:00 [INF] Request finished HTTP/1.1 GET http://localhost:5050/Notification - 404 0 null 0.4533ms
2026-05-17 23:37:38.669 +06:00 [INF] Request reached the end of the middleware pipeline without being handled by application code. Request path: GET http://localhost:5050/Notification, Response status code: 404
