2026-05-17 23:55:08.251 +06:00 [WRN] Entity 'Cattle' has a global query filter defined and is the required end of a relationship with the entity 'Appointment'. This may lead to unexpected results when the required entity is filtered out. Either configure the navigation as optional, or define matching query filters for both entities in the navigation. See https://go.microsoft.com/fwlink/?linkid=2131316 for more information.
2026-05-17 23:55:08.281 +06:00 [WRN] Entity 'Cattle' has a global query filter defined and is the required end of a relationship with the entity 'MedicineRecord'. This may lead to unexpected results when the required entity is filtered out. Either configure the navigation as optional, or define matching query filters for both entities in the navigation. See https://go.microsoft.com/fwlink/?linkid=2131316 for more information.
2026-05-17 23:55:08.282 +06:00 [WRN] Entity 'Cattle' has a global query filter defined and is the required end of a relationship with the entity 'MilkProduction'. This may lead to unexpected results when the required entity is filtered out. Either configure the navigation as optional, or define matching query filters for both entities in the navigation. See https://go.microsoft.com/fwlink/?linkid=2131316 for more information.
2026-05-17 23:55:08.283 +06:00 [WRN] Entity 'User' has a global query filter defined and is the required end of a relationship with the entity 'Notification'. This may lead to unexpected results when the required entity is filtered out. Either configure the navigation as optional, or define matching query filters for both entities in the navigation. See https://go.microsoft.com/fwlink/?linkid=2131316 for more information.
2026-05-17 23:55:08.284 +06:00 [WRN] Entity 'User' has a global query filter defined and is the required end of a relationship with the entity 'Order'. This may lead to unexpected results when the required entity is filtered out. Either configure the navigation as optional, or define matching query filters for both entities in the navigation. See https://go.microsoft.com/fwlink/?linkid=2131316 for more information.
2026-05-17 23:55:08.285 +06:00 [WRN] Entity 'Product' has a global query filter defined and is the required end of a relationship with the entity 'OrderItem'. This may lead to unexpected results when the required entity is filtered out. Either configure the navigation as optional, or define matching query filters for both entities in the navigation. See https://go.microsoft.com/fwlink/?linkid=2131316 for more information.
2026-05-17 23:55:08.286 +06:00 [WRN] Entity 'User' has a global query filter defined and is the required end of a relationship with the entity 'Payment'. This may lead to unexpected results when the required entity is filtered out. Either configure the navigation as optional, or define matching query filters for both entities in the navigation. See https://go.microsoft.com/fwlink/?linkid=2131316 for more information.
2026-05-17 23:55:08.287 +06:00 [WRN] Entity 'User' has a global query filter defined and is the required end of a relationship with the entity 'Subscription'. This may lead to unexpected results when the required entity is filtered out. Either configure the navigation as optional, or define matching query filters for both entities in the navigation. See https://go.microsoft.com/fwlink/?linkid=2131316 for more information.
2026-05-17 23:55:08.288 +06:00 [WRN] Entity 'Cattle' has a global query filter defined and is the required end of a relationship with the entity 'Vaccination'. This may lead to unexpected results when the required entity is filtered out. Either configure the navigation as optional, or define matching query filters for both entities in the navigation. See https://go.microsoft.com/fwlink/?linkid=2131316 for more information.
2026-05-17 23:55:08.290 +06:00 [WRN] Entity 'Worker' has a global query filter defined and is the required end of a relationship with the entity 'WorkerAttendance'. This may lead to unexpected results when the required entity is filtered out. Either configure the navigation as optional, or define matching query filters for both entities in the navigation. See https://go.microsoft.com/fwlink/?linkid=2131316 for more information.
2026-05-17 23:55:08.619 +06:00 [INF] Executed DbCommand (16ms) [Parameters=[], CommandType='"Text"', CommandTimeout='30']
SELECT 1
2026-05-17 23:55:08.669 +06:00 [INF] Executed DbCommand (29ms) [Parameters=[], CommandType='"Text"', CommandTimeout='30']

IF EXISTS
    (SELECT *
     FROM [sys].[objects] o
     WHERE [o].[type] = 'U'
     AND [o].[is_ms_shipped] = 0
     AND [o].[object_id] NOT IN (SELECT [ep].[major_id]
        FROM [sys].[extended_properties] AS [ep]
        WHERE [ep].[minor_id] = 0
            AND [ep].[class] = 1
            AND [ep].[name] = N'microsoft_database_tools_support'
    )
)
SELECT 1 ELSE SELECT 0
2026-05-17 23:55:08.838 +06:00 [INF] Executed DbCommand (3ms) [Parameters=[], CommandType='"Text"', CommandTimeout='30']
SELECT CASE
    WHEN EXISTS (
        SELECT 1
        FROM [Users] AS [u]
        WHERE [u].[IsDeleted] = CAST(0 AS bit)) THEN CAST(1 AS bit)
    ELSE CAST(0 AS bit)
END
2026-05-17 23:55:08.995 +06:00 [INF] User profile is available. Using 'C:\Users\USER\AppData\Local\ASP.NET\DataProtection-Keys' as key repository and Windows DPAPI to encrypt keys at rest.
2026-05-17 23:55:09.121 +06:00 [INF] Now listening on: https://localhost:7170
2026-05-17 23:55:09.123 +06:00 [INF] Now listening on: http://localhost:5261
2026-05-17 23:55:09.144 +06:00 [INF] Application started. Press Ctrl+C to shut down.
2026-05-17 23:55:09.145 +06:00 [INF] Hosting environment: Development
2026-05-17 23:55:09.145 +06:00 [INF] Content root path: F:\VisualStudio\CattleFarm\CattleFarm
2026-05-17 23:55:09.440 +06:00 [INF] Request starting HTTP/2 GET https://localhost:7170/ - null null
2026-05-17 23:55:09.561 +06:00 [INF] Executing endpoint 'CattleFarm.Controllers.AccountController.Login (CattleFarm)'
2026-05-17 23:55:09.571 +06:00 [INF] Route matched with {action = "Login", controller = "Account"}. Executing controller action with signature Microsoft.AspNetCore.Mvc.IActionResult Login(System.String) on controller CattleFarm.Controllers.AccountController (CattleFarm).
2026-05-17 23:55:09.590 +06:00 [INF] Executing ViewResult, running view Login.
2026-05-17 23:55:09.663 +06:00 [INF] Executed ViewResult - view Login executed in 73.725ms.
2026-05-17 23:55:09.667 +06:00 [INF] Executed action CattleFarm.Controllers.AccountController.Login (CattleFarm) in 94.0638ms
2026-05-17 23:55:09.668 +06:00 [INF] Executed endpoint 'CattleFarm.Controllers.AccountController.Login (CattleFarm)'
2026-05-17 23:55:09.673 +06:00 [INF] Request finished HTTP/2 GET https://localhost:7170/ - 200 null text/html; charset=utf-8 237.3828ms
2026-05-17 23:55:09.676 +06:00 [INF] Request starting HTTP/2 GET https://localhost:7170/css/site.css?v=zZUMxI0WF_QdBs-m4915ep1FGyXxmsQhO4HqBcdtgvg - null null
2026-05-17 23:55:09.676 +06:00 [INF] Request starting HTTP/2 GET https://localhost:7170/_framework/aspnetcore-browser-refresh.js - null null
2026-05-17 23:55:09.677 +06:00 [INF] Request starting HTTP/2 GET https://localhost:7170/_vs/browserLink - null null
2026-05-17 23:55:09.686 +06:00 [INF] Request finished HTTP/2 GET https://localhost:7170/_framework/aspnetcore-browser-refresh.js - 200 14925 application/javascript; charset=utf-8 10.0557ms
2026-05-17 23:55:09.693 +06:00 [INF] Sending file. Request path: '/css/site.css'. Physical path: 'F:\VisualStudio\CattleFarm\CattleFarm\wwwroot\css\site.css'
2026-05-17 23:55:09.695 +06:00 [INF] Request finished HTTP/2 GET https://localhost:7170/css/site.css?v=zZUMxI0WF_QdBs-m4915ep1FGyXxmsQhO4HqBcdtgvg - 200 23844 text/css 19.1143ms
2026-05-17 23:55:09.721 +06:00 [INF] Request finished HTTP/2 GET https://localhost:7170/_vs/browserLink - 200 null text/javascript; charset=UTF-8 43.6301ms
2026-05-17 23:55:12.296 +06:00 [INF] Request starting HTTP/2 POST https://localhost:7170/ - application/x-www-form-urlencoded 261
2026-05-17 23:55:12.302 +06:00 [INF] Executing endpoint 'CattleFarm.Controllers.AccountController.Login (CattleFarm)'
2026-05-17 23:55:12.311 +06:00 [INF] Route matched with {action = "Login", controller = "Account"}. Executing controller action with signature System.Threading.Tasks.Task`1[Microsoft.AspNetCore.Mvc.IActionResult] Login(CattleFarm.ViewModels.LoginViewModel, System.String) on controller CattleFarm.Controllers.AccountController (CattleFarm).
2026-05-17 23:55:12.441 +06:00 [INF] Executed DbCommand (15ms) [Parameters=[@ToLower='?' (Size = 200)], CommandType='"Text"', CommandTimeout='30']
SELECT TOP(1) [u].[Id], [u].[Address], [u].[CreatedAt], [u].[DeletedAt], [u].[Email], [u].[FailedLoginCount], [u].[FullName], [u].[IsActive], [u].[IsDeleted], [u].[IsEmailVerified], [u].[LastLoginAt], [u].[LockedUntil], [u].[PasswordHash], [u].[PhoneNumber], [u].[PreferredLanguage], [u].[ProfileImagePath], [u].[Role], [u].[SubscriptionExpiry], [u].[SubscriptionType], [u].[TwoFactorEnabled], [u].[TwoFactorSecret], [u].[UpdatedAt], [u].[Username]
FROM [Users] AS [u]
WHERE [u].[IsDeleted] = CAST(0 AS bit) AND LOWER([u].[Email]) = @ToLower
2026-05-17 23:55:12.787 +06:00 [INF] Executing ViewResult, running view Login.
2026-05-17 23:55:12.793 +06:00 [INF] Executed ViewResult - view Login executed in 6.4498ms.
2026-05-17 23:55:12.794 +06:00 [INF] Executed action CattleFarm.Controllers.AccountController.Login (CattleFarm) in 481.5424ms
2026-05-17 23:55:12.795 +06:00 [INF] Executed endpoint 'CattleFarm.Controllers.AccountController.Login (CattleFarm)'
2026-05-17 23:55:12.798 +06:00 [INF] Request finished HTTP/2 POST https://localhost:7170/ - 200 null text/html; charset=utf-8 501.2393ms
2026-05-17 23:55:12.808 +06:00 [INF] Request starting HTTP/2 GET https://localhost:7170/_framework/aspnetcore-browser-refresh.js - null null
2026-05-17 23:55:12.808 +06:00 [INF] Request starting HTTP/2 GET https://localhost:7170/_vs/browserLink - null null
2026-05-17 23:55:12.810 +06:00 [INF] Request finished HTTP/2 GET https://localhost:7170/_framework/aspnetcore-browser-refresh.js - 200 14925 application/javascript; charset=utf-8 1.7903ms
2026-05-17 23:55:12.817 +06:00 [INF] Request finished HTTP/2 GET https://localhost:7170/_vs/browserLink - 200 null text/javascript; charset=UTF-8 8.9376ms
2026-05-17 23:55:56.327 +06:00 [INF] Request starting HTTP/2 POST https://localhost:7170/ - application/x-www-form-urlencoded 260
2026-05-17 23:55:56.334 +06:00 [INF] Executing endpoint 'CattleFarm.Controllers.AccountController.Login (CattleFarm)'
2026-05-17 23:55:56.335 +06:00 [INF] Route matched with {action = "Login", controller = "Account"}. Executing controller action with signature System.Threading.Tasks.Task`1[Microsoft.AspNetCore.Mvc.IActionResult] Login(CattleFarm.ViewModels.LoginViewModel, System.String) on controller CattleFarm.Controllers.AccountController (CattleFarm).
2026-05-17 23:55:56.346 +06:00 [INF] Executed DbCommand (2ms) [Parameters=[@ToLower='?' (Size = 200)], CommandType='"Text"', CommandTimeout='30']
SELECT TOP(1) [u].[Id], [u].[Address], [u].[CreatedAt], [u].[DeletedAt], [u].[Email], [u].[FailedLoginCount], [u].[FullName], [u].[IsActive], [u].[IsDeleted], [u].[IsEmailVerified], [u].[LastLoginAt], [u].[LockedUntil], [u].[PasswordHash], [u].[PhoneNumber], [u].[PreferredLanguage], [u].[ProfileImagePath], [u].[Role], [u].[SubscriptionExpiry], [u].[SubscriptionType], [u].[TwoFactorEnabled], [u].[TwoFactorSecret], [u].[UpdatedAt], [u].[Username]
FROM [Users] AS [u]
WHERE [u].[IsDeleted] = CAST(0 AS bit) AND LOWER([u].[Email]) = @ToLower
2026-05-17 23:55:56.498 +06:00 [INF] AuthenticationScheme: Cookies signed in.
2026-05-17 23:55:56.500 +06:00 [INF] Executing RedirectResult, redirecting to /Dashboard/Index.
2026-05-17 23:55:56.501 +06:00 [INF] Executed action CattleFarm.Controllers.AccountController.Login (CattleFarm) in 164.4007ms
2026-05-17 23:55:56.501 +06:00 [INF] Executed endpoint 'CattleFarm.Controllers.AccountController.Login (CattleFarm)'
2026-05-17 23:55:56.502 +06:00 [INF] Request finished HTTP/2 POST https://localhost:7170/ - 302 null null 174.6636ms
2026-05-17 23:55:56.504 +06:00 [INF] Request starting HTTP/2 GET https://localhost:7170/Dashboard/Index - null null
2026-05-17 23:55:56.512 +06:00 [INF] Executing endpoint 'CattleFarm.Controllers.DashboardController.Index (CattleFarm)'
2026-05-17 23:55:56.516 +06:00 [INF] Route matched with {action = "Index", controller = "Dashboard"}. Executing controller action with signature System.Threading.Tasks.Task`1[Microsoft.AspNetCore.Mvc.IActionResult] Index(System.Nullable`1[System.Int32]) on controller CattleFarm.Controllers.DashboardController (CattleFarm).
2026-05-17 23:55:56.549 +06:00 [INF] Executed DbCommand (2ms) [Parameters=[@userId='?' (DbType = Int32)], CommandType='"Text"', CommandTimeout='30']
SELECT COUNT(*)
FROM [Notifications] AS [n]
WHERE [n].[UserId] = @userId AND [n].[IsRead] = CAST(0 AS bit)
2026-05-17 23:55:56.569 +06:00 [INF] Executed DbCommand (1ms) [Parameters=[], CommandType='"Text"', CommandTimeout='30']
SELECT [u].[Id], [u].[Address], [u].[CreatedAt], [u].[DeletedAt], [u].[Email], [u].[FailedLoginCount], [u].[FullName], [u].[IsActive], [u].[IsDeleted], [u].[IsEmailVerified], [u].[LastLoginAt], [u].[LockedUntil], [u].[PasswordHash], [u].[PhoneNumber], [u].[PreferredLanguage], [u].[ProfileImagePath], [u].[Role], [u].[SubscriptionExpiry], [u].[SubscriptionType], [u].[TwoFactorEnabled], [u].[TwoFactorSecret], [u].[UpdatedAt], [u].[Username]
FROM [Users] AS [u]
WHERE [u].[IsDeleted] = CAST(0 AS bit)
2026-05-17 23:55:56.579 +06:00 [INF] Executed DbCommand (2ms) [Parameters=[], CommandType='"Text"', CommandTimeout='30']
SELECT [f].[Id], [f].[ApprovalStatus], [f].[Capacity], [f].[CreatedAt], [f].[DeletedAt], [f].[Description], [f].[FarmType], [f].[ImagePath], [f].[IsActive], [f].[IsDeleted], [f].[Latitude], [f].[Location], [f].[Longitude], [f].[Name], [f].[OwnerId], [f].[SizeInAcres], [f].[UpdatedAt]
FROM [Farms] AS [f]
WHERE [f].[IsDeleted] = CAST(0 AS bit)
2026-05-17 23:55:56.641 +06:00 [INF] Executed DbCommand (2ms) [Parameters=[], CommandType='"Text"', CommandTimeout='30']
SELECT [c].[Id], [c].[ApprovalStatus], [c].[Breed], [c].[CreatedAt], [c].[DateOfBirth], [c].[DeletedAt], [c].[Description], [c].[FarmId], [c].[Gender], [c].[HealthStatus], [c].[ImagePath], [c].[IsDeleted], [c].[IsListedForSale], [c].[IsPremiumListing], [c].[Name], [c].[PurchaseDate], [c].[PurchasePrice], [c].[SaleDate], [c].[SalePrice], [c].[Status], [c].[TagId], [c].[UpdatedAt], [c].[Weight]
FROM [Cattles] AS [c]
WHERE [c].[IsDeleted] = CAST(0 AS bit)
2026-05-17 23:55:56.677 +06:00 [INF] Executed DbCommand (2ms) [Parameters=[], CommandType='"Text"', CommandTimeout='30']
SELECT [w].[Id], [w].[CreatedAt], [w].[DeletedAt], [w].[Email], [w].[ExperienceYears], [w].[FarmId], [w].[FullName], [w].[HiredAt], [w].[ImagePath], [w].[IsActive], [w].[IsAvailable], [w].[IsDeleted], [w].[Notes], [w].[Phone], [w].[Role], [w].[Salary], [w].[Skills], [w].[UpdatedAt], [w].[UserId]
FROM [Workers] AS [w]
WHERE [w].[IsDeleted] = CAST(0 AS bit)
2026-05-17 23:55:56.697 +06:00 [INF] Executed DbCommand (1ms) [Parameters=[], CommandType='"Text"', CommandTimeout='30']
SELECT [d].[Id], [d].[ConsultationFee], [d].[CreatedAt], [d].[DeletedAt], [d].[Email], [d].[FarmId], [d].[FullName], [d].[ImagePath], [d].[IsActive], [d].[IsAvailable], [d].[IsDeleted], [d].[LicenseNumber], [d].[Notes], [d].[Phone], [d].[Specialization], [d].[UpdatedAt], [d].[UserId]
FROM [Doctors] AS [d]
WHERE [d].[IsDeleted] = CAST(0 AS bit)
2026-05-17 23:55:56.752 +06:00 [INF] Executed DbCommand (4ms) [Parameters=[@p='?' (DbType = Int32)], CommandType='"Text"', CommandTimeout='30']
SELECT [a0].[Id], [a0].[Description], [a0].[EntityId], [a0].[EntityName], [a0].[IPAddress], [a0].[Timestamp], [a0].[UserId], [u0].[Id], [u0].[Address], [u0].[CreatedAt], [u0].[DeletedAt], [u0].[Email], [u0].[FailedLoginCount], [u0].[FullName], [u0].[IsActive], [u0].[IsDeleted], [u0].[IsEmailVerified], [u0].[LastLoginAt], [u0].[LockedUntil], [u0].[PasswordHash], [u0].[PhoneNumber], [u0].[PreferredLanguage], [u0].[ProfileImagePath], [u0].[Role], [u0].[SubscriptionExpiry], [u0].[SubscriptionType], [u0].[TwoFactorEnabled], [u0].[TwoFactorSecret], [u0].[UpdatedAt], [u0].[Username]
FROM (
    SELECT TOP(@p) [a].[Id], [a].[Description], [a].[EntityId], [a].[EntityName], [a].[IPAddress], [a].[Timestamp], [a].[UserId]
    FROM [ActivityLogs] AS [a]
    ORDER BY [a].[Timestamp] DESC
) AS [a0]
LEFT JOIN (
    SELECT [u].[Id], [u].[Address], [u].[CreatedAt], [u].[DeletedAt], [u].[Email], [u].[FailedLoginCount], [u].[FullName], [u].[IsActive], [u].[IsDeleted], [u].[IsEmailVerified], [u].[LastLoginAt], [u].[LockedUntil], [u].[PasswordHash], [u].[PhoneNumber], [u].[PreferredLanguage], [u].[ProfileImagePath], [u].[Role], [u].[SubscriptionExpiry], [u].[SubscriptionType], [u].[TwoFactorEnabled], [u].[TwoFactorSecret], [u].[UpdatedAt], [u].[Username]
    FROM [Users] AS [u]
    WHERE [u].[IsDeleted] = CAST(0 AS bit)
) AS [u0] ON [a0].[UserId] = [u0].[Id]
ORDER BY [a0].[Timestamp] DESC
2026-05-17 23:55:56.775 +06:00 [INF] Executed DbCommand (1ms) [Parameters=[], CommandType='"Text"', CommandTimeout='30']
SELECT COUNT(*)
FROM [AuditLogs] AS [a]
2026-05-17 23:55:56.788 +06:00 [INF] Executed DbCommand (3ms) [Parameters=[@p='?' (DbType = Int32), @p1='?' (DbType = Int32)], CommandType='"Text"', CommandTimeout='30']
SELECT [a0].[Id], [a0].[Action], [a0].[EntityId], [a0].[EntityName], [a0].[IPAddress], [a0].[NewValues], [a0].[OldValues], [a0].[Timestamp], [a0].[UserAgent], [a0].[UserId], [u0].[Id], [u0].[Address], [u0].[CreatedAt], [u0].[DeletedAt], [u0].[Email], [u0].[FailedLoginCount], [u0].[FullName], [u0].[IsActive], [u0].[IsDeleted], [u0].[IsEmailVerified], [u0].[LastLoginAt], [u0].[LockedUntil], [u0].[PasswordHash], [u0].[PhoneNumber], [u0].[PreferredLanguage], [u0].[ProfileImagePath], [u0].[Role], [u0].[SubscriptionExpiry], [u0].[SubscriptionType], [u0].[TwoFactorEnabled], [u0].[TwoFactorSecret], [u0].[UpdatedAt], [u0].[Username]
FROM (
    SELECT [a].[Id], [a].[Action], [a].[EntityId], [a].[EntityName], [a].[IPAddress], [a].[NewValues], [a].[OldValues], [a].[Timestamp], [a].[UserAgent], [a].[UserId]
    FROM [AuditLogs] AS [a]
    ORDER BY [a].[Timestamp] DESC
    OFFSET @p ROWS FETCH NEXT @p1 ROWS ONLY
) AS [a0]
LEFT JOIN (
    SELECT [u].[Id], [u].[Address], [u].[CreatedAt], [u].[DeletedAt], [u].[Email], [u].[FailedLoginCount], [u].[FullName], [u].[IsActive], [u].[IsDeleted], [u].[IsEmailVerified], [u].[LastLoginAt], [u].[LockedUntil], [u].[PasswordHash], [u].[PhoneNumber], [u].[PreferredLanguage], [u].[ProfileImagePath], [u].[Role], [u].[SubscriptionExpiry], [u].[SubscriptionType], [u].[TwoFactorEnabled], [u].[TwoFactorSecret], [u].[UpdatedAt], [u].[Username]
    FROM [Users] AS [u]
    WHERE [u].[IsDeleted] = CAST(0 AS bit)
) AS [u0] ON [a0].[UserId] = [u0].[Id]
ORDER BY [a0].[Timestamp] DESC
2026-05-17 23:55:56.798 +06:00 [INF] Executing ViewResult, running view Admin.
2026-05-17 23:55:56.816 +06:00 [INF] Executed ViewResult - view Admin executed in 18.9763ms.
2026-05-17 23:55:56.820 +06:00 [INF] Executed action CattleFarm.Controllers.DashboardController.Index (CattleFarm) in 302.4545ms
2026-05-17 23:55:56.823 +06:00 [INF] Executed endpoint 'CattleFarm.Controllers.DashboardController.Index (CattleFarm)'
2026-05-17 23:55:56.823 +06:00 [INF] Request finished HTTP/2 GET https://localhost:7170/Dashboard/Index - 200 null text/html; charset=utf-8 318.7914ms
2026-05-17 23:55:56.835 +06:00 [INF] Request starting HTTP/2 GET https://localhost:7170/img/default-avatar.png - null null
2026-05-17 23:55:56.837 +06:00 [INF] Request starting HTTP/2 GET https://localhost:7170/js/site.js?v=HetZ2x1ywqfbAsgVYnue5sWwP2tQv1Wu09PpJEA8sM4 - null null
2026-05-17 23:55:56.837 +06:00 [INF] Request starting HTTP/2 GET https://localhost:7170/_vs/browserLink - null null
2026-05-17 23:55:56.842 +06:00 [INF] Sending file. Request path: '/js/site.js'. Physical path: 'F:\VisualStudio\CattleFarm\CattleFarm\wwwroot\js\site.js'
2026-05-17 23:55:56.837 +06:00 [INF] Request starting HTTP/2 GET https://localhost:7170/_framework/aspnetcore-browser-refresh.js - null null
2026-05-17 23:55:56.848 +06:00 [INF] Request finished HTTP/2 GET https://localhost:7170/js/site.js?v=HetZ2x1ywqfbAsgVYnue5sWwP2tQv1Wu09PpJEA8sM4 - 200 6250 text/javascript 10.9571ms
2026-05-17 23:55:56.845 +06:00 [INF] Request finished HTTP/2 GET https://localhost:7170/img/default-avatar.png - 404 0 null 9.9717ms
2026-05-17 23:55:56.878 +06:00 [INF] Request finished HTTP/2 GET https://localhost:7170/_framework/aspnetcore-browser-refresh.js - 200 14925 application/javascript; charset=utf-8 41.599ms
2026-05-17 23:55:56.878 +06:00 [INF] Request finished HTTP/2 GET https://localhost:7170/_vs/browserLink - 200 null text/javascript; charset=UTF-8 41.1407ms
2026-05-17 23:55:56.883 +06:00 [INF] Request reached the end of the middleware pipeline without being handled by application code. Request path: GET https://localhost:7170/img/default-avatar.png, Response status code: 404
2026-05-17 23:55:57.070 +06:00 [INF] Request starting HTTP/2 GET https://localhost:7170/Notification/UnreadCount - null null
2026-05-17 23:55:57.072 +06:00 [INF] Executing endpoint 'CattleFarm.Controllers.NotificationController.UnreadCount (CattleFarm)'
2026-05-17 23:55:57.078 +06:00 [INF] Route matched with {action = "UnreadCount", controller = "Notification"}. Executing controller action with signature System.Threading.Tasks.Task`1[Microsoft.AspNetCore.Mvc.IActionResult] UnreadCount() on controller CattleFarm.Controllers.NotificationController (CattleFarm).
2026-05-17 23:55:57.082 +06:00 [INF] Executed DbCommand (0ms) [Parameters=[@userId='?' (DbType = Int32)], CommandType='"Text"', CommandTimeout='30']
SELECT COUNT(*)
FROM [Notifications] AS [n]
WHERE [n].[UserId] = @userId AND [n].[IsRead] = CAST(0 AS bit)
2026-05-17 23:55:57.084 +06:00 [INF] Executing JsonResult, writing value of type '<>f__AnonymousType3`1[[System.Int32, System.Private.CoreLib, Version=10.0.0.0, Culture=neutral, PublicKeyToken=7cec85d7bea7798e]]'.
2026-05-17 23:55:57.088 +06:00 [INF] Executed action CattleFarm.Controllers.NotificationController.UnreadCount (CattleFarm) in 8.6434ms
2026-05-17 23:55:57.089 +06:00 [INF] Executed endpoint 'CattleFarm.Controllers.NotificationController.UnreadCount (CattleFarm)'
2026-05-17 23:55:57.089 +06:00 [INF] Request finished HTTP/2 GET https://localhost:7170/Notification/UnreadCount - 200 null application/json; charset=utf-8 18.951ms
2026-05-17 23:56:05.911 +06:00 [INF] Request starting HTTP/2 GET https://localhost:7170/Farm - null null
2026-05-17 23:56:05.915 +06:00 [INF] Request finished HTTP/2 GET https://localhost:7170/Farm - 404 null null 3.8797ms
2026-05-17 23:56:05.918 +06:00 [INF] Request reached the end of the middleware pipeline without being handled by application code. Request path: GET https://localhost:7170/Farm, Response status code: 404
2026-05-17 23:56:09.123 +06:00 [INF] Request starting HTTP/2 GET https://localhost:7170/Dashboard/Index - null null
2026-05-17 23:56:09.128 +06:00 [INF] Executing endpoint 'CattleFarm.Controllers.DashboardController.Index (CattleFarm)'
2026-05-17 23:56:09.129 +06:00 [INF] Route matched with {action = "Index", controller = "Dashboard"}. Executing controller action with signature System.Threading.Tasks.Task`1[Microsoft.AspNetCore.Mvc.IActionResult] Index(System.Nullable`1[System.Int32]) on controller CattleFarm.Controllers.DashboardController (CattleFarm).
2026-05-17 23:56:09.133 +06:00 [INF] Executed DbCommand (0ms) [Parameters=[@userId='?' (DbType = Int32)], CommandType='"Text"', CommandTimeout='30']
SELECT COUNT(*)
FROM [Notifications] AS [n]
WHERE [n].[UserId] = @userId AND [n].[IsRead] = CAST(0 AS bit)
2026-05-17 23:56:09.134 +06:00 [INF] Executed DbCommand (0ms) [Parameters=[], CommandType='"Text"', CommandTimeout='30']
SELECT [u].[Id], [u].[Address], [u].[CreatedAt], [u].[DeletedAt], [u].[Email], [u].[FailedLoginCount], [u].[FullName], [u].[IsActive], [u].[IsDeleted], [u].[IsEmailVerified], [u].[LastLoginAt], [u].[LockedUntil], [u].[PasswordHash], [u].[PhoneNumber], [u].[PreferredLanguage], [u].[ProfileImagePath], [u].[Role], [u].[SubscriptionExpiry], [u].[SubscriptionType], [u].[TwoFactorEnabled], [u].[TwoFactorSecret], [u].[UpdatedAt], [u].[Username]
FROM [Users] AS [u]
WHERE [u].[IsDeleted] = CAST(0 AS bit)
2026-05-17 23:56:09.137 +06:00 [INF] Executed DbCommand (0ms) [Parameters=[], CommandType='"Text"', CommandTimeout='30']
SELECT [f].[Id], [f].[ApprovalStatus], [f].[Capacity], [f].[CreatedAt], [f].[DeletedAt], [f].[Description], [f].[FarmType], [f].[ImagePath], [f].[IsActive], [f].[IsDeleted], [f].[Latitude], [f].[Location], [f].[Longitude], [f].[Name], [f].[OwnerId], [f].[SizeInAcres], [f].[UpdatedAt]
FROM [Farms] AS [f]
WHERE [f].[IsDeleted] = CAST(0 AS bit)
2026-05-17 23:56:09.139 +06:00 [INF] Executed DbCommand (0ms) [Parameters=[], CommandType='"Text"', CommandTimeout='30']
SELECT [c].[Id], [c].[ApprovalStatus], [c].[Breed], [c].[CreatedAt], [c].[DateOfBirth], [c].[DeletedAt], [c].[Description], [c].[FarmId], [c].[Gender], [c].[HealthStatus], [c].[ImagePath], [c].[IsDeleted], [c].[IsListedForSale], [c].[IsPremiumListing], [c].[Name], [c].[PurchaseDate], [c].[PurchasePrice], [c].[SaleDate], [c].[SalePrice], [c].[Status], [c].[TagId], [c].[UpdatedAt], [c].[Weight]
FROM [Cattles] AS [c]
WHERE [c].[IsDeleted] = CAST(0 AS bit)
2026-05-17 23:56:09.141 +06:00 [INF] Executed DbCommand (0ms) [Parameters=[], CommandType='"Text"', CommandTimeout='30']
SELECT [w].[Id], [w].[CreatedAt], [w].[DeletedAt], [w].[Email], [w].[ExperienceYears], [w].[FarmId], [w].[FullName], [w].[HiredAt], [w].[ImagePath], [w].[IsActive], [w].[IsAvailable], [w].[IsDeleted], [w].[Notes], [w].[Phone], [w].[Role], [w].[Salary], [w].[Skills], [w].[UpdatedAt], [w].[UserId]
FROM [Workers] AS [w]
WHERE [w].[IsDeleted] = CAST(0 AS bit)
2026-05-17 23:56:09.142 +06:00 [INF] Executed DbCommand (0ms) [Parameters=[], CommandType='"Text"', CommandTimeout='30']
SELECT [d].[Id], [d].[ConsultationFee], [d].[CreatedAt], [d].[DeletedAt], [d].[Email], [d].[FarmId], [d].[FullName], [d].[ImagePath], [d].[IsActive], [d].[IsAvailable], [d].[IsDeleted], [d].[LicenseNumber], [d].[Notes], [d].[Phone], [d].[Specialization], [d].[UpdatedAt], [d].[UserId]
FROM [Doctors] AS [d]
WHERE [d].[IsDeleted] = CAST(0 AS bit)
2026-05-17 23:56:09.145 +06:00 [INF] Executed DbCommand (1ms) [Parameters=[@p='?' (DbType = Int32)], CommandType='"Text"', CommandTimeout='30']
SELECT [a0].[Id], [a0].[Description], [a0].[EntityId], [a0].[EntityName], [a0].[IPAddress], [a0].[Timestamp], [a0].[UserId], [u0].[Id], [u0].[Address], [u0].[CreatedAt], [u0].[DeletedAt], [u0].[Email], [u0].[FailedLoginCount], [u0].[FullName], [u0].[IsActive], [u0].[IsDeleted], [u0].[IsEmailVerified], [u0].[LastLoginAt], [u0].[LockedUntil], [u0].[PasswordHash], [u0].[PhoneNumber], [u0].[PreferredLanguage], [u0].[ProfileImagePath], [u0].[Role], [u0].[SubscriptionExpiry], [u0].[SubscriptionType], [u0].[TwoFactorEnabled], [u0].[TwoFactorSecret], [u0].[UpdatedAt], [u0].[Username]
FROM (
    SELECT TOP(@p) [a].[Id], [a].[Description], [a].[EntityId], [a].[EntityName], [a].[IPAddress], [a].[Timestamp], [a].[UserId]
    FROM [ActivityLogs] AS [a]
    ORDER BY [a].[Timestamp] DESC
) AS [a0]
LEFT JOIN (
    SELECT [u].[Id], [u].[Address], [u].[CreatedAt], [u].[DeletedAt], [u].[Email], [u].[FailedLoginCount], [u].[FullName], [u].[IsActive], [u].[IsDeleted], [u].[IsEmailVerified], [u].[LastLoginAt], [u].[LockedUntil], [u].[PasswordHash], [u].[PhoneNumber], [u].[PreferredLanguage], [u].[ProfileImagePath], [u].[Role], [u].[SubscriptionExpiry], [u].[SubscriptionType], [u].[TwoFactorEnabled], [u].[TwoFactorSecret], [u].[UpdatedAt], [u].[Username]
    FROM [Users] AS [u]
    WHERE [u].[IsDeleted] = CAST(0 AS bit)
) AS [u0] ON [a0].[UserId] = [u0].[Id]
ORDER BY [a0].[Timestamp] DESC
2026-05-17 23:56:09.146 +06:00 [INF] Executed DbCommand (0ms) [Parameters=[], CommandType='"Text"', CommandTimeout='30']
SELECT COUNT(*)
FROM [AuditLogs] AS [a]
2026-05-17 23:56:09.148 +06:00 [INF] Executed DbCommand (0ms) [Parameters=[@p='?' (DbType = Int32), @p1='?' (DbType = Int32)], CommandType='"Text"', CommandTimeout='30']
SELECT [a0].[Id], [a0].[Action], [a0].[EntityId], [a0].[EntityName], [a0].[IPAddress], [a0].[NewValues], [a0].[OldValues], [a0].[Timestamp], [a0].[UserAgent], [a0].[UserId], [u0].[Id], [u0].[Address], [u0].[CreatedAt], [u0].[DeletedAt], [u0].[Email], [u0].[FailedLoginCount], [u0].[FullName], [u0].[IsActive], [u0].[IsDeleted], [u0].[IsEmailVerified], [u0].[LastLoginAt], [u0].[LockedUntil], [u0].[PasswordHash], [u0].[PhoneNumber], [u0].[PreferredLanguage], [u0].[ProfileImagePath], [u0].[Role], [u0].[SubscriptionExpiry], [u0].[SubscriptionType], [u0].[TwoFactorEnabled], [u0].[TwoFactorSecret], [u0].[UpdatedAt], [u0].[Username]
FROM (
    SELECT [a].[Id], [a].[Action], [a].[EntityId], [a].[EntityName], [a].[IPAddress], [a].[NewValues], [a].[OldValues], [a].[Timestamp], [a].[UserAgent], [a].[UserId]
    FROM [AuditLogs] AS [a]
    ORDER BY [a].[Timestamp] DESC
    OFFSET @p ROWS FETCH NEXT @p1 ROWS ONLY
) AS [a0]
LEFT JOIN (
    SELECT [u].[Id], [u].[Address], [u].[CreatedAt], [u].[DeletedAt], [u].[Email], [u].[FailedLoginCount], [u].[FullName], [u].[IsActive], [u].[IsDeleted], [u].[IsEmailVerified], [u].[LastLoginAt], [u].[LockedUntil], [u].[PasswordHash], [u].[PhoneNumber], [u].[PreferredLanguage], [u].[ProfileImagePath], [u].[Role], [u].[SubscriptionExpiry], [u].[SubscriptionType], [u].[TwoFactorEnabled], [u].[TwoFactorSecret], [u].[UpdatedAt], [u].[Username]
    FROM [Users] AS [u]
    WHERE [u].[IsDeleted] = CAST(0 AS bit)
) AS [u0] ON [a0].[UserId] = [u0].[Id]
ORDER BY [a0].[Timestamp] DESC
2026-05-17 23:56:09.150 +06:00 [INF] Executing ViewResult, running view Admin.
2026-05-17 23:56:09.152 +06:00 [INF] Executed ViewResult - view Admin executed in 1.7619ms.
2026-05-17 23:56:09.153 +06:00 [INF] Executed action CattleFarm.Controllers.DashboardController.Index (CattleFarm) in 22.4012ms
2026-05-17 23:56:09.154 +06:00 [INF] Executed endpoint 'CattleFarm.Controllers.DashboardController.Index (CattleFarm)'
2026-05-17 23:56:09.155 +06:00 [INF] Request finished HTTP/2 GET https://localhost:7170/Dashboard/Index - 200 null text/html; charset=utf-8 31.7512ms
2026-05-17 23:56:09.168 +06:00 [INF] Request starting HTTP/2 GET https://localhost:7170/_framework/aspnetcore-browser-refresh.js - null null
2026-05-17 23:56:09.171 +06:00 [INF] Request finished HTTP/2 GET https://localhost:7170/_framework/aspnetcore-browser-refresh.js - 200 14925 application/javascript; charset=utf-8 2.5848ms
2026-05-17 23:56:10.375 +06:00 [INF] Request starting HTTP/2 GET https://localhost:7170/Cattle - null null
2026-05-17 23:56:10.379 +06:00 [INF] Request finished HTTP/2 GET https://localhost:7170/Cattle - 404 null null 3.8885ms
2026-05-17 23:56:10.382 +06:00 [INF] Request reached the end of the middleware pipeline without being handled by application code. Request path: GET https://localhost:7170/Cattle, Response status code: 404
2026-05-17 23:56:14.954 +06:00 [INF] Request starting HTTP/2 GET https://localhost:7170/Dashboard/Index - null null
2026-05-17 23:56:14.958 +06:00 [INF] Executing endpoint 'CattleFarm.Controllers.DashboardController.Index (CattleFarm)'
2026-05-17 23:56:14.959 +06:00 [INF] Route matched with {action = "Index", controller = "Dashboard"}. Executing controller action with signature System.Threading.Tasks.Task`1[Microsoft.AspNetCore.Mvc.IActionResult] Index(System.Nullable`1[System.Int32]) on controller CattleFarm.Controllers.DashboardController (CattleFarm).
2026-05-17 23:56:14.964 +06:00 [INF] Executed DbCommand (0ms) [Parameters=[@userId='?' (DbType = Int32)], CommandType='"Text"', CommandTimeout='30']
SELECT COUNT(*)
FROM [Notifications] AS [n]
WHERE [n].[UserId] = @userId AND [n].[IsRead] = CAST(0 AS bit)
2026-05-17 23:56:14.966 +06:00 [INF] Executed DbCommand (0ms) [Parameters=[], CommandType='"Text"', CommandTimeout='30']
SELECT [u].[Id], [u].[Address], [u].[CreatedAt], [u].[DeletedAt], [u].[Email], [u].[FailedLoginCount], [u].[FullName], [u].[IsActive], [u].[IsDeleted], [u].[IsEmailVerified], [u].[LastLoginAt], [u].[LockedUntil], [u].[PasswordHash], [u].[PhoneNumber], [u].[PreferredLanguage], [u].[ProfileImagePath], [u].[Role], [u].[SubscriptionExpiry], [u].[SubscriptionType], [u].[TwoFactorEnabled], [u].[TwoFactorSecret], [u].[UpdatedAt], [u].[Username]
FROM [Users] AS [u]
WHERE [u].[IsDeleted] = CAST(0 AS bit)
2026-05-17 23:56:14.968 +06:00 [INF] Executed DbCommand (0ms) [Parameters=[], CommandType='"Text"', CommandTimeout='30']
SELECT [f].[Id], [f].[ApprovalStatus], [f].[Capacity], [f].[CreatedAt], [f].[DeletedAt], [f].[Description], [f].[FarmType], [f].[ImagePath], [f].[IsActive], [f].[IsDeleted], [f].[Latitude], [f].[Location], [f].[Longitude], [f].[Name], [f].[OwnerId], [f].[SizeInAcres], [f].[UpdatedAt]
FROM [Farms] AS [f]
WHERE [f].[IsDeleted] = CAST(0 AS bit)
2026-05-17 23:56:14.969 +06:00 [INF] Executed DbCommand (0ms) [Parameters=[], CommandType='"Text"', CommandTimeout='30']
SELECT [c].[Id], [c].[ApprovalStatus], [c].[Breed], [c].[CreatedAt], [c].[DateOfBirth], [c].[DeletedAt], [c].[Description], [c].[FarmId], [c].[Gender], [c].[HealthStatus], [c].[ImagePath], [c].[IsDeleted], [c].[IsListedForSale], [c].[IsPremiumListing], [c].[Name], [c].[PurchaseDate], [c].[PurchasePrice], [c].[SaleDate], [c].[SalePrice], [c].[Status], [c].[TagId], [c].[UpdatedAt], [c].[Weight]
FROM [Cattles] AS [c]
WHERE [c].[IsDeleted] = CAST(0 AS bit)
2026-05-17 23:56:14.971 +06:00 [INF] Executed DbCommand (0ms) [Parameters=[], CommandType='"Text"', CommandTimeout='30']
SELECT [w].[Id], [w].[CreatedAt], [w].[DeletedAt], [w].[Email], [w].[ExperienceYears], [w].[FarmId], [w].[FullName], [w].[HiredAt], [w].[ImagePath], [w].[IsActive], [w].[IsAvailable], [w].[IsDeleted], [w].[Notes], [w].[Phone], [w].[Role], [w].[Salary], [w].[Skills], [w].[UpdatedAt], [w].[UserId]
FROM [Workers] AS [w]
WHERE [w].[IsDeleted] = CAST(0 AS bit)
2026-05-17 23:56:14.973 +06:00 [INF] Executed DbCommand (0ms) [Parameters=[], CommandType='"Text"', CommandTimeout='30']
SELECT [d].[Id], [d].[ConsultationFee], [d].[CreatedAt], [d].[DeletedAt], [d].[Email], [d].[FarmId], [d].[FullName], [d].[ImagePath], [d].[IsActive], [d].[IsAvailable], [d].[IsDeleted], [d].[LicenseNumber], [d].[Notes], [d].[Phone], [d].[Specialization], [d].[UpdatedAt], [d].[UserId]
FROM [Doctors] AS [d]
WHERE [d].[IsDeleted] = CAST(0 AS bit)
2026-05-17 23:56:14.975 +06:00 [INF] Executed DbCommand (0ms) [Parameters=[@p='?' (DbType = Int32)], CommandType='"Text"', CommandTimeout='30']
SELECT [a0].[Id], [a0].[Description], [a0].[EntityId], [a0].[EntityName], [a0].[IPAddress], [a0].[Timestamp], [a0].[UserId], [u0].[Id], [u0].[Address], [u0].[CreatedAt], [u0].[DeletedAt], [u0].[Email], [u0].[FailedLoginCount], [u0].[FullName], [u0].[IsActive], [u0].[IsDeleted], [u0].[IsEmailVerified], [u0].[LastLoginAt], [u0].[LockedUntil], [u0].[PasswordHash], [u0].[PhoneNumber], [u0].[PreferredLanguage], [u0].[ProfileImagePath], [u0].[Role], [u0].[SubscriptionExpiry], [u0].[SubscriptionType], [u0].[TwoFactorEnabled], [u0].[TwoFactorSecret], [u0].[UpdatedAt], [u0].[Username]
FROM (
    SELECT TOP(@p) [a].[Id], [a].[Description], [a].[EntityId], [a].[EntityName], [a].[IPAddress], [a].[Timestamp], [a].[UserId]
    FROM [ActivityLogs] AS [a]
    ORDER BY [a].[Timestamp] DESC
) AS [a0]
LEFT JOIN (
    SELECT [u].[Id], [u].[Address], [u].[CreatedAt], [u].[DeletedAt], [u].[Email], [u].[FailedLoginCount], [u].[FullName], [u].[IsActive], [u].[IsDeleted], [u].[IsEmailVerified], [u].[LastLoginAt], [u].[LockedUntil], [u].[PasswordHash], [u].[PhoneNumber], [u].[PreferredLanguage], [u].[ProfileImagePath], [u].[Role], [u].[SubscriptionExpiry], [u].[SubscriptionType], [u].[TwoFactorEnabled], [u].[TwoFactorSecret], [u].[UpdatedAt], [u].[Username]
    FROM [Users] AS [u]
    WHERE [u].[IsDeleted] = CAST(0 AS bit)
) AS [u0] ON [a0].[UserId] = [u0].[Id]
ORDER BY [a0].[Timestamp] DESC
2026-05-17 23:56:14.977 +06:00 [INF] Executed DbCommand (0ms) [Parameters=[], CommandType='"Text"', CommandTimeout='30']
SELECT COUNT(*)
FROM [AuditLogs] AS [a]
2026-05-17 23:56:14.979 +06:00 [INF] Executed DbCommand (0ms) [Parameters=[@p='?' (DbType = Int32), @p1='?' (DbType = Int32)], CommandType='"Text"', CommandTimeout='30']
SELECT [a0].[Id], [a0].[Action], [a0].[EntityId], [a0].[EntityName], [a0].[IPAddress], [a0].[NewValues], [a0].[OldValues], [a0].[Timestamp], [a0].[UserAgent], [a0].[UserId], [u0].[Id], [u0].[Address], [u0].[CreatedAt], [u0].[DeletedAt], [u0].[Email], [u0].[FailedLoginCount], [u0].[FullName], [u0].[IsActive], [u0].[IsDeleted], [u0].[IsEmailVerified], [u0].[LastLoginAt], [u0].[LockedUntil], [u0].[PasswordHash], [u0].[PhoneNumber], [u0].[PreferredLanguage], [u0].[ProfileImagePath], [u0].[Role], [u0].[SubscriptionExpiry], [u0].[SubscriptionType], [u0].[TwoFactorEnabled], [u0].[TwoFactorSecret], [u0].[UpdatedAt], [u0].[Username]
FROM (
    SELECT [a].[Id], [a].[Action], [a].[EntityId], [a].[EntityName], [a].[IPAddress], [a].[NewValues], [a].[OldValues], [a].[Timestamp], [a].[UserAgent], [a].[UserId]
    FROM [AuditLogs] AS [a]
    ORDER BY [a].[Timestamp] DESC
    OFFSET @p ROWS FETCH NEXT @p1 ROWS ONLY
) AS [a0]
LEFT JOIN (
    SELECT [u].[Id], [u].[Address], [u].[CreatedAt], [u].[DeletedAt], [u].[Email], [u].[FailedLoginCount], [u].[FullName], [u].[IsActive], [u].[IsDeleted], [u].[IsEmailVerified], [u].[LastLoginAt], [u].[LockedUntil], [u].[PasswordHash], [u].[PhoneNumber], [u].[PreferredLanguage], [u].[ProfileImagePath], [u].[Role], [u].[SubscriptionExpiry], [u].[SubscriptionType], [u].[TwoFactorEnabled], [u].[TwoFactorSecret], [u].[UpdatedAt], [u].[Username]
    FROM [Users] AS [u]
    WHERE [u].[IsDeleted] = CAST(0 AS bit)
) AS [u0] ON [a0].[UserId] = [u0].[Id]
ORDER BY [a0].[Timestamp] DESC
2026-05-17 23:56:14.980 +06:00 [INF] Executing ViewResult, running view Admin.
2026-05-17 23:56:14.982 +06:00 [INF] Executed ViewResult - view Admin executed in 1.7781ms.
2026-05-17 23:56:14.983 +06:00 [INF] Executed action CattleFarm.Controllers.DashboardController.Index (CattleFarm) in 22.5436ms
2026-05-17 23:56:14.984 +06:00 [INF] Executed endpoint 'CattleFarm.Controllers.DashboardController.Index (CattleFarm)'
2026-05-17 23:56:14.985 +06:00 [INF] Request finished HTTP/2 GET https://localhost:7170/Dashboard/Index - 200 null text/html; charset=utf-8 31.2879ms
2026-05-17 23:56:15.002 +06:00 [INF] Request starting HTTP/2 GET https://localhost:7170/_framework/aspnetcore-browser-refresh.js - null null
2026-05-17 23:56:15.005 +06:00 [INF] Request finished HTTP/2 GET https://localhost:7170/_framework/aspnetcore-browser-refresh.js - 200 14925 application/javascript; charset=utf-8 2.3485ms
2026-05-17 23:56:16.055 +06:00 [INF] Request starting HTTP/2 GET https://localhost:7170/Worker - null null
2026-05-17 23:56:16.059 +06:00 [INF] Request finished HTTP/2 GET https://localhost:7170/Worker - 404 null null 4.8819ms
2026-05-17 23:56:16.062 +06:00 [INF] Request reached the end of the middleware pipeline without being handled by application code. Request path: GET https://localhost:7170/Worker, Response status code: 404
2026-05-17 23:56:17.162 +06:00 [INF] Request starting HTTP/2 GET https://localhost:7170/Worker - null null
2026-05-17 23:56:17.165 +06:00 [INF] Request finished HTTP/2 GET https://localhost:7170/Worker - 404 null null 3.6361ms
2026-05-17 23:56:17.168 +06:00 [INF] Request reached the end of the middleware pipeline without being handled by application code. Request path: GET https://localhost:7170/Worker, Response status code: 404
2026-05-17 23:56:18.315 +06:00 [INF] Request starting HTTP/2 GET https://localhost:7170/Dashboard/Index - null null
2026-05-17 23:56:18.318 +06:00 [INF] Executing endpoint 'CattleFarm.Controllers.DashboardController.Index (CattleFarm)'
2026-05-17 23:56:18.319 +06:00 [INF] Route matched with {action = "Index", controller = "Dashboard"}. Executing controller action with signature System.Threading.Tasks.Task`1[Microsoft.AspNetCore.Mvc.IActionResult] Index(System.Nullable`1[System.Int32]) on controller CattleFarm.Controllers.DashboardController (CattleFarm).
2026-05-17 23:56:18.322 +06:00 [INF] Executed DbCommand (1ms) [Parameters=[@userId='?' (DbType = Int32)], CommandType='"Text"', CommandTimeout='30']
SELECT COUNT(*)
FROM [Notifications] AS [n]
WHERE [n].[UserId] = @userId AND [n].[IsRead] = CAST(0 AS bit)
2026-05-17 23:56:18.325 +06:00 [INF] Executed DbCommand (0ms) [Parameters=[], CommandType='"Text"', CommandTimeout='30']
SELECT [u].[Id], [u].[Address], [u].[CreatedAt], [u].[DeletedAt], [u].[Email], [u].[FailedLoginCount], [u].[FullName], [u].[IsActive], [u].[IsDeleted], [u].[IsEmailVerified], [u].[LastLoginAt], [u].[LockedUntil], [u].[PasswordHash], [u].[PhoneNumber], [u].[PreferredLanguage], [u].[ProfileImagePath], [u].[Role], [u].[SubscriptionExpiry], [u].[SubscriptionType], [u].[TwoFactorEnabled], [u].[TwoFactorSecret], [u].[UpdatedAt], [u].[Username]
FROM [Users] AS [u]
WHERE [u].[IsDeleted] = CAST(0 AS bit)
2026-05-17 23:56:18.327 +06:00 [INF] Executed DbCommand (0ms) [Parameters=[], CommandType='"Text"', CommandTimeout='30']
SELECT [f].[Id], [f].[ApprovalStatus], [f].[Capacity], [f].[CreatedAt], [f].[DeletedAt], [f].[Description], [f].[FarmType], [f].[ImagePath], [f].[IsActive], [f].[IsDeleted], [f].[Latitude], [f].[Location], [f].[Longitude], [f].[Name], [f].[OwnerId], [f].[SizeInAcres], [f].[UpdatedAt]
FROM [Farms] AS [f]
WHERE [f].[IsDeleted] = CAST(0 AS bit)
2026-05-17 23:56:18.328 +06:00 [INF] Executed DbCommand (0ms) [Parameters=[], CommandType='"Text"', CommandTimeout='30']
SELECT [c].[Id], [c].[ApprovalStatus], [c].[Breed], [c].[CreatedAt], [c].[DateOfBirth], [c].[DeletedAt], [c].[Description], [c].[FarmId], [c].[Gender], [c].[HealthStatus], [c].[ImagePath], [c].[IsDeleted], [c].[IsListedForSale], [c].[IsPremiumListing], [c].[Name], [c].[PurchaseDate], [c].[PurchasePrice], [c].[SaleDate], [c].[SalePrice], [c].[Status], [c].[TagId], [c].[UpdatedAt], [c].[Weight]
FROM [Cattles] AS [c]
WHERE [c].[IsDeleted] = CAST(0 AS bit)
2026-05-17 23:56:18.330 +06:00 [INF] Executed DbCommand (0ms) [Parameters=[], CommandType='"Text"', CommandTimeout='30']
SELECT [w].[Id], [w].[CreatedAt], [w].[DeletedAt], [w].[Email], [w].[ExperienceYears], [w].[FarmId], [w].[FullName], [w].[HiredAt], [w].[ImagePath], [w].[IsActive], [w].[IsAvailable], [w].[IsDeleted], [w].[Notes], [w].[Phone], [w].[Role], [w].[Salary], [w].[Skills], [w].[UpdatedAt], [w].[UserId]
FROM [Workers] AS [w]
WHERE [w].[IsDeleted] = CAST(0 AS bit)
2026-05-17 23:56:18.331 +06:00 [INF] Executed DbCommand (0ms) [Parameters=[], CommandType='"Text"', CommandTimeout='30']
SELECT [d].[Id], [d].[ConsultationFee], [d].[CreatedAt], [d].[DeletedAt], [d].[Email], [d].[FarmId], [d].[FullName], [d].[ImagePath], [d].[IsActive], [d].[IsAvailable], [d].[IsDeleted], [d].[LicenseNumber], [d].[Notes], [d].[Phone], [d].[Specialization], [d].[UpdatedAt], [d].[UserId]
FROM [Doctors] AS [d]
WHERE [d].[IsDeleted] = CAST(0 AS bit)
2026-05-17 23:56:18.333 +06:00 [INF] Executed DbCommand (0ms) [Parameters=[@p='?' (DbType = Int32)], CommandType='"Text"', CommandTimeout='30']
SELECT [a0].[Id], [a0].[Description], [a0].[EntityId], [a0].[EntityName], [a0].[IPAddress], [a0].[Timestamp], [a0].[UserId], [u0].[Id], [u0].[Address], [u0].[CreatedAt], [u0].[DeletedAt], [u0].[Email], [u0].[FailedLoginCount], [u0].[FullName], [u0].[IsActive], [u0].[IsDeleted], [u0].[IsEmailVerified], [u0].[LastLoginAt], [u0].[LockedUntil], [u0].[PasswordHash], [u0].[PhoneNumber], [u0].[PreferredLanguage], [u0].[ProfileImagePath], [u0].[Role], [u0].[SubscriptionExpiry], [u0].[SubscriptionType], [u0].[TwoFactorEnabled], [u0].[TwoFactorSecret], [u0].[UpdatedAt], [u0].[Username]
FROM (
    SELECT TOP(@p) [a].[Id], [a].[Description], [a].[EntityId], [a].[EntityName], [a].[IPAddress], [a].[Timestamp], [a].[UserId]
    FROM [ActivityLogs] AS [a]
    ORDER BY [a].[Timestamp] DESC
) AS [a0]
LEFT JOIN (
    SELECT [u].[Id], [u].[Address], [u].[CreatedAt], [u].[DeletedAt], [u].[Email], [u].[FailedLoginCount], [u].[FullName], [u].[IsActive], [u].[IsDeleted], [u].[IsEmailVerified], [u].[LastLoginAt], [u].[LockedUntil], [u].[PasswordHash], [u].[PhoneNumber], [u].[PreferredLanguage], [u].[ProfileImagePath], [u].[Role], [u].[SubscriptionExpiry], [u].[SubscriptionType], [u].[TwoFactorEnabled], [u].[TwoFactorSecret], [u].[UpdatedAt], [u].[Username]
    FROM [Users] AS [u]
    WHERE [u].[IsDeleted] = CAST(0 AS bit)
) AS [u0] ON [a0].[UserId] = [u0].[Id]
ORDER BY [a0].[Timestamp] DESC
2026-05-17 23:56:18.335 +06:00 [INF] Executed DbCommand (0ms) [Parameters=[], CommandType='"Text"', CommandTimeout='30']
SELECT COUNT(*)
FROM [AuditLogs] AS [a]
2026-05-17 23:56:18.337 +06:00 [INF] Executed DbCommand (0ms) [Parameters=[@p='?' (DbType = Int32), @p1='?' (DbType = Int32)], CommandType='"Text"', CommandTimeout='30']
SELECT [a0].[Id], [a0].[Action], [a0].[EntityId], [a0].[EntityName], [a0].[IPAddress], [a0].[NewValues], [a0].[OldValues], [a0].[Timestamp], [a0].[UserAgent], [a0].[UserId], [u0].[Id], [u0].[Address], [u0].[CreatedAt], [u0].[DeletedAt], [u0].[Email], [u0].[FailedLoginCount], [u0].[FullName], [u0].[IsActive], [u0].[IsDeleted], [u0].[IsEmailVerified], [u0].[LastLoginAt], [u0].[LockedUntil], [u0].[PasswordHash], [u0].[PhoneNumber], [u0].[PreferredLanguage], [u0].[ProfileImagePath], [u0].[Role], [u0].[SubscriptionExpiry], [u0].[SubscriptionType], [u0].[TwoFactorEnabled], [u0].[TwoFactorSecret], [u0].[UpdatedAt], [u0].[Username]
FROM (
    SELECT [a].[Id], [a].[Action], [a].[EntityId], [a].[EntityName], [a].[IPAddress], [a].[NewValues], [a].[OldValues], [a].[Timestamp], [a].[UserAgent], [a].[UserId]
    FROM [AuditLogs] AS [a]
    ORDER BY [a].[Timestamp] DESC
    OFFSET @p ROWS FETCH NEXT @p1 ROWS ONLY
) AS [a0]
LEFT JOIN (
    SELECT [u].[Id], [u].[Address], [u].[CreatedAt], [u].[DeletedAt], [u].[Email], [u].[FailedLoginCount], [u].[FullName], [u].[IsActive], [u].[IsDeleted], [u].[IsEmailVerified], [u].[LastLoginAt], [u].[LockedUntil], [u].[PasswordHash], [u].[PhoneNumber], [u].[PreferredLanguage], [u].[ProfileImagePath], [u].[Role], [u].[SubscriptionExpiry], [u].[SubscriptionType], [u].[TwoFactorEnabled], [u].[TwoFactorSecret], [u].[UpdatedAt], [u].[Username]
    FROM [Users] AS [u]
    WHERE [u].[IsDeleted] = CAST(0 AS bit)
) AS [u0] ON [a0].[UserId] = [u0].[Id]
ORDER BY [a0].[Timestamp] DESC
2026-05-17 23:56:18.339 +06:00 [INF] Executing ViewResult, running view Admin.
2026-05-17 23:56:18.340 +06:00 [INF] Executed ViewResult - view Admin executed in 1.3031ms.
2026-05-17 23:56:18.341 +06:00 [INF] Executed action CattleFarm.Controllers.DashboardController.Index (CattleFarm) in 20.1614ms
2026-05-17 23:56:18.342 +06:00 [INF] Executed endpoint 'CattleFarm.Controllers.DashboardController.Index (CattleFarm)'
2026-05-17 23:56:18.343 +06:00 [INF] Request finished HTTP/2 GET https://localhost:7170/Dashboard/Index - 200 null text/html; charset=utf-8 27.944ms
2026-05-17 23:56:18.358 +06:00 [INF] Request starting HTTP/2 GET https://localhost:7170/_framework/aspnetcore-browser-refresh.js - null null
2026-05-17 23:56:18.361 +06:00 [INF] Request finished HTTP/2 GET https://localhost:7170/_framework/aspnetcore-browser-refresh.js - 200 14925 application/javascript; charset=utf-8 2.4087ms
2026-05-17 23:56:19.631 +06:00 [INF] Request starting HTTP/2 GET https://localhost:7170/MilkProduction - null null
2026-05-17 23:56:19.635 +06:00 [INF] Request finished HTTP/2 GET https://localhost:7170/MilkProduction - 404 null null 4.0454ms
2026-05-17 23:56:19.638 +06:00 [INF] Request reached the end of the middleware pipeline without being handled by application code. Request path: GET https://localhost:7170/MilkProduction, Response status code: 404
2026-05-17 23:56:26.696 +06:00 [INF] Request starting HTTP/2 GET https://localhost:7170/MilkProduction/Index - null null
2026-05-17 23:56:26.699 +06:00 [INF] Executing endpoint 'CattleFarm.Controllers.MilkProductionController.Index (CattleFarm)'
2026-05-17 23:56:26.705 +06:00 [INF] Route matched with {action = "Index", controller = "MilkProduction"}. Executing controller action with signature System.Threading.Tasks.Task`1[Microsoft.AspNetCore.Mvc.IActionResult] Index(Int32, System.Nullable`1[System.DateTime], System.Nullable`1[System.DateTime]) on controller CattleFarm.Controllers.MilkProductionController (CattleFarm).
2026-05-17 23:56:26.728 +06:00 [INF] Executed DbCommand (5ms) [Parameters=[@farmId='?' (DbType = Int32)], CommandType='"Text"', CommandTimeout='30']
SELECT [m].[Id], [m].[CattleId], [m].[CreatedAt], [m].[Date], [m].[EveningYieldLiters], [m].[FarmId], [m].[MorningYieldLiters], [m].[Notes], [m].[RecordedByWorkerId], [c0].[Id], [c0].[ApprovalStatus], [c0].[Breed], [c0].[CreatedAt], [c0].[DateOfBirth], [c0].[DeletedAt], [c0].[Description], [c0].[FarmId], [c0].[Gender], [c0].[HealthStatus], [c0].[ImagePath], [c0].[IsDeleted], [c0].[IsListedForSale], [c0].[IsPremiumListing], [c0].[Name], [c0].[PurchaseDate], [c0].[PurchasePrice], [c0].[SaleDate], [c0].[SalePrice], [c0].[Status], [c0].[TagId], [c0].[UpdatedAt], [c0].[Weight]
FROM [MilkProductions] AS [m]
INNER JOIN (
    SELECT [c].[Id], [c].[ApprovalStatus], [c].[Breed], [c].[CreatedAt], [c].[DateOfBirth], [c].[DeletedAt], [c].[Description], [c].[FarmId], [c].[Gender], [c].[HealthStatus], [c].[ImagePath], [c].[IsDeleted], [c].[IsListedForSale], [c].[IsPremiumListing], [c].[Name], [c].[PurchaseDate], [c].[PurchasePrice], [c].[SaleDate], [c].[SalePrice], [c].[Status], [c].[TagId], [c].[UpdatedAt], [c].[Weight]
    FROM [Cattles] AS [c]
    WHERE [c].[IsDeleted] = CAST(0 AS bit)
) AS [c0] ON [m].[CattleId] = [c0].[Id]
WHERE [m].[FarmId] = @farmId
ORDER BY [m].[Date] DESC
2026-05-17 23:56:26.740 +06:00 [INF] Executed DbCommand (1ms) [Parameters=[@farmId='?' (DbType = Int32)], CommandType='"Text"', CommandTimeout='30']
SELECT COALESCE(SUM([m].[MorningYieldLiters] + [m].[EveningYieldLiters]), 0.0E0)
FROM [MilkProductions] AS [m]
WHERE [m].[FarmId] = @farmId
2026-05-17 23:56:26.746 +06:00 [INF] Executed DbCommand (0ms) [Parameters=[], CommandType='"Text"', CommandTimeout='30']
SELECT [f].[Id], [f].[ApprovalStatus], [f].[Capacity], [f].[CreatedAt], [f].[DeletedAt], [f].[Description], [f].[FarmType], [f].[ImagePath], [f].[IsActive], [f].[IsDeleted], [f].[Latitude], [f].[Location], [f].[Longitude], [f].[Name], [f].[OwnerId], [f].[SizeInAcres], [f].[UpdatedAt]
FROM [Farms] AS [f]
WHERE [f].[IsDeleted] = CAST(0 AS bit)
2026-05-17 23:56:26.751 +06:00 [INF] Executing ViewResult, running view Index.
2026-05-17 23:56:26.753 +06:00 [ERR] The view 'Index' was not found. Searched locations: ["/Views/MilkProduction/Index.cshtml","/Views/Shared/Index.cshtml"]
2026-05-17 23:56:26.757 +06:00 [INF] Executed action CattleFarm.Controllers.MilkProductionController.Index (CattleFarm) in 49.8771ms
2026-05-17 23:56:26.758 +06:00 [INF] Executed endpoint 'CattleFarm.Controllers.MilkProductionController.Index (CattleFarm)'
2026-05-17 23:56:26.760 +06:00 [ERR] An unhandled exception has occurred while executing the request.
System.InvalidOperationException: The view 'Index' was not found. The following locations were searched:
/Views/MilkProduction/Index.cshtml
/Views/Shared/Index.cshtml
   at Microsoft.AspNetCore.Mvc.ViewEngines.ViewEngineResult.EnsureSuccessful(IEnumerable`1 originalLocations)
   at Microsoft.AspNetCore.Mvc.ViewFeatures.ViewResultExecutor.ExecuteAsync(ActionContext context, ViewResult result)
   at Microsoft.AspNetCore.Mvc.ViewResult.ExecuteResultAsync(ActionContext context)
   at Microsoft.AspNetCore.Mvc.Infrastructure.ResourceInvoker.<InvokeNextResultFilterAsync>g__Awaited|30_0[TFilter,TFilterAsync](ResourceInvoker invoker, Task lastTask, State next, Scope scope, Object state, Boolean isCompleted)
   at Microsoft.AspNetCore.Mvc.Infrastructure.ResourceInvoker.Rethrow(ResultExecutedContextSealed context)
   at Microsoft.AspNetCore.Mvc.Infrastructure.ResourceInvoker.ResultNext[TFilter,TFilterAsync](State& next, Scope& scope, Object& state, Boolean& isCompleted)
   at Microsoft.AspNetCore.Mvc.Infrastructure.ResourceInvoker.InvokeResultFilters()
--- End of stack trace from previous location ---
   at Microsoft.AspNetCore.Mvc.Infrastructure.ResourceInvoker.<InvokeNextResourceFilter>g__Awaited|25_0(ResourceInvoker invoker, Task lastTask, State next, Scope scope, Object state, Boolean isCompleted)
   at Microsoft.AspNetCore.Mvc.Infrastructure.ResourceInvoker.Rethrow(ResourceExecutedContextSealed context)
   at Microsoft.AspNetCore.Mvc.Infrastructure.ResourceInvoker.Next(State& next, Scope& scope, Object& state, Boolean& isCompleted)
   at Microsoft.AspNetCore.Mvc.Infrastructure.ResourceInvoker.<InvokeFilterPipelineAsync>g__Awaited|20_0(ResourceInvoker invoker, Task lastTask, State next, Scope scope, Object state, Boolean isCompleted)
   at Microsoft.AspNetCore.Mvc.Infrastructure.ResourceInvoker.<InvokeAsync>g__Logged|17_1(ResourceInvoker invoker)
   at Microsoft.AspNetCore.Mvc.Infrastructure.ResourceInvoker.<InvokeAsync>g__Logged|17_1(ResourceInvoker invoker)
   at Microsoft.AspNetCore.Routing.EndpointMiddleware.<Invoke>g__AwaitRequestTask|7_0(Endpoint endpoint, Task requestTask, ILogger logger)
   at Microsoft.AspNetCore.Authorization.AuthorizationMiddleware.Invoke(HttpContext context)
   at Microsoft.AspNetCore.Authentication.AuthenticationMiddleware.Invoke(HttpContext context)
   at Microsoft.AspNetCore.Diagnostics.DeveloperExceptionPageMiddlewareImpl.Invoke(HttpContext context)
2026-05-17 23:56:26.814 +06:00 [INF] Request finished HTTP/2 GET https://localhost:7170/MilkProduction/Index - 500 null text/html; charset=utf-8 118.5663ms
2026-05-17 23:56:26.834 +06:00 [INF] Request starting HTTP/2 GET https://localhost:7170/_vs/browserLink - null null
2026-05-17 23:56:26.837 +06:00 [INF] Request starting HTTP/2 GET https://localhost:7170/_framework/aspnetcore-browser-refresh.js - null null
2026-05-17 23:56:26.842 +06:00 [INF] Request finished HTTP/2 GET https://localhost:7170/_framework/aspnetcore-browser-refresh.js - 200 14925 application/javascript; charset=utf-8 5.6146ms
2026-05-17 23:56:26.847 +06:00 [INF] Request finished HTTP/2 GET https://localhost:7170/_vs/browserLink - 200 null text/javascript; charset=UTF-8 12.94ms
2026-05-17 23:56:30.209 +06:00 [INF] Request starting HTTP/2 GET https://localhost:7170/Dashboard/Index - null null
2026-05-17 23:56:30.212 +06:00 [INF] Executing endpoint 'CattleFarm.Controllers.DashboardController.Index (CattleFarm)'
2026-05-17 23:56:30.213 +06:00 [INF] Route matched with {action = "Index", controller = "Dashboard"}. Executing controller action with signature System.Threading.Tasks.Task`1[Microsoft.AspNetCore.Mvc.IActionResult] Index(System.Nullable`1[System.Int32]) on controller CattleFarm.Controllers.DashboardController (CattleFarm).
2026-05-17 23:56:30.215 +06:00 [INF] Executed DbCommand (0ms) [Parameters=[@userId='?' (DbType = Int32)], CommandType='"Text"', CommandTimeout='30']
SELECT COUNT(*)
FROM [Notifications] AS [n]
WHERE [n].[UserId] = @userId AND [n].[IsRead] = CAST(0 AS bit)
2026-05-17 23:56:30.217 +06:00 [INF] Executed DbCommand (0ms) [Parameters=[], CommandType='"Text"', CommandTimeout='30']
SELECT [u].[Id], [u].[Address], [u].[CreatedAt], [u].[DeletedAt], [u].[Email], [u].[FailedLoginCount], [u].[FullName], [u].[IsActive], [u].[IsDeleted], [u].[IsEmailVerified], [u].[LastLoginAt], [u].[LockedUntil], [u].[PasswordHash], [u].[PhoneNumber], [u].[PreferredLanguage], [u].[ProfileImagePath], [u].[Role], [u].[SubscriptionExpiry], [u].[SubscriptionType], [u].[TwoFactorEnabled], [u].[TwoFactorSecret], [u].[UpdatedAt], [u].[Username]
FROM [Users] AS [u]
WHERE [u].[IsDeleted] = CAST(0 AS bit)
2026-05-17 23:56:30.219 +06:00 [INF] Executed DbCommand (0ms) [Parameters=[], CommandType='"Text"', CommandTimeout='30']
SELECT [f].[Id], [f].[ApprovalStatus], [f].[Capacity], [f].[CreatedAt], [f].[DeletedAt], [f].[Description], [f].[FarmType], [f].[ImagePath], [f].[IsActive], [f].[IsDeleted], [f].[Latitude], [f].[Location], [f].[Longitude], [f].[Name], [f].[OwnerId], [f].[SizeInAcres], [f].[UpdatedAt]
FROM [Farms] AS [f]
WHERE [f].[IsDeleted] = CAST(0 AS bit)
2026-05-17 23:56:30.220 +06:00 [INF] Executed DbCommand (0ms) [Parameters=[], CommandType='"Text"', CommandTimeout='30']
SELECT [c].[Id], [c].[ApprovalStatus], [c].[Breed], [c].[CreatedAt], [c].[DateOfBirth], [c].[DeletedAt], [c].[Description], [c].[FarmId], [c].[Gender], [c].[HealthStatus], [c].[ImagePath], [c].[IsDeleted], [c].[IsListedForSale], [c].[IsPremiumListing], [c].[Name], [c].[PurchaseDate], [c].[PurchasePrice], [c].[SaleDate], [c].[SalePrice], [c].[Status], [c].[TagId], [c].[UpdatedAt], [c].[Weight]
FROM [Cattles] AS [c]
WHERE [c].[IsDeleted] = CAST(0 AS bit)
2026-05-17 23:56:30.222 +06:00 [INF] Executed DbCommand (0ms) [Parameters=[], CommandType='"Text"', CommandTimeout='30']
SELECT [w].[Id], [w].[CreatedAt], [w].[DeletedAt], [w].[Email], [w].[ExperienceYears], [w].[FarmId], [w].[FullName], [w].[HiredAt], [w].[ImagePath], [w].[IsActive], [w].[IsAvailable], [w].[IsDeleted], [w].[Notes], [w].[Phone], [w].[Role], [w].[Salary], [w].[Skills], [w].[UpdatedAt], [w].[UserId]
FROM [Workers] AS [w]
WHERE [w].[IsDeleted] = CAST(0 AS bit)
2026-05-17 23:56:30.224 +06:00 [INF] Executed DbCommand (0ms) [Parameters=[], CommandType='"Text"', CommandTimeout='30']
SELECT [d].[Id], [d].[ConsultationFee], [d].[CreatedAt], [d].[DeletedAt], [d].[Email], [d].[FarmId], [d].[FullName], [d].[ImagePath], [d].[IsActive], [d].[IsAvailable], [d].[IsDeleted], [d].[LicenseNumber], [d].[Notes], [d].[Phone], [d].[Specialization], [d].[UpdatedAt], [d].[UserId]
FROM [Doctors] AS [d]
WHERE [d].[IsDeleted] = CAST(0 AS bit)
2026-05-17 23:56:30.226 +06:00 [INF] Executed DbCommand (0ms) [Parameters=[@p='?' (DbType = Int32)], CommandType='"Text"', CommandTimeout='30']
SELECT [a0].[Id], [a0].[Description], [a0].[EntityId], [a0].[EntityName], [a0].[IPAddress], [a0].[Timestamp], [a0].[UserId], [u0].[Id], [u0].[Address], [u0].[CreatedAt], [u0].[DeletedAt], [u0].[Email], [u0].[FailedLoginCount], [u0].[FullName], [u0].[IsActive], [u0].[IsDeleted], [u0].[IsEmailVerified], [u0].[LastLoginAt], [u0].[LockedUntil], [u0].[PasswordHash], [u0].[PhoneNumber], [u0].[PreferredLanguage], [u0].[ProfileImagePath], [u0].[Role], [u0].[SubscriptionExpiry], [u0].[SubscriptionType], [u0].[TwoFactorEnabled], [u0].[TwoFactorSecret], [u0].[UpdatedAt], [u0].[Username]
FROM (
    SELECT TOP(@p) [a].[Id], [a].[Description], [a].[EntityId], [a].[EntityName], [a].[IPAddress], [a].[Timestamp], [a].[UserId]
    FROM [ActivityLogs] AS [a]
    ORDER BY [a].[Timestamp] DESC
) AS [a0]
LEFT JOIN (
    SELECT [u].[Id], [u].[Address], [u].[CreatedAt], [u].[DeletedAt], [u].[Email], [u].[FailedLoginCount], [u].[FullName], [u].[IsActive], [u].[IsDeleted], [u].[IsEmailVerified], [u].[LastLoginAt], [u].[LockedUntil], [u].[PasswordHash], [u].[PhoneNumber], [u].[PreferredLanguage], [u].[ProfileImagePath], [u].[Role], [u].[SubscriptionExpiry], [u].[SubscriptionType], [u].[TwoFactorEnabled], [u].[TwoFactorSecret], [u].[UpdatedAt], [u].[Username]
    FROM [Users] AS [u]
    WHERE [u].[IsDeleted] = CAST(0 AS bit)
) AS [u0] ON [a0].[UserId] = [u0].[Id]
ORDER BY [a0].[Timestamp] DESC
2026-05-17 23:56:30.227 +06:00 [INF] Executed DbCommand (0ms) [Parameters=[], CommandType='"Text"', CommandTimeout='30']
SELECT COUNT(*)
FROM [AuditLogs] AS [a]
2026-05-17 23:56:30.229 +06:00 [INF] Executed DbCommand (0ms) [Parameters=[@p='?' (DbType = Int32), @p1='?' (DbType = Int32)], CommandType='"Text"', CommandTimeout='30']
SELECT [a0].[Id], [a0].[Action], [a0].[EntityId], [a0].[EntityName], [a0].[IPAddress], [a0].[NewValues], [a0].[OldValues], [a0].[Timestamp], [a0].[UserAgent], [a0].[UserId], [u0].[Id], [u0].[Address], [u0].[CreatedAt], [u0].[DeletedAt], [u0].[Email], [u0].[FailedLoginCount], [u0].[FullName], [u0].[IsActive], [u0].[IsDeleted], [u0].[IsEmailVerified], [u0].[LastLoginAt], [u0].[LockedUntil], [u0].[PasswordHash], [u0].[PhoneNumber], [u0].[PreferredLanguage], [u0].[ProfileImagePath], [u0].[Role], [u0].[SubscriptionExpiry], [u0].[SubscriptionType], [u0].[TwoFactorEnabled], [u0].[TwoFactorSecret], [u0].[UpdatedAt], [u0].[Username]
FROM (
    SELECT [a].[Id], [a].[Action], [a].[EntityId], [a].[EntityName], [a].[IPAddress], [a].[NewValues], [a].[OldValues], [a].[Timestamp], [a].[UserAgent], [a].[UserId]
    FROM [AuditLogs] AS [a]
    ORDER BY [a].[Timestamp] DESC
    OFFSET @p ROWS FETCH NEXT @p1 ROWS ONLY
) AS [a0]
LEFT JOIN (
    SELECT [u].[Id], [u].[Address], [u].[CreatedAt], [u].[DeletedAt], [u].[Email], [u].[FailedLoginCount], [u].[FullName], [u].[IsActive], [u].[IsDeleted], [u].[IsEmailVerified], [u].[LastLoginAt], [u].[LockedUntil], [u].[PasswordHash], [u].[PhoneNumber], [u].[PreferredLanguage], [u].[ProfileImagePath], [u].[Role], [u].[SubscriptionExpiry], [u].[SubscriptionType], [u].[TwoFactorEnabled], [u].[TwoFactorSecret], [u].[UpdatedAt], [u].[Username]
    FROM [Users] AS [u]
    WHERE [u].[IsDeleted] = CAST(0 AS bit)
) AS [u0] ON [a0].[UserId] = [u0].[Id]
ORDER BY [a0].[Timestamp] DESC
2026-05-17 23:56:30.231 +06:00 [INF] Executing ViewResult, running view Admin.
2026-05-17 23:56:30.232 +06:00 [INF] Executed ViewResult - view Admin executed in 1.2126ms.
2026-05-17 23:56:30.233 +06:00 [INF] Executed action CattleFarm.Controllers.DashboardController.Index (CattleFarm) in 18.4479ms
2026-05-17 23:56:30.234 +06:00 [INF] Executed endpoint 'CattleFarm.Controllers.DashboardController.Index (CattleFarm)'
2026-05-17 23:56:30.235 +06:00 [INF] Request finished HTTP/2 GET https://localhost:7170/Dashboard/Index - 200 null text/html; charset=utf-8 25.9375ms
2026-05-17 23:56:30.250 +06:00 [INF] Request starting HTTP/2 GET https://localhost:7170/_framework/aspnetcore-browser-refresh.js - null null
2026-05-17 23:56:30.253 +06:00 [INF] Request finished HTTP/2 GET https://localhost:7170/_framework/aspnetcore-browser-refresh.js - 200 14925 application/javascript; charset=utf-8 2.7498ms
2026-05-17 23:56:31.799 +06:00 [INF] Request starting HTTP/2 GET https://localhost:7170/Health - null null
2026-05-17 23:56:31.803 +06:00 [INF] Request finished HTTP/2 GET https://localhost:7170/Health - 404 null null 3.6406ms
2026-05-17 23:56:31.806 +06:00 [INF] Request reached the end of the middleware pipeline without being handled by application code. Request path: GET https://localhost:7170/Health, Response status code: 404
2026-05-17 23:56:33.090 +06:00 [INF] Request starting HTTP/2 GET https://localhost:7170/Dashboard/Index - null null
2026-05-17 23:56:33.094 +06:00 [INF] Executing endpoint 'CattleFarm.Controllers.DashboardController.Index (CattleFarm)'
2026-05-17 23:56:33.094 +06:00 [INF] Route matched with {action = "Index", controller = "Dashboard"}. Executing controller action with signature System.Threading.Tasks.Task`1[Microsoft.AspNetCore.Mvc.IActionResult] Index(System.Nullable`1[System.Int32]) on controller CattleFarm.Controllers.DashboardController (CattleFarm).
2026-05-17 23:56:33.097 +06:00 [INF] Executed DbCommand (0ms) [Parameters=[@userId='?' (DbType = Int32)], CommandType='"Text"', CommandTimeout='30']
SELECT COUNT(*)
FROM [Notifications] AS [n]
WHERE [n].[UserId] = @userId AND [n].[IsRead] = CAST(0 AS bit)
2026-05-17 23:56:33.098 +06:00 [INF] Executed DbCommand (0ms) [Parameters=[], CommandType='"Text"', CommandTimeout='30']
SELECT [u].[Id], [u].[Address], [u].[CreatedAt], [u].[DeletedAt], [u].[Email], [u].[FailedLoginCount], [u].[FullName], [u].[IsActive], [u].[IsDeleted], [u].[IsEmailVerified], [u].[LastLoginAt], [u].[LockedUntil], [u].[PasswordHash], [u].[PhoneNumber], [u].[PreferredLanguage], [u].[ProfileImagePath], [u].[Role], [u].[SubscriptionExpiry], [u].[SubscriptionType], [u].[TwoFactorEnabled], [u].[TwoFactorSecret], [u].[UpdatedAt], [u].[Username]
FROM [Users] AS [u]
WHERE [u].[IsDeleted] = CAST(0 AS bit)
2026-05-17 23:56:33.100 +06:00 [INF] Executed DbCommand (0ms) [Parameters=[], CommandType='"Text"', CommandTimeout='30']
SELECT [f].[Id], [f].[ApprovalStatus], [f].[Capacity], [f].[CreatedAt], [f].[DeletedAt], [f].[Description], [f].[FarmType], [f].[ImagePath], [f].[IsActive], [f].[IsDeleted], [f].[Latitude], [f].[Location], [f].[Longitude], [f].[Name], [f].[OwnerId], [f].[SizeInAcres], [f].[UpdatedAt]
FROM [Farms] AS [f]
WHERE [f].[IsDeleted] = CAST(0 AS bit)
2026-05-17 23:56:33.102 +06:00 [INF] Executed DbCommand (0ms) [Parameters=[], CommandType='"Text"', CommandTimeout='30']
SELECT [c].[Id], [c].[ApprovalStatus], [c].[Breed], [c].[CreatedAt], [c].[DateOfBirth], [c].[DeletedAt], [c].[Description], [c].[FarmId], [c].[Gender], [c].[HealthStatus], [c].[ImagePath], [c].[IsDeleted], [c].[IsListedForSale], [c].[IsPremiumListing], [c].[Name], [c].[PurchaseDate], [c].[PurchasePrice], [c].[SaleDate], [c].[SalePrice], [c].[Status], [c].[TagId], [c].[UpdatedAt], [c].[Weight]
FROM [Cattles] AS [c]
WHERE [c].[IsDeleted] = CAST(0 AS bit)
2026-05-17 23:56:33.103 +06:00 [INF] Executed DbCommand (0ms) [Parameters=[], CommandType='"Text"', CommandTimeout='30']
SELECT [w].[Id], [w].[CreatedAt], [w].[DeletedAt], [w].[Email], [w].[ExperienceYears], [w].[FarmId], [w].[FullName], [w].[HiredAt], [w].[ImagePath], [w].[IsActive], [w].[IsAvailable], [w].[IsDeleted], [w].[Notes], [w].[Phone], [w].[Role], [w].[Salary], [w].[Skills], [w].[UpdatedAt], [w].[UserId]
FROM [Workers] AS [w]
WHERE [w].[IsDeleted] = CAST(0 AS bit)
2026-05-17 23:56:33.105 +06:00 [INF] Executed DbCommand (0ms) [Parameters=[], CommandType='"Text"', CommandTimeout='30']
SELECT [d].[Id], [d].[ConsultationFee], [d].[CreatedAt], [d].[DeletedAt], [d].[Email], [d].[FarmId], [d].[FullName], [d].[ImagePath], [d].[IsActive], [d].[IsAvailable], [d].[IsDeleted], [d].[LicenseNumber], [d].[Notes], [d].[Phone], [d].[Specialization], [d].[UpdatedAt], [d].[UserId]
FROM [Doctors] AS [d]
WHERE [d].[IsDeleted] = CAST(0 AS bit)
2026-05-17 23:56:33.107 +06:00 [INF] Executed DbCommand (0ms) [Parameters=[@p='?' (DbType = Int32)], CommandType='"Text"', CommandTimeout='30']
SELECT [a0].[Id], [a0].[Description], [a0].[EntityId], [a0].[EntityName], [a0].[IPAddress], [a0].[Timestamp], [a0].[UserId], [u0].[Id], [u0].[Address], [u0].[CreatedAt], [u0].[DeletedAt], [u0].[Email], [u0].[FailedLoginCount], [u0].[FullName], [u0].[IsActive], [u0].[IsDeleted], [u0].[IsEmailVerified], [u0].[LastLoginAt], [u0].[LockedUntil], [u0].[PasswordHash], [u0].[PhoneNumber], [u0].[PreferredLanguage], [u0].[ProfileImagePath], [u0].[Role], [u0].[SubscriptionExpiry], [u0].[SubscriptionType], [u0].[TwoFactorEnabled], [u0].[TwoFactorSecret], [u0].[UpdatedAt], [u0].[Username]
FROM (
    SELECT TOP(@p) [a].[Id], [a].[Description], [a].[EntityId], [a].[EntityName], [a].[IPAddress], [a].[Timestamp], [a].[UserId]
    FROM [ActivityLogs] AS [a]
    ORDER BY [a].[Timestamp] DESC
) AS [a0]
LEFT JOIN (
    SELECT [u].[Id], [u].[Address], [u].[CreatedAt], [u].[DeletedAt], [u].[Email], [u].[FailedLoginCount], [u].[FullName], [u].[IsActive], [u].[IsDeleted], [u].[IsEmailVerified], [u].[LastLoginAt], [u].[LockedUntil], [u].[PasswordHash], [u].[PhoneNumber], [u].[PreferredLanguage], [u].[ProfileImagePath], [u].[Role], [u].[SubscriptionExpiry], [u].[SubscriptionType], [u].[TwoFactorEnabled], [u].[TwoFactorSecret], [u].[UpdatedAt], [u].[Username]
    FROM [Users] AS [u]
    WHERE [u].[IsDeleted] = CAST(0 AS bit)
) AS [u0] ON [a0].[UserId] = [u0].[Id]
ORDER BY [a0].[Timestamp] DESC
2026-05-17 23:56:33.109 +06:00 [INF] Executed DbCommand (0ms) [Parameters=[], CommandType='"Text"', CommandTimeout='30']
SELECT COUNT(*)
FROM [AuditLogs] AS [a]
2026-05-17 23:56:33.111 +06:00 [INF] Executed DbCommand (0ms) [Parameters=[@p='?' (DbType = Int32), @p1='?' (DbType = Int32)], CommandType='"Text"', CommandTimeout='30']
SELECT [a0].[Id], [a0].[Action], [a0].[EntityId], [a0].[EntityName], [a0].[IPAddress], [a0].[NewValues], [a0].[OldValues], [a0].[Timestamp], [a0].[UserAgent], [a0].[UserId], [u0].[Id], [u0].[Address], [u0].[CreatedAt], [u0].[DeletedAt], [u0].[Email], [u0].[FailedLoginCount], [u0].[FullName], [u0].[IsActive], [u0].[IsDeleted], [u0].[IsEmailVerified], [u0].[LastLoginAt], [u0].[LockedUntil], [u0].[PasswordHash], [u0].[PhoneNumber], [u0].[PreferredLanguage], [u0].[ProfileImagePath], [u0].[Role], [u0].[SubscriptionExpiry], [u0].[SubscriptionType], [u0].[TwoFactorEnabled], [u0].[TwoFactorSecret], [u0].[UpdatedAt], [u0].[Username]
FROM (
    SELECT [a].[Id], [a].[Action], [a].[EntityId], [a].[EntityName], [a].[IPAddress], [a].[NewValues], [a].[OldValues], [a].[Timestamp], [a].[UserAgent], [a].[UserId]
    FROM [AuditLogs] AS [a]
    ORDER BY [a].[Timestamp] DESC
    OFFSET @p ROWS FETCH NEXT @p1 ROWS ONLY
) AS [a0]
LEFT JOIN (
    SELECT [u].[Id], [u].[Address], [u].[CreatedAt], [u].[DeletedAt], [u].[Email], [u].[FailedLoginCount], [u].[FullName], [u].[IsActive], [u].[IsDeleted], [u].[IsEmailVerified], [u].[LastLoginAt], [u].[LockedUntil], [u].[PasswordHash], [u].[PhoneNumber], [u].[PreferredLanguage], [u].[ProfileImagePath], [u].[Role], [u].[SubscriptionExpiry], [u].[SubscriptionType], [u].[TwoFactorEnabled], [u].[TwoFactorSecret], [u].[UpdatedAt], [u].[Username]
    FROM [Users] AS [u]
    WHERE [u].[IsDeleted] = CAST(0 AS bit)
) AS [u0] ON [a0].[UserId] = [u0].[Id]
ORDER BY [a0].[Timestamp] DESC
2026-05-17 23:56:33.113 +06:00 [INF] Executing ViewResult, running view Admin.
2026-05-17 23:56:33.114 +06:00 [INF] Executed ViewResult - view Admin executed in 1.2387ms.
2026-05-17 23:56:33.115 +06:00 [INF] Executed action CattleFarm.Controllers.DashboardController.Index (CattleFarm) in 19.3137ms
2026-05-17 23:56:33.116 +06:00 [INF] Executed endpoint 'CattleFarm.Controllers.DashboardController.Index (CattleFarm)'
2026-05-17 23:56:33.117 +06:00 [INF] Request finished HTTP/2 GET https://localhost:7170/Dashboard/Index - 200 null text/html; charset=utf-8 26.4614ms
2026-05-17 23:56:33.133 +06:00 [INF] Request starting HTTP/2 GET https://localhost:7170/_framework/aspnetcore-browser-refresh.js - null null
2026-05-17 23:56:33.136 +06:00 [INF] Request finished HTTP/2 GET https://localhost:7170/_framework/aspnetcore-browser-refresh.js - 200 14925 application/javascript; charset=utf-8 2.5653ms
2026-05-17 23:56:35.510 +06:00 [INF] Request starting HTTP/2 GET https://localhost:7170/Doctor - null null
2026-05-17 23:56:35.515 +06:00 [INF] Request finished HTTP/2 GET https://localhost:7170/Doctor - 404 null null 4.8368ms
2026-05-17 23:56:35.518 +06:00 [INF] Request reached the end of the middleware pipeline without being handled by application code. Request path: GET https://localhost:7170/Doctor, Response status code: 404
2026-05-17 23:56:36.635 +06:00 [INF] Request starting HTTP/2 GET https://localhost:7170/Dashboard/Index - null null
2026-05-17 23:56:36.638 +06:00 [INF] Executing endpoint 'CattleFarm.Controllers.DashboardController.Index (CattleFarm)'
2026-05-17 23:56:36.639 +06:00 [INF] Route matched with {action = "Index", controller = "Dashboard"}. Executing controller action with signature System.Threading.Tasks.Task`1[Microsoft.AspNetCore.Mvc.IActionResult] Index(System.Nullable`1[System.Int32]) on controller CattleFarm.Controllers.DashboardController (CattleFarm).
2026-05-17 23:56:36.642 +06:00 [INF] Executed DbCommand (0ms) [Parameters=[@userId='?' (DbType = Int32)], CommandType='"Text"', CommandTimeout='30']
SELECT COUNT(*)
FROM [Notifications] AS [n]
WHERE [n].[UserId] = @userId AND [n].[IsRead] = CAST(0 AS bit)
2026-05-17 23:56:36.644 +06:00 [INF] Executed DbCommand (0ms) [Parameters=[], CommandType='"Text"', CommandTimeout='30']
SELECT [u].[Id], [u].[Address], [u].[CreatedAt], [u].[DeletedAt], [u].[Email], [u].[FailedLoginCount], [u].[FullName], [u].[IsActive], [u].[IsDeleted], [u].[IsEmailVerified], [u].[LastLoginAt], [u].[LockedUntil], [u].[PasswordHash], [u].[PhoneNumber], [u].[PreferredLanguage], [u].[ProfileImagePath], [u].[Role], [u].[SubscriptionExpiry], [u].[SubscriptionType], [u].[TwoFactorEnabled], [u].[TwoFactorSecret], [u].[UpdatedAt], [u].[Username]
FROM [Users] AS [u]
WHERE [u].[IsDeleted] = CAST(0 AS bit)
2026-05-17 23:56:36.646 +06:00 [INF] Executed DbCommand (0ms) [Parameters=[], CommandType='"Text"', CommandTimeout='30']
SELECT [f].[Id], [f].[ApprovalStatus], [f].[Capacity], [f].[CreatedAt], [f].[DeletedAt], [f].[Description], [f].[FarmType], [f].[ImagePath], [f].[IsActive], [f].[IsDeleted], [f].[Latitude], [f].[Location], [f].[Longitude], [f].[Name], [f].[OwnerId], [f].[SizeInAcres], [f].[UpdatedAt]
FROM [Farms] AS [f]
WHERE [f].[IsDeleted] = CAST(0 AS bit)
2026-05-17 23:56:36.647 +06:00 [INF] Executed DbCommand (0ms) [Parameters=[], CommandType='"Text"', CommandTimeout='30']
SELECT [c].[Id], [c].[ApprovalStatus], [c].[Breed], [c].[CreatedAt], [c].[DateOfBirth], [c].[DeletedAt], [c].[Description], [c].[FarmId], [c].[Gender], [c].[HealthStatus], [c].[ImagePath], [c].[IsDeleted], [c].[IsListedForSale], [c].[IsPremiumListing], [c].[Name], [c].[PurchaseDate], [c].[PurchasePrice], [c].[SaleDate], [c].[SalePrice], [c].[Status], [c].[TagId], [c].[UpdatedAt], [c].[Weight]
FROM [Cattles] AS [c]
WHERE [c].[IsDeleted] = CAST(0 AS bit)
2026-05-17 23:56:36.649 +06:00 [INF] Executed DbCommand (0ms) [Parameters=[], CommandType='"Text"', CommandTimeout='30']
SELECT [w].[Id], [w].[CreatedAt], [w].[DeletedAt], [w].[Email], [w].[ExperienceYears], [w].[FarmId], [w].[FullName], [w].[HiredAt], [w].[ImagePath], [w].[IsActive], [w].[IsAvailable], [w].[IsDeleted], [w].[Notes], [w].[Phone], [w].[Role], [w].[Salary], [w].[Skills], [w].[UpdatedAt], [w].[UserId]
FROM [Workers] AS [w]
WHERE [w].[IsDeleted] = CAST(0 AS bit)
2026-05-17 23:56:36.651 +06:00 [INF] Executed DbCommand (0ms) [Parameters=[], CommandType='"Text"', CommandTimeout='30']
SELECT [d].[Id], [d].[ConsultationFee], [d].[CreatedAt], [d].[DeletedAt], [d].[Email], [d].[FarmId], [d].[FullName], [d].[ImagePath], [d].[IsActive], [d].[IsAvailable], [d].[IsDeleted], [d].[LicenseNumber], [d].[Notes], [d].[Phone], [d].[Specialization], [d].[UpdatedAt], [d].[UserId]
FROM [Doctors] AS [d]
WHERE [d].[IsDeleted] = CAST(0 AS bit)
2026-05-17 23:56:36.652 +06:00 [INF] Executed DbCommand (0ms) [Parameters=[@p='?' (DbType = Int32)], CommandType='"Text"', CommandTimeout='30']
SELECT [a0].[Id], [a0].[Description], [a0].[EntityId], [a0].[EntityName], [a0].[IPAddress], [a0].[Timestamp], [a0].[UserId], [u0].[Id], [u0].[Address], [u0].[CreatedAt], [u0].[DeletedAt], [u0].[Email], [u0].[FailedLoginCount], [u0].[FullName], [u0].[IsActive], [u0].[IsDeleted], [u0].[IsEmailVerified], [u0].[LastLoginAt], [u0].[LockedUntil], [u0].[PasswordHash], [u0].[PhoneNumber], [u0].[PreferredLanguage], [u0].[ProfileImagePath], [u0].[Role], [u0].[SubscriptionExpiry], [u0].[SubscriptionType], [u0].[TwoFactorEnabled], [u0].[TwoFactorSecret], [u0].[UpdatedAt], [u0].[Username]
FROM (
    SELECT TOP(@p) [a].[Id], [a].[Description], [a].[EntityId], [a].[EntityName], [a].[IPAddress], [a].[Timestamp], [a].[UserId]
    FROM [ActivityLogs] AS [a]
    ORDER BY [a].[Timestamp] DESC
) AS [a0]
LEFT JOIN (
    SELECT [u].[Id], [u].[Address], [u].[CreatedAt], [u].[DeletedAt], [u].[Email], [u].[FailedLoginCount], [u].[FullName], [u].[IsActive], [u].[IsDeleted], [u].[IsEmailVerified], [u].[LastLoginAt], [u].[LockedUntil], [u].[PasswordHash], [u].[PhoneNumber], [u].[PreferredLanguage], [u].[ProfileImagePath], [u].[Role], [u].[SubscriptionExpiry], [u].[SubscriptionType], [u].[TwoFactorEnabled], [u].[TwoFactorSecret], [u].[UpdatedAt], [u].[Username]
    FROM [Users] AS [u]
    WHERE [u].[IsDeleted] = CAST(0 AS bit)
) AS [u0] ON [a0].[UserId] = [u0].[Id]
ORDER BY [a0].[Timestamp] DESC
2026-05-17 23:56:36.654 +06:00 [INF] Executed DbCommand (0ms) [Parameters=[], CommandType='"Text"', CommandTimeout='30']
SELECT COUNT(*)
FROM [AuditLogs] AS [a]
2026-05-17 23:56:36.656 +06:00 [INF] Executed DbCommand (0ms) [Parameters=[@p='?' (DbType = Int32), @p1='?' (DbType = Int32)], CommandType='"Text"', CommandTimeout='30']
SELECT [a0].[Id], [a0].[Action], [a0].[EntityId], [a0].[EntityName], [a0].[IPAddress], [a0].[NewValues], [a0].[OldValues], [a0].[Timestamp], [a0].[UserAgent], [a0].[UserId], [u0].[Id], [u0].[Address], [u0].[CreatedAt], [u0].[DeletedAt], [u0].[Email], [u0].[FailedLoginCount], [u0].[FullName], [u0].[IsActive], [u0].[IsDeleted], [u0].[IsEmailVerified], [u0].[LastLoginAt], [u0].[LockedUntil], [u0].[PasswordHash], [u0].[PhoneNumber], [u0].[PreferredLanguage], [u0].[ProfileImagePath], [u0].[Role], [u0].[SubscriptionExpiry], [u0].[SubscriptionType], [u0].[TwoFactorEnabled], [u0].[TwoFactorSecret], [u0].[UpdatedAt], [u0].[Username]
FROM (
    SELECT [a].[Id], [a].[Action], [a].[EntityId], [a].[EntityName], [a].[IPAddress], [a].[NewValues], [a].[OldValues], [a].[Timestamp], [a].[UserAgent], [a].[UserId]
    FROM [AuditLogs] AS [a]
    ORDER BY [a].[Timestamp] DESC
    OFFSET @p ROWS FETCH NEXT @p1 ROWS ONLY
) AS [a0]
LEFT JOIN (
    SELECT [u].[Id], [u].[Address], [u].[CreatedAt], [u].[DeletedAt], [u].[Email], [u].[FailedLoginCount], [u].[FullName], [u].[IsActive], [u].[IsDeleted], [u].[IsEmailVerified], [u].[LastLoginAt], [u].[LockedUntil], [u].[PasswordHash], [u].[PhoneNumber], [u].[PreferredLanguage], [u].[ProfileImagePath], [u].[Role], [u].[SubscriptionExpiry], [u].[SubscriptionType], [u].[TwoFactorEnabled], [u].[TwoFactorSecret], [u].[UpdatedAt], [u].[Username]
    FROM [Users] AS [u]
    WHERE [u].[IsDeleted] = CAST(0 AS bit)
) AS [u0] ON [a0].[UserId] = [u0].[Id]
ORDER BY [a0].[Timestamp] DESC
2026-05-17 23:56:36.658 +06:00 [INF] Executing ViewResult, running view Admin.
2026-05-17 23:56:36.659 +06:00 [INF] Executed ViewResult - view Admin executed in 1.2613ms.
2026-05-17 23:56:36.660 +06:00 [INF] Executed action CattleFarm.Controllers.DashboardController.Index (CattleFarm) in 18.7122ms
2026-05-17 23:56:36.661 +06:00 [INF] Executed endpoint 'CattleFarm.Controllers.DashboardController.Index (CattleFarm)'
2026-05-17 23:56:36.661 +06:00 [INF] Request finished HTTP/2 GET https://localhost:7170/Dashboard/Index - 200 null text/html; charset=utf-8 26.3642ms
2026-05-17 23:56:36.677 +06:00 [INF] Request starting HTTP/2 GET https://localhost:7170/_framework/aspnetcore-browser-refresh.js - null null
2026-05-17 23:56:36.680 +06:00 [INF] Request finished HTTP/2 GET https://localhost:7170/_framework/aspnetcore-browser-refresh.js - 200 14925 application/javascript; charset=utf-8 2.6657ms
2026-05-17 23:56:39.055 +06:00 [INF] Request starting HTTP/2 GET https://localhost:7170/Farm - null null
2026-05-17 23:56:39.060 +06:00 [INF] Request finished HTTP/2 GET https://localhost:7170/Farm - 404 null null 4.7106ms
2026-05-17 23:56:39.063 +06:00 [INF] Request reached the end of the middleware pipeline without being handled by application code. Request path: GET https://localhost:7170/Farm, Response status code: 404
2026-05-17 23:56:43.844 +06:00 [INF] Request starting HTTP/2 GET https://localhost:7170/Dashboard/Index - null null
2026-05-17 23:56:43.847 +06:00 [INF] Executing endpoint 'CattleFarm.Controllers.DashboardController.Index (CattleFarm)'
2026-05-17 23:56:43.848 +06:00 [INF] Route matched with {action = "Index", controller = "Dashboard"}. Executing controller action with signature System.Threading.Tasks.Task`1[Microsoft.AspNetCore.Mvc.IActionResult] Index(System.Nullable`1[System.Int32]) on controller CattleFarm.Controllers.DashboardController (CattleFarm).
2026-05-17 23:56:43.851 +06:00 [INF] Executed DbCommand (0ms) [Parameters=[@userId='?' (DbType = Int32)], CommandType='"Text"', CommandTimeout='30']
SELECT COUNT(*)
FROM [Notifications] AS [n]
WHERE [n].[UserId] = @userId AND [n].[IsRead] = CAST(0 AS bit)
2026-05-17 23:56:43.853 +06:00 [INF] Executed DbCommand (0ms) [Parameters=[], CommandType='"Text"', CommandTimeout='30']
SELECT [u].[Id], [u].[Address], [u].[CreatedAt], [u].[DeletedAt], [u].[Email], [u].[FailedLoginCount], [u].[FullName], [u].[IsActive], [u].[IsDeleted], [u].[IsEmailVerified], [u].[LastLoginAt], [u].[LockedUntil], [u].[PasswordHash], [u].[PhoneNumber], [u].[PreferredLanguage], [u].[ProfileImagePath], [u].[Role], [u].[SubscriptionExpiry], [u].[SubscriptionType], [u].[TwoFactorEnabled], [u].[TwoFactorSecret], [u].[UpdatedAt], [u].[Username]
FROM [Users] AS [u]
WHERE [u].[IsDeleted] = CAST(0 AS bit)
2026-05-17 23:56:43.855 +06:00 [INF] Executed DbCommand (0ms) [Parameters=[], CommandType='"Text"', CommandTimeout='30']
SELECT [f].[Id], [f].[ApprovalStatus], [f].[Capacity], [f].[CreatedAt], [f].[DeletedAt], [f].[Description], [f].[FarmType], [f].[ImagePath], [f].[IsActive], [f].[IsDeleted], [f].[Latitude], [f].[Location], [f].[Longitude], [f].[Name], [f].[OwnerId], [f].[SizeInAcres], [f].[UpdatedAt]
FROM [Farms] AS [f]
WHERE [f].[IsDeleted] = CAST(0 AS bit)
2026-05-17 23:56:43.857 +06:00 [INF] Executed DbCommand (0ms) [Parameters=[], CommandType='"Text"', CommandTimeout='30']
SELECT [c].[Id], [c].[ApprovalStatus], [c].[Breed], [c].[CreatedAt], [c].[DateOfBirth], [c].[DeletedAt], [c].[Description], [c].[FarmId], [c].[Gender], [c].[HealthStatus], [c].[ImagePath], [c].[IsDeleted], [c].[IsListedForSale], [c].[IsPremiumListing], [c].[Name], [c].[PurchaseDate], [c].[PurchasePrice], [c].[SaleDate], [c].[SalePrice], [c].[Status], [c].[TagId], [c].[UpdatedAt], [c].[Weight]
FROM [Cattles] AS [c]
WHERE [c].[IsDeleted] = CAST(0 AS bit)
2026-05-17 23:56:43.859 +06:00 [INF] Executed DbCommand (0ms) [Parameters=[], CommandType='"Text"', CommandTimeout='30']
SELECT [w].[Id], [w].[CreatedAt], [w].[DeletedAt], [w].[Email], [w].[ExperienceYears], [w].[FarmId], [w].[FullName], [w].[HiredAt], [w].[ImagePath], [w].[IsActive], [w].[IsAvailable], [w].[IsDeleted], [w].[Notes], [w].[Phone], [w].[Role], [w].[Salary], [w].[Skills], [w].[UpdatedAt], [w].[UserId]
FROM [Workers] AS [w]
WHERE [w].[IsDeleted] = CAST(0 AS bit)
2026-05-17 23:56:43.861 +06:00 [INF] Executed DbCommand (0ms) [Parameters=[], CommandType='"Text"', CommandTimeout='30']
SELECT [d].[Id], [d].[ConsultationFee], [d].[CreatedAt], [d].[DeletedAt], [d].[Email], [d].[FarmId], [d].[FullName], [d].[ImagePath], [d].[IsActive], [d].[IsAvailable], [d].[IsDeleted], [d].[LicenseNumber], [d].[Notes], [d].[Phone], [d].[Specialization], [d].[UpdatedAt], [d].[UserId]
FROM [Doctors] AS [d]
WHERE [d].[IsDeleted] = CAST(0 AS bit)
2026-05-17 23:56:43.862 +06:00 [INF] Executed DbCommand (0ms) [Parameters=[@p='?' (DbType = Int32)], CommandType='"Text"', CommandTimeout='30']
SELECT [a0].[Id], [a0].[Description], [a0].[EntityId], [a0].[EntityName], [a0].[IPAddress], [a0].[Timestamp], [a0].[UserId], [u0].[Id], [u0].[Address], [u0].[CreatedAt], [u0].[DeletedAt], [u0].[Email], [u0].[FailedLoginCount], [u0].[FullName], [u0].[IsActive], [u0].[IsDeleted], [u0].[IsEmailVerified], [u0].[LastLoginAt], [u0].[LockedUntil], [u0].[PasswordHash], [u0].[PhoneNumber], [u0].[PreferredLanguage], [u0].[ProfileImagePath], [u0].[Role], [u0].[SubscriptionExpiry], [u0].[SubscriptionType], [u0].[TwoFactorEnabled], [u0].[TwoFactorSecret], [u0].[UpdatedAt], [u0].[Username]
FROM (
    SELECT TOP(@p) [a].[Id], [a].[Description], [a].[EntityId], [a].[EntityName], [a].[IPAddress], [a].[Timestamp], [a].[UserId]
    FROM [ActivityLogs] AS [a]
    ORDER BY [a].[Timestamp] DESC
) AS [a0]
LEFT JOIN (
    SELECT [u].[Id], [u].[Address], [u].[CreatedAt], [u].[DeletedAt], [u].[Email], [u].[FailedLoginCount], [u].[FullName], [u].[IsActive], [u].[IsDeleted], [u].[IsEmailVerified], [u].[LastLoginAt], [u].[LockedUntil], [u].[PasswordHash], [u].[PhoneNumber], [u].[PreferredLanguage], [u].[ProfileImagePath], [u].[Role], [u].[SubscriptionExpiry], [u].[SubscriptionType], [u].[TwoFactorEnabled], [u].[TwoFactorSecret], [u].[UpdatedAt], [u].[Username]
    FROM [Users] AS [u]
    WHERE [u].[IsDeleted] = CAST(0 AS bit)
) AS [u0] ON [a0].[UserId] = [u0].[Id]
ORDER BY [a0].[Timestamp] DESC
2026-05-17 23:56:43.864 +06:00 [INF] Executed DbCommand (0ms) [Parameters=[], CommandType='"Text"', CommandTimeout='30']
SELECT COUNT(*)
FROM [AuditLogs] AS [a]
2026-05-17 23:56:43.866 +06:00 [INF] Executed DbCommand (0ms) [Parameters=[@p='?' (DbType = Int32), @p1='?' (DbType = Int32)], CommandType='"Text"', CommandTimeout='30']
SELECT [a0].[Id], [a0].[Action], [a0].[EntityId], [a0].[EntityName], [a0].[IPAddress], [a0].[NewValues], [a0].[OldValues], [a0].[Timestamp], [a0].[UserAgent], [a0].[UserId], [u0].[Id], [u0].[Address], [u0].[CreatedAt], [u0].[DeletedAt], [u0].[Email], [u0].[FailedLoginCount], [u0].[FullName], [u0].[IsActive], [u0].[IsDeleted], [u0].[IsEmailVerified], [u0].[LastLoginAt], [u0].[LockedUntil], [u0].[PasswordHash], [u0].[PhoneNumber], [u0].[PreferredLanguage], [u0].[ProfileImagePath], [u0].[Role], [u0].[SubscriptionExpiry], [u0].[SubscriptionType], [u0].[TwoFactorEnabled], [u0].[TwoFactorSecret], [u0].[UpdatedAt], [u0].[Username]
FROM (
    SELECT [a].[Id], [a].[Action], [a].[EntityId], [a].[EntityName], [a].[IPAddress], [a].[NewValues], [a].[OldValues], [a].[Timestamp], [a].[UserAgent], [a].[UserId]
    FROM [AuditLogs] AS [a]
    ORDER BY [a].[Timestamp] DESC
    OFFSET @p ROWS FETCH NEXT @p1 ROWS ONLY
) AS [a0]
LEFT JOIN (
    SELECT [u].[Id], [u].[Address], [u].[CreatedAt], [u].[DeletedAt], [u].[Email], [u].[FailedLoginCount], [u].[FullName], [u].[IsActive], [u].[IsDeleted], [u].[IsEmailVerified], [u].[LastLoginAt], [u].[LockedUntil], [u].[PasswordHash], [u].[PhoneNumber], [u].[PreferredLanguage], [u].[ProfileImagePath], [u].[Role], [u].[SubscriptionExpiry], [u].[SubscriptionType], [u].[TwoFactorEnabled], [u].[TwoFactorSecret], [u].[UpdatedAt], [u].[Username]
    FROM [Users] AS [u]
    WHERE [u].[IsDeleted] = CAST(0 AS bit)
) AS [u0] ON [a0].[UserId] = [u0].[Id]
ORDER BY [a0].[Timestamp] DESC
2026-05-17 23:56:43.868 +06:00 [INF] Executing ViewResult, running view Admin.
2026-05-17 23:56:43.869 +06:00 [INF] Executed ViewResult - view Admin executed in 1.4767ms.
2026-05-17 23:56:43.870 +06:00 [INF] Executed action CattleFarm.Controllers.DashboardController.Index (CattleFarm) in 20.4544ms
2026-05-17 23:56:43.871 +06:00 [INF] Executed endpoint 'CattleFarm.Controllers.DashboardController.Index (CattleFarm)'
2026-05-17 23:56:43.872 +06:00 [INF] Request finished HTTP/2 GET https://localhost:7170/Dashboard/Index - 200 null text/html; charset=utf-8 28.375ms
2026-05-17 23:56:43.887 +06:00 [INF] Request starting HTTP/2 GET https://localhost:7170/_framework/aspnetcore-browser-refresh.js - null null
2026-05-17 23:56:43.890 +06:00 [INF] Request finished HTTP/2 GET https://localhost:7170/_framework/aspnetcore-browser-refresh.js - 200 14925 application/javascript; charset=utf-8 2.8664ms
2026-05-17 23:56:45.094 +06:00 [INF] Request starting HTTP/2 GET https://localhost:7170/Cattle - null null
2026-05-17 23:56:45.098 +06:00 [INF] Request finished HTTP/2 GET https://localhost:7170/Cattle - 404 null null 3.7875ms
2026-05-17 23:56:45.101 +06:00 [INF] Request reached the end of the middleware pipeline without being handled by application code. Request path: GET https://localhost:7170/Cattle, Response status code: 404
2026-05-17 23:59:33.300 +06:00 [WRN] Entity 'Cattle' has a global query filter defined and is the required end of a relationship with the entity 'Appointment'. This may lead to unexpected results when the required entity is filtered out. Either configure the navigation as optional, or define matching query filters for both entities in the navigation. See https://go.microsoft.com/fwlink/?linkid=2131316 for more information.
2026-05-17 23:59:33.321 +06:00 [WRN] Entity 'Cattle' has a global query filter defined and is the required end of a relationship with the entity 'MedicineRecord'. This may lead to unexpected results when the required entity is filtered out. Either configure the navigation as optional, or define matching query filters for both entities in the navigation. See https://go.microsoft.com/fwlink/?linkid=2131316 for more information.
2026-05-17 23:59:33.322 +06:00 [WRN] Entity 'Cattle' has a global query filter defined and is the required end of a relationship with the entity 'MilkProduction'. This may lead to unexpected results when the required entity is filtered out. Either configure the navigation as optional, or define matching query filters for both entities in the navigation. See https://go.microsoft.com/fwlink/?linkid=2131316 for more information.
2026-05-17 23:59:33.323 +06:00 [WRN] Entity 'User' has a global query filter defined and is the required end of a relationship with the entity 'Notification'. This may lead to unexpected results when the required entity is filtered out. Either configure the navigation as optional, or define matching query filters for both entities in the navigation. See https://go.microsoft.com/fwlink/?linkid=2131316 for more information.
2026-05-17 23:59:33.324 +06:00 [WRN] Entity 'User' has a global query filter defined and is the required end of a relationship with the entity 'Order'. This may lead to unexpected results when the required entity is filtered out. Either configure the navigation as optional, or define matching query filters for both entities in the navigation. See https://go.microsoft.com/fwlink/?linkid=2131316 for more information.
2026-05-17 23:59:33.324 +06:00 [WRN] Entity 'Product' has a global query filter defined and is the required end of a relationship with the entity 'OrderItem'. This may lead to unexpected results when the required entity is filtered out. Either configure the navigation as optional, or define matching query filters for both entities in the navigation. See https://go.microsoft.com/fwlink/?linkid=2131316 for more information.
2026-05-17 23:59:33.325 +06:00 [WRN] Entity 'User' has a global query filter defined and is the required end of a relationship with the entity 'Payment'. This may lead to unexpected results when the required entity is filtered out. Either configure the navigation as optional, or define matching query filters for both entities in the navigation. See https://go.microsoft.com/fwlink/?linkid=2131316 for more information.
2026-05-17 23:59:33.325 +06:00 [WRN] Entity 'User' has a global query filter defined and is the required end of a relationship with the entity 'Subscription'. This may lead to unexpected results when the required entity is filtered out. Either configure the navigation as optional, or define matching query filters for both entities in the navigation. See https://go.microsoft.com/fwlink/?linkid=2131316 for more information.
2026-05-17 23:59:33.326 +06:00 [WRN] Entity 'Cattle' has a global query filter defined and is the required end of a relationship with the entity 'Vaccination'. This may lead to unexpected results when the required entity is filtered out. Either configure the navigation as optional, or define matching query filters for both entities in the navigation. See https://go.microsoft.com/fwlink/?linkid=2131316 for more information.
2026-05-17 23:59:33.327 +06:00 [WRN] Entity 'Worker' has a global query filter defined and is the required end of a relationship with the entity 'WorkerAttendance'. This may lead to unexpected results when the required entity is filtered out. Either configure the navigation as optional, or define matching query filters for both entities in the navigation. See https://go.microsoft.com/fwlink/?linkid=2131316 for more information.
2026-05-17 23:59:33.658 +06:00 [INF] Executed DbCommand (15ms) [Parameters=[], CommandType='"Text"', CommandTimeout='30']
SELECT 1
2026-05-17 23:59:33.694 +06:00 [INF] Executed DbCommand (25ms) [Parameters=[], CommandType='"Text"', CommandTimeout='30']

IF EXISTS
    (SELECT *
     FROM [sys].[objects] o
     WHERE [o].[type] = 'U'
     AND [o].[is_ms_shipped] = 0
     AND [o].[object_id] NOT IN (SELECT [ep].[major_id]
        FROM [sys].[extended_properties] AS [ep]
        WHERE [ep].[minor_id] = 0
            AND [ep].[class] = 1
            AND [ep].[name] = N'microsoft_database_tools_support'
    )
)
SELECT 1 ELSE SELECT 0
2026-05-17 23:59:33.851 +06:00 [INF] Executed DbCommand (3ms) [Parameters=[], CommandType='"Text"', CommandTimeout='30']
SELECT CASE
    WHEN EXISTS (
        SELECT 1
        FROM [Users] AS [u]
        WHERE [u].[IsDeleted] = CAST(0 AS bit)) THEN CAST(1 AS bit)
    ELSE CAST(0 AS bit)
END
2026-05-17 23:59:33.959 +06:00 [INF] User profile is available. Using 'C:\Users\USER\AppData\Local\ASP.NET\DataProtection-Keys' as key repository and Windows DPAPI to encrypt keys at rest.
2026-05-17 23:59:34.067 +06:00 [INF] Now listening on: https://localhost:7170
2026-05-17 23:59:34.068 +06:00 [INF] Now listening on: http://localhost:5261
2026-05-17 23:59:34.086 +06:00 [INF] Application started. Press Ctrl+C to shut down.
2026-05-17 23:59:34.087 +06:00 [INF] Hosting environment: Development
2026-05-17 23:59:34.087 +06:00 [INF] Content root path: F:\VisualStudio\CattleFarm\CattleFarm
2026-05-17 23:59:34.515 +06:00 [INF] Request starting HTTP/2 GET https://localhost:7170/ - null null
2026-05-17 23:59:34.611 +06:00 [INF] Executing endpoint 'CattleFarm.Controllers.AccountController.Login (CattleFarm)'
2026-05-17 23:59:34.620 +06:00 [INF] Route matched with {action = "Login", controller = "Account"}. Executing controller action with signature Microsoft.AspNetCore.Mvc.IActionResult Login(System.String) on controller CattleFarm.Controllers.AccountController (CattleFarm).
2026-05-17 23:59:34.638 +06:00 [INF] Executing RedirectResult, redirecting to /Home/Index.
2026-05-17 23:59:34.641 +06:00 [INF] Executed action CattleFarm.Controllers.AccountController.Login (CattleFarm) in 18.6262ms
2026-05-17 23:59:34.643 +06:00 [INF] Executed endpoint 'CattleFarm.Controllers.AccountController.Login (CattleFarm)'
2026-05-17 23:59:34.647 +06:00 [INF] Request finished HTTP/2 GET https://localhost:7170/ - 302 null null 136.2876ms
2026-05-17 23:59:34.650 +06:00 [INF] Request starting HTTP/2 GET https://localhost:7170/Home/Index - null null
2026-05-17 23:59:34.655 +06:00 [INF] Executing endpoint 'CattleFarm.Controllers.HomeController.Index (CattleFarm)'
2026-05-17 23:59:34.657 +06:00 [INF] Route matched with {action = "Index", controller = "Home"}. Executing controller action with signature Microsoft.AspNetCore.Mvc.IActionResult Index() on controller CattleFarm.Controllers.HomeController (CattleFarm).
2026-05-17 23:59:34.663 +06:00 [INF] Executing ViewResult, running view Index.
2026-05-17 23:59:34.721 +06:00 [INF] Executed ViewResult - view Index executed in 60.2762ms.
2026-05-17 23:59:34.724 +06:00 [INF] Executed action CattleFarm.Controllers.HomeController.Index (CattleFarm) in 65.9802ms
2026-05-17 23:59:34.726 +06:00 [INF] Executed endpoint 'CattleFarm.Controllers.HomeController.Index (CattleFarm)'
2026-05-17 23:59:34.728 +06:00 [INF] Request finished HTTP/2 GET https://localhost:7170/Home/Index - 200 null text/html; charset=utf-8 78.1438ms
2026-05-17 23:59:34.734 +06:00 [INF] Request starting HTTP/2 GET https://localhost:7170/img/default-avatar.png - null null
2026-05-17 23:59:34.737 +06:00 [INF] Request starting HTTP/2 GET https://localhost:7170/_framework/aspnetcore-browser-refresh.js - null null
2026-05-17 23:59:34.737 +06:00 [INF] Request starting HTTP/2 GET https://localhost:7170/_vs/browserLink - null null
2026-05-17 23:59:34.744 +06:00 [INF] Request finished HTTP/2 GET https://localhost:7170/_framework/aspnetcore-browser-refresh.js - 200 14925 application/javascript; charset=utf-8 7.3001ms
2026-05-17 23:59:34.745 +06:00 [INF] Request finished HTTP/2 GET https://localhost:7170/img/default-avatar.png - 404 0 null 10.7666ms
2026-05-17 23:59:34.750 +06:00 [INF] Request reached the end of the middleware pipeline without being handled by application code. Request path: GET https://localhost:7170/img/default-avatar.png, Response status code: 404
2026-05-17 23:59:34.766 +06:00 [INF] Request finished HTTP/2 GET https://localhost:7170/_vs/browserLink - 200 null text/javascript; charset=UTF-8 29.5235ms
2026-05-17 23:59:34.897 +06:00 [INF] Request starting HTTP/2 GET https://localhost:7170/Notification/UnreadCount - null null
2026-05-17 23:59:34.908 +06:00 [INF] Executing endpoint 'CattleFarm.Controllers.NotificationController.UnreadCount (CattleFarm)'
2026-05-17 23:59:34.917 +06:00 [INF] Route matched with {action = "UnreadCount", controller = "Notification"}. Executing controller action with signature System.Threading.Tasks.Task`1[Microsoft.AspNetCore.Mvc.IActionResult] UnreadCount() on controller CattleFarm.Controllers.NotificationController (CattleFarm).
2026-05-17 23:59:35.013 +06:00 [INF] Executed DbCommand (15ms) [Parameters=[@userId='?' (DbType = Int32)], CommandType='"Text"', CommandTimeout='30']
SELECT COUNT(*)
FROM [Notifications] AS [n]
WHERE [n].[UserId] = @userId AND [n].[IsRead] = CAST(0 AS bit)
2026-05-17 23:59:35.020 +06:00 [INF] Executing JsonResult, writing value of type '<>f__AnonymousType3`1[[System.Int32, System.Private.CoreLib, Version=10.0.0.0, Culture=neutral, PublicKeyToken=7cec85d7bea7798e]]'.
2026-05-17 23:59:35.023 +06:00 [INF] Executed action CattleFarm.Controllers.NotificationController.UnreadCount (CattleFarm) in 104.2578ms
2026-05-17 23:59:35.024 +06:00 [INF] Executed endpoint 'CattleFarm.Controllers.NotificationController.UnreadCount (CattleFarm)'
2026-05-17 23:59:35.025 +06:00 [INF] Request finished HTTP/2 GET https://localhost:7170/Notification/UnreadCount - 200 null application/json; charset=utf-8 128.5225ms
2026-05-17 23:59:37.863 +06:00 [INF] Request starting HTTP/2 GET https://localhost:7170/Farm - null null
2026-05-17 23:59:37.867 +06:00 [INF] Request finished HTTP/2 GET https://localhost:7170/Farm - 404 null null 4.0817ms
2026-05-17 23:59:37.870 +06:00 [INF] Request reached the end of the middleware pipeline without being handled by application code. Request path: GET https://localhost:7170/Farm, Response status code: 404
