2026-05-24 02:31:08.966 +06:00 [WRN] Entity 'Cattle' has a global query filter defined and is the required end of a relationship with the entity 'Appointment'. This may lead to unexpected results when the required entity is filtered out. Either configure the navigation as optional, or define matching query filters for both entities in the navigation. See https://go.microsoft.com/fwlink/?linkid=2131316 for more information.
2026-05-24 02:31:08.989 +06:00 [WRN] Entity 'User' has a global query filter defined and is the required end of a relationship with the entity 'Attendance'. This may lead to unexpected results when the required entity is filtered out. Either configure the navigation as optional, or define matching query filters for both entities in the navigation. See https://go.microsoft.com/fwlink/?linkid=2131316 for more information.
2026-05-24 02:31:08.990 +06:00 [WRN] Entity 'Cattle' has a global query filter defined and is the required end of a relationship with the entity 'Breeding'. This may lead to unexpected results when the required entity is filtered out. Either configure the navigation as optional, or define matching query filters for both entities in the navigation. See https://go.microsoft.com/fwlink/?linkid=2131316 for more information.
2026-05-24 02:31:08.990 +06:00 [WRN] Entity 'Cattle' has a global query filter defined and is the required end of a relationship with the entity 'CattleShare'. This may lead to unexpected results when the required entity is filtered out. Either configure the navigation as optional, or define matching query filters for both entities in the navigation. See https://go.microsoft.com/fwlink/?linkid=2131316 for more information.
2026-05-24 02:31:08.991 +06:00 [WRN] Entity 'Farm' has a global query filter defined and is the required end of a relationship with the entity 'FeedRecord'. This may lead to unexpected results when the required entity is filtered out. Either configure the navigation as optional, or define matching query filters for both entities in the navigation. See https://go.microsoft.com/fwlink/?linkid=2131316 for more information.
2026-05-24 02:31:08.991 +06:00 [WRN] Entity 'Cattle' has a global query filter defined and is the required end of a relationship with the entity 'MedicineRecord'. This may lead to unexpected results when the required entity is filtered out. Either configure the navigation as optional, or define matching query filters for both entities in the navigation. See https://go.microsoft.com/fwlink/?linkid=2131316 for more information.
2026-05-24 02:31:08.992 +06:00 [WRN] Entity 'Cattle' has a global query filter defined and is the required end of a relationship with the entity 'MilkProduction'. This may lead to unexpected results when the required entity is filtered out. Either configure the navigation as optional, or define matching query filters for both entities in the navigation. See https://go.microsoft.com/fwlink/?linkid=2131316 for more information.
2026-05-24 02:31:08.993 +06:00 [WRN] Entity 'User' has a global query filter defined and is the required end of a relationship with the entity 'Order'. This may lead to unexpected results when the required entity is filtered out. Either configure the navigation as optional, or define matching query filters for both entities in the navigation. See https://go.microsoft.com/fwlink/?linkid=2131316 for more information.
2026-05-24 02:31:08.993 +06:00 [WRN] Entity 'Product' has a global query filter defined and is the required end of a relationship with the entity 'OrderItem'. This may lead to unexpected results when the required entity is filtered out. Either configure the navigation as optional, or define matching query filters for both entities in the navigation. See https://go.microsoft.com/fwlink/?linkid=2131316 for more information.
2026-05-24 02:31:08.994 +06:00 [WRN] Entity 'User' has a global query filter defined and is the required end of a relationship with the entity 'Payment'. This may lead to unexpected results when the required entity is filtered out. Either configure the navigation as optional, or define matching query filters for both entities in the navigation. See https://go.microsoft.com/fwlink/?linkid=2131316 for more information.
2026-05-24 02:31:08.995 +06:00 [WRN] Entity 'Farm' has a global query filter defined and is the required end of a relationship with the entity 'Payroll'. This may lead to unexpected results when the required entity is filtered out. Either configure the navigation as optional, or define matching query filters for both entities in the navigation. See https://go.microsoft.com/fwlink/?linkid=2131316 for more information.
2026-05-24 02:31:08.995 +06:00 [WRN] Entity 'Farm' has a global query filter defined and is the required end of a relationship with the entity 'SalaryHistory'. This may lead to unexpected results when the required entity is filtered out. Either configure the navigation as optional, or define matching query filters for both entities in the navigation. See https://go.microsoft.com/fwlink/?linkid=2131316 for more information.
2026-05-24 02:31:08.996 +06:00 [WRN] Entity 'User' has a global query filter defined and is the required end of a relationship with the entity 'Subscription'. This may lead to unexpected results when the required entity is filtered out. Either configure the navigation as optional, or define matching query filters for both entities in the navigation. See https://go.microsoft.com/fwlink/?linkid=2131316 for more information.
2026-05-24 02:31:08.997 +06:00 [WRN] Entity 'Cattle' has a global query filter defined and is the required end of a relationship with the entity 'Vaccination'. This may lead to unexpected results when the required entity is filtered out. Either configure the navigation as optional, or define matching query filters for both entities in the navigation. See https://go.microsoft.com/fwlink/?linkid=2131316 for more information.
2026-05-24 02:31:08.997 +06:00 [WRN] Entity 'Worker' has a global query filter defined and is the required end of a relationship with the entity 'WorkerAttendance'. This may lead to unexpected results when the required entity is filtered out. Either configure the navigation as optional, or define matching query filters for both entities in the navigation. See https://go.microsoft.com/fwlink/?linkid=2131316 for more information.
2026-05-24 02:31:09.046 +06:00 [WRN] No store type was specified for the decimal property 'Rating' on entity type 'Driver'. This will cause values to be silently truncated if they do not fit in the default precision and scale. Explicitly specify the SQL server column type that can accommodate all the values in 'OnModelCreating' using 'HasColumnType', specify precision and scale using 'HasPrecision', or configure a value converter using 'HasConversion'.
2026-05-24 02:31:09.047 +06:00 [WRN] No store type was specified for the decimal property 'CargoWeight' on entity type 'TransportRequest'. This will cause values to be silently truncated if they do not fit in the default precision and scale. Explicitly specify the SQL server column type that can accommodate all the values in 'OnModelCreating' using 'HasColumnType', specify precision and scale using 'HasPrecision', or configure a value converter using 'HasConversion'.
2026-05-24 02:31:09.048 +06:00 [WRN] No store type was specified for the decimal property 'EstimatedDistanceKm' on entity type 'TransportRequest'. This will cause values to be silently truncated if they do not fit in the default precision and scale. Explicitly specify the SQL server column type that can accommodate all the values in 'OnModelCreating' using 'HasColumnType', specify precision and scale using 'HasPrecision', or configure a value converter using 'HasConversion'.
2026-05-24 02:31:09.049 +06:00 [WRN] No store type was specified for the decimal property 'AdditionalCost' on entity type 'Trip'. This will cause values to be silently truncated if they do not fit in the default precision and scale. Explicitly specify the SQL server column type that can accommodate all the values in 'OnModelCreating' using 'HasColumnType', specify precision and scale using 'HasPrecision', or configure a value converter using 'HasConversion'.
2026-05-24 02:31:09.049 +06:00 [WRN] No store type was specified for the decimal property 'BaseCost' on entity type 'Trip'. This will cause values to be silently truncated if they do not fit in the default precision and scale. Explicitly specify the SQL server column type that can accommodate all the values in 'OnModelCreating' using 'HasColumnType', specify precision and scale using 'HasPrecision', or configure a value converter using 'HasConversion'.
2026-05-24 02:31:09.050 +06:00 [WRN] No store type was specified for the decimal property 'DistanceKm' on entity type 'Trip'. This will cause values to be silently truncated if they do not fit in the default precision and scale. Explicitly specify the SQL server column type that can accommodate all the values in 'OnModelCreating' using 'HasColumnType', specify precision and scale using 'HasPrecision', or configure a value converter using 'HasConversion'.
2026-05-24 02:31:09.051 +06:00 [WRN] No store type was specified for the decimal property 'FuelCost' on entity type 'Trip'. This will cause values to be silently truncated if they do not fit in the default precision and scale. Explicitly specify the SQL server column type that can accommodate all the values in 'OnModelCreating' using 'HasColumnType', specify precision and scale using 'HasPrecision', or configure a value converter using 'HasConversion'.
2026-05-24 02:31:09.051 +06:00 [WRN] No store type was specified for the decimal property 'FuelCostPerKm' on entity type 'Trip'. This will cause values to be silently truncated if they do not fit in the default precision and scale. Explicitly specify the SQL server column type that can accommodate all the values in 'OnModelCreating' using 'HasColumnType', specify precision and scale using 'HasPrecision', or configure a value converter using 'HasConversion'.
2026-05-24 02:31:09.052 +06:00 [WRN] No store type was specified for the decimal property 'TotalCost' on entity type 'Trip'. This will cause values to be silently truncated if they do not fit in the default precision and scale. Explicitly specify the SQL server column type that can accommodate all the values in 'OnModelCreating' using 'HasColumnType', specify precision and scale using 'HasPrecision', or configure a value converter using 'HasConversion'.
2026-05-24 02:31:09.053 +06:00 [WRN] No store type was specified for the decimal property 'Capacity' on entity type 'Vehicle'. This will cause values to be silently truncated if they do not fit in the default precision and scale. Explicitly specify the SQL server column type that can accommodate all the values in 'OnModelCreating' using 'HasColumnType', specify precision and scale using 'HasPrecision', or configure a value converter using 'HasConversion'.
2026-05-24 02:31:09.053 +06:00 [WRN] No store type was specified for the decimal property 'FuelCostPerKm' on entity type 'Vehicle'. This will cause values to be silently truncated if they do not fit in the default precision and scale. Explicitly specify the SQL server column type that can accommodate all the values in 'OnModelCreating' using 'HasColumnType', specify precision and scale using 'HasPrecision', or configure a value converter using 'HasConversion'.
2026-05-24 02:31:09.283 +06:00 [INF] Executed DbCommand (14ms) [Parameters=[], CommandType='"Text"', CommandTimeout='30']
SELECT 1
2026-05-24 02:31:09.330 +06:00 [INF] Executed DbCommand (37ms) [Parameters=[], CommandType='"Text"', CommandTimeout='30']

IF EXISTS
    (SELECT *
     FROM [sys].[objects] o
     WHERE [o].[type] = 'U'
     AND [o].[is_ms_shipped] = 0
     AND [o].[object_id] NOT IN (SELECT [ep].[major_id]
        FROM [sys].[extended_properties] AS [ep]
        WHERE [ep].[minor_id] = 0
            AND [ep].[class] = 1
            AND [ep].[name] = N'microsoft_database_tools_support'
    )
)
SELECT 1 ELSE SELECT 0
2026-05-24 02:31:09.508 +06:00 [INF] Executed DbCommand (4ms) [Parameters=[], CommandType='"Text"', CommandTimeout='30']
SELECT TOP(1) [u].[Id], [u].[Address], [u].[CreatedAt], [u].[DeletedAt], [u].[Email], [u].[FailedLoginCount], [u].[FullName], [u].[IsActive], [u].[IsDeleted], [u].[IsEmailVerified], [u].[LastLoginAt], [u].[LockedUntil], [u].[PasswordHash], [u].[PasswordResetToken], [u].[PasswordResetTokenExpiry], [u].[PhoneNumber], [u].[PreferredLanguage], [u].[ProfileImagePath], [u].[Role], [u].[SubscriptionExpiry], [u].[SubscriptionType], [u].[TwoFactorEnabled], [u].[TwoFactorSecret], [u].[UpdatedAt], [u].[Username]
FROM [Users] AS [u]
WHERE [u].[IsDeleted] = CAST(0 AS bit) AND ([u].[Email] = N'admin@cattlefarm.com' OR [u].[Username] = N'admin')
2026-05-24 02:31:24.328 +06:00 [WRN] Entity 'Cattle' has a global query filter defined and is the required end of a relationship with the entity 'Appointment'. This may lead to unexpected results when the required entity is filtered out. Either configure the navigation as optional, or define matching query filters for both entities in the navigation. See https://go.microsoft.com/fwlink/?linkid=2131316 for more information.
2026-05-24 02:31:24.356 +06:00 [WRN] Entity 'User' has a global query filter defined and is the required end of a relationship with the entity 'Attendance'. This may lead to unexpected results when the required entity is filtered out. Either configure the navigation as optional, or define matching query filters for both entities in the navigation. See https://go.microsoft.com/fwlink/?linkid=2131316 for more information.
2026-05-24 02:31:24.356 +06:00 [WRN] Entity 'Cattle' has a global query filter defined and is the required end of a relationship with the entity 'Breeding'. This may lead to unexpected results when the required entity is filtered out. Either configure the navigation as optional, or define matching query filters for both entities in the navigation. See https://go.microsoft.com/fwlink/?linkid=2131316 for more information.
2026-05-24 02:31:24.357 +06:00 [WRN] Entity 'Cattle' has a global query filter defined and is the required end of a relationship with the entity 'CattleShare'. This may lead to unexpected results when the required entity is filtered out. Either configure the navigation as optional, or define matching query filters for both entities in the navigation. See https://go.microsoft.com/fwlink/?linkid=2131316 for more information.
2026-05-24 02:31:24.358 +06:00 [WRN] Entity 'Farm' has a global query filter defined and is the required end of a relationship with the entity 'FeedRecord'. This may lead to unexpected results when the required entity is filtered out. Either configure the navigation as optional, or define matching query filters for both entities in the navigation. See https://go.microsoft.com/fwlink/?linkid=2131316 for more information.
2026-05-24 02:31:24.359 +06:00 [WRN] Entity 'Cattle' has a global query filter defined and is the required end of a relationship with the entity 'MedicineRecord'. This may lead to unexpected results when the required entity is filtered out. Either configure the navigation as optional, or define matching query filters for both entities in the navigation. See https://go.microsoft.com/fwlink/?linkid=2131316 for more information.
2026-05-24 02:31:24.359 +06:00 [WRN] Entity 'Cattle' has a global query filter defined and is the required end of a relationship with the entity 'MilkProduction'. This may lead to unexpected results when the required entity is filtered out. Either configure the navigation as optional, or define matching query filters for both entities in the navigation. See https://go.microsoft.com/fwlink/?linkid=2131316 for more information.
2026-05-24 02:31:24.360 +06:00 [WRN] Entity 'User' has a global query filter defined and is the required end of a relationship with the entity 'Order'. This may lead to unexpected results when the required entity is filtered out. Either configure the navigation as optional, or define matching query filters for both entities in the navigation. See https://go.microsoft.com/fwlink/?linkid=2131316 for more information.
2026-05-24 02:31:24.361 +06:00 [WRN] Entity 'Product' has a global query filter defined and is the required end of a relationship with the entity 'OrderItem'. This may lead to unexpected results when the required entity is filtered out. Either configure the navigation as optional, or define matching query filters for both entities in the navigation. See https://go.microsoft.com/fwlink/?linkid=2131316 for more information.
2026-05-24 02:31:24.361 +06:00 [WRN] Entity 'User' has a global query filter defined and is the required end of a relationship with the entity 'Payment'. This may lead to unexpected results when the required entity is filtered out. Either configure the navigation as optional, or define matching query filters for both entities in the navigation. See https://go.microsoft.com/fwlink/?linkid=2131316 for more information.
2026-05-24 02:31:24.362 +06:00 [WRN] Entity 'Farm' has a global query filter defined and is the required end of a relationship with the entity 'Payroll'. This may lead to unexpected results when the required entity is filtered out. Either configure the navigation as optional, or define matching query filters for both entities in the navigation. See https://go.microsoft.com/fwlink/?linkid=2131316 for more information.
2026-05-24 02:31:24.363 +06:00 [WRN] Entity 'Farm' has a global query filter defined and is the required end of a relationship with the entity 'SalaryHistory'. This may lead to unexpected results when the required entity is filtered out. Either configure the navigation as optional, or define matching query filters for both entities in the navigation. See https://go.microsoft.com/fwlink/?linkid=2131316 for more information.
2026-05-24 02:31:24.363 +06:00 [WRN] Entity 'User' has a global query filter defined and is the required end of a relationship with the entity 'Subscription'. This may lead to unexpected results when the required entity is filtered out. Either configure the navigation as optional, or define matching query filters for both entities in the navigation. See https://go.microsoft.com/fwlink/?linkid=2131316 for more information.
2026-05-24 02:31:24.364 +06:00 [WRN] Entity 'Cattle' has a global query filter defined and is the required end of a relationship with the entity 'Vaccination'. This may lead to unexpected results when the required entity is filtered out. Either configure the navigation as optional, or define matching query filters for both entities in the navigation. See https://go.microsoft.com/fwlink/?linkid=2131316 for more information.
2026-05-24 02:31:24.365 +06:00 [WRN] Entity 'Worker' has a global query filter defined and is the required end of a relationship with the entity 'WorkerAttendance'. This may lead to unexpected results when the required entity is filtered out. Either configure the navigation as optional, or define matching query filters for both entities in the navigation. See https://go.microsoft.com/fwlink/?linkid=2131316 for more information.
2026-05-24 02:31:24.407 +06:00 [WRN] No store type was specified for the decimal property 'Rating' on entity type 'Driver'. This will cause values to be silently truncated if they do not fit in the default precision and scale. Explicitly specify the SQL server column type that can accommodate all the values in 'OnModelCreating' using 'HasColumnType', specify precision and scale using 'HasPrecision', or configure a value converter using 'HasConversion'.
2026-05-24 02:31:24.408 +06:00 [WRN] No store type was specified for the decimal property 'CargoWeight' on entity type 'TransportRequest'. This will cause values to be silently truncated if they do not fit in the default precision and scale. Explicitly specify the SQL server column type that can accommodate all the values in 'OnModelCreating' using 'HasColumnType', specify precision and scale using 'HasPrecision', or configure a value converter using 'HasConversion'.
2026-05-24 02:31:24.409 +06:00 [WRN] No store type was specified for the decimal property 'EstimatedDistanceKm' on entity type 'TransportRequest'. This will cause values to be silently truncated if they do not fit in the default precision and scale. Explicitly specify the SQL server column type that can accommodate all the values in 'OnModelCreating' using 'HasColumnType', specify precision and scale using 'HasPrecision', or configure a value converter using 'HasConversion'.
2026-05-24 02:31:24.409 +06:00 [WRN] No store type was specified for the decimal property 'AdditionalCost' on entity type 'Trip'. This will cause values to be silently truncated if they do not fit in the default precision and scale. Explicitly specify the SQL server column type that can accommodate all the values in 'OnModelCreating' using 'HasColumnType', specify precision and scale using 'HasPrecision', or configure a value converter using 'HasConversion'.
2026-05-24 02:31:24.410 +06:00 [WRN] No store type was specified for the decimal property 'BaseCost' on entity type 'Trip'. This will cause values to be silently truncated if they do not fit in the default precision and scale. Explicitly specify the SQL server column type that can accommodate all the values in 'OnModelCreating' using 'HasColumnType', specify precision and scale using 'HasPrecision', or configure a value converter using 'HasConversion'.
2026-05-24 02:31:24.411 +06:00 [WRN] No store type was specified for the decimal property 'DistanceKm' on entity type 'Trip'. This will cause values to be silently truncated if they do not fit in the default precision and scale. Explicitly specify the SQL server column type that can accommodate all the values in 'OnModelCreating' using 'HasColumnType', specify precision and scale using 'HasPrecision', or configure a value converter using 'HasConversion'.
2026-05-24 02:31:24.412 +06:00 [WRN] No store type was specified for the decimal property 'FuelCost' on entity type 'Trip'. This will cause values to be silently truncated if they do not fit in the default precision and scale. Explicitly specify the SQL server column type that can accommodate all the values in 'OnModelCreating' using 'HasColumnType', specify precision and scale using 'HasPrecision', or configure a value converter using 'HasConversion'.
2026-05-24 02:31:24.412 +06:00 [WRN] No store type was specified for the decimal property 'FuelCostPerKm' on entity type 'Trip'. This will cause values to be silently truncated if they do not fit in the default precision and scale. Explicitly specify the SQL server column type that can accommodate all the values in 'OnModelCreating' using 'HasColumnType', specify precision and scale using 'HasPrecision', or configure a value converter using 'HasConversion'.
2026-05-24 02:31:24.413 +06:00 [WRN] No store type was specified for the decimal property 'TotalCost' on entity type 'Trip'. This will cause values to be silently truncated if they do not fit in the default precision and scale. Explicitly specify the SQL server column type that can accommodate all the values in 'OnModelCreating' using 'HasColumnType', specify precision and scale using 'HasPrecision', or configure a value converter using 'HasConversion'.
2026-05-24 02:31:24.414 +06:00 [WRN] No store type was specified for the decimal property 'Capacity' on entity type 'Vehicle'. This will cause values to be silently truncated if they do not fit in the default precision and scale. Explicitly specify the SQL server column type that can accommodate all the values in 'OnModelCreating' using 'HasColumnType', specify precision and scale using 'HasPrecision', or configure a value converter using 'HasConversion'.
2026-05-24 02:31:24.414 +06:00 [WRN] No store type was specified for the decimal property 'FuelCostPerKm' on entity type 'Vehicle'. This will cause values to be silently truncated if they do not fit in the default precision and scale. Explicitly specify the SQL server column type that can accommodate all the values in 'OnModelCreating' using 'HasColumnType', specify precision and scale using 'HasPrecision', or configure a value converter using 'HasConversion'.
2026-05-24 02:31:24.704 +06:00 [INF] Executed DbCommand (15ms) [Parameters=[], CommandType='"Text"', CommandTimeout='30']
SELECT 1
2026-05-24 02:31:24.740 +06:00 [INF] Executed DbCommand (26ms) [Parameters=[], CommandType='"Text"', CommandTimeout='30']

IF EXISTS
    (SELECT *
     FROM [sys].[objects] o
     WHERE [o].[type] = 'U'
     AND [o].[is_ms_shipped] = 0
     AND [o].[object_id] NOT IN (SELECT [ep].[major_id]
        FROM [sys].[extended_properties] AS [ep]
        WHERE [ep].[minor_id] = 0
            AND [ep].[class] = 1
            AND [ep].[name] = N'microsoft_database_tools_support'
    )
)
SELECT 1 ELSE SELECT 0
2026-05-24 02:31:24.922 +06:00 [INF] Executed DbCommand (5ms) [Parameters=[], CommandType='"Text"', CommandTimeout='30']
SELECT TOP(1) [u].[Id], [u].[Address], [u].[CreatedAt], [u].[DeletedAt], [u].[Email], [u].[FailedLoginCount], [u].[FullName], [u].[IsActive], [u].[IsDeleted], [u].[IsEmailVerified], [u].[LastLoginAt], [u].[LockedUntil], [u].[PasswordHash], [u].[PasswordResetToken], [u].[PasswordResetTokenExpiry], [u].[PhoneNumber], [u].[PreferredLanguage], [u].[ProfileImagePath], [u].[Role], [u].[SubscriptionExpiry], [u].[SubscriptionType], [u].[TwoFactorEnabled], [u].[TwoFactorSecret], [u].[UpdatedAt], [u].[Username]
FROM [Users] AS [u]
WHERE [u].[IsDeleted] = CAST(0 AS bit) AND ([u].[Email] = N'admin@cattlefarm.com' OR [u].[Username] = N'admin')
